\BOOKMARK [1][-]{section.1}{Introduction}{}% 1
\BOOKMARK [1][-]{section.2}{Related\040Work}{}% 2
\BOOKMARK [2][-]{subsection.2.1}{Spatiotemporal\040Epidemic\040Modelling}{section.2}% 3
\BOOKMARK [2][-]{subsection.2.2}{Multi-Scale\040Temporal\040Modelling\040and\040Multi-Horizon\040Forecasting}{section.2}% 4
\BOOKMARK [1][-]{section.3}{Methodology}{}% 5
\BOOKMARK [2][-]{subsection.3.1}{Problem\040Formulation}{section.3}% 6
\BOOKMARK [2][-]{subsection.3.2}{Temporal\040Feature\040Extraction\040Module\040\(TFEM\)}{section.3}% 7
\BOOKMARK [3][-]{subsubsection.3.2.1}{Depthwise\040Separable\040Convolutions}{subsection.3.2}% 8
\BOOKMARK [3][-]{subsubsection.3.2.2}{Low-Rank\040Feature\040Projection}{subsection.3.2}% 9
\BOOKMARK [2][-]{subsection.3.3}{Efficient\040Adaptive\040Graph\040Attention\040with\040Low-Rank\040Decomposition}{section.3}% 10
\BOOKMARK [3][-]{subsubsection.3.3.1}{Bottleneck\040Projection}{subsection.3.3}% 11
\BOOKMARK [3][-]{subsubsection.3.3.2}{Multi-Head\040Attention\040Mechanism}{subsection.3.3}% 12
\BOOKMARK [3][-]{subsubsection.3.3.3}{Learnable\040Graph\040Structure\040Bias}{subsection.3.3}% 13
\BOOKMARK [3][-]{subsubsection.3.3.4}{Self-Regulating\040Additive\040Adjacency\040Prior}{subsection.3.3}% 14
\BOOKMARK [3][-]{subsubsection.3.3.5}{Attention\040Regularisation}{subsection.3.3}% 15
\BOOKMARK [2][-]{subsection.3.4}{Multi-Scale\040Spatial\040Feature\040Module}{section.3}% 16
\BOOKMARK [3][-]{subsubsection.3.4.1}{Multi-Hop\040Graph\040Convolutions}{subsection.3.4}% 17
\BOOKMARK [3][-]{subsubsection.3.4.2}{Adaptive\040Hop\040Depth\040and\040Locality-Biased\040Fusion}{subsection.3.4}% 18
\BOOKMARK [3][-]{subsubsection.3.4.3}{Bottleneck\040Projection\040and\040Residual\040Connection}{subsection.3.4}% 19
\BOOKMARK [2][-]{subsection.3.5}{Progressive\040Multi-Horizon\040Forecast\040Refinement}{section.3}% 20
\BOOKMARK [3][-]{subsubsection.3.5.1}{Low-Rank\040Forecast\040Projection}{subsection.3.5}% 21
\BOOKMARK [3][-]{subsubsection.3.5.2}{Horizon-Specific\040Forecasting}{subsection.3.5}% 22
\BOOKMARK [3][-]{subsubsection.3.5.3}{Adaptive\040Refinement\040Mechanism}{subsection.3.5}% 23
\BOOKMARK [2][-]{subsection.3.6}{Highway\040Autoregressive\040Connection}{section.3}% 24
\BOOKMARK [1][-]{section.4}{Experimental\040Setup}{}% 25
\BOOKMARK [2][-]{subsection.4.1}{Computing\040Environment}{section.4}% 26
\BOOKMARK [2][-]{subsection.4.2}{Datasets}{section.4}% 27
\BOOKMARK [3][-]{subsubsection.4.2.1}{Influenza\040Datasets}{subsection.4.2}% 28
\BOOKMARK [3][-]{subsubsection.4.2.2}{COVID-19\040Datasets}{subsection.4.2}% 29
\BOOKMARK [2][-]{subsection.4.3}{Spatial\040Graph\040Construction}{section.4}% 30
\BOOKMARK [2][-]{subsection.4.4}{Training\040and\040Optimisation\040Strategy}{section.4}% 31
\BOOKMARK [2][-]{subsection.4.5}{Baseline\040Models}{section.4}% 32
\BOOKMARK [1][-]{section.5}{Results\040and\040Discussion}{}% 33
\BOOKMARK [2][-]{subsubsection.5.0.1}{Performance\040on\040Influenza\040Datasets}{section.5}% 34
\BOOKMARK [3][-]{subsubsection.5.0.2}{Performance\040on\040COVID-19\040Datasets}{subsubsection.5.0.1}% 35
\BOOKMARK [3][-]{subsubsection.5.0.3}{Synthesis:\040When\040MSAGAT-Net\040Succeeds}{subsubsection.5.0.1}% 36
\BOOKMARK [3][-]{subsubsection.5.0.4}{Qualitative\040Forecast\040Analysis}{subsubsection.5.0.1}% 37
\BOOKMARK [3][-]{subsubsection.5.0.5}{Learned\040Spatial\040Representations}{subsubsection.5.0.1}% 38
\BOOKMARK [2][-]{subsection.5.1}{Ablation\040Study}{section.5}% 39
\BOOKMARK [1][-]{section.6}{Conclusion}{}% 40
