\BOOKMARK [1][-]{section.1}{\376\377\000I\000n\000t\000r\000o\000d\000u\000c\000t\000i\000o\000n}{}% 1
\BOOKMARK [1][-]{section.2}{\376\377\000P\000r\000o\000b\000l\000e\000m\000\040\000F\000o\000r\000m\000u\000l\000a\000t\000i\000o\000n}{}% 2
\BOOKMARK [1][-]{section.3}{\376\377\000M\000S\000T\000G\000A\000T\000\040\000A\000r\000c\000h\000i\000t\000e\000c\000t\000u\000r\000e}{}% 3
\BOOKMARK [2][-]{subsection.3.1}{\376\377\000A\000r\000c\000h\000i\000t\000e\000c\000t\000u\000r\000a\000l\000\040\000O\000v\000e\000r\000v\000i\000e\000w}{section.3}% 4
\BOOKMARK [2][-]{subsection.3.2}{\376\377\000F\000e\000a\000t\000u\000r\000e\000\040\000E\000x\000t\000r\000a\000c\000t\000i\000o\000n\000\040\000M\000o\000d\000u\000l\000e}{section.3}% 5
\BOOKMARK [3][-]{subsubsection.3.2.1}{\376\377\000I\000n\000p\000u\000t\000\040\000T\000r\000a\000n\000s\000f\000o\000r\000m\000a\000t\000i\000o\000n}{subsection.3.2}% 6
\BOOKMARK [3][-]{subsubsection.3.2.2}{\376\377\000D\000e\000p\000t\000h\000w\000i\000s\000e\000\040\000S\000e\000p\000a\000r\000a\000b\000l\000e\000\040\000C\000o\000n\000v\000o\000l\000u\000t\000i\000o\000n\000s}{subsection.3.2}% 7
\BOOKMARK [3][-]{subsubsection.3.2.3}{\376\377\000L\000o\000w\000-\000R\000a\000n\000k\000\040\000F\000e\000a\000t\000u\000r\000e\000\040\000P\000r\000o\000j\000e\000c\000t\000i\000o\000n}{subsection.3.2}% 8
\BOOKMARK [3][-]{subsubsection.3.2.4}{\376\377\000T\000h\000e\000o\000r\000e\000t\000i\000c\000a\000l\000\040\000I\000n\000s\000i\000g\000h\000t\000s\000\040\000o\000n\000\040\000F\000e\000a\000t\000u\000r\000e\000\040\000E\000x\000t\000r\000a\000c\000t\000i\000o\000n}{subsection.3.2}% 9
\BOOKMARK [2][-]{subsection.3.3}{\376\377\000S\000p\000a\000t\000i\000a\000l\000\040\000D\000e\000p\000e\000n\000d\000e\000n\000c\000y\000\040\000M\000o\000d\000e\000l\000i\000n\000g}{section.3}% 10
\BOOKMARK [3][-]{subsubsection.3.3.1}{\376\377\000M\000o\000t\000i\000v\000a\000t\000i\000o\000n\000\040\000a\000n\000d\000\040\000T\000h\000e\000o\000r\000e\000t\000i\000c\000a\000l\000\040\000F\000o\000u\000n\000d\000a\000t\000i\000o\000n\000s}{subsection.3.3}% 11
\BOOKMARK [3][-]{subsubsection.3.3.2}{\376\377\000L\000o\000w\000-\000R\000a\000n\000k\000\040\000G\000r\000a\000p\000h\000\040\000A\000t\000t\000e\000n\000t\000i\000o\000n}{subsection.3.3}% 12
\BOOKMARK [3][-]{subsubsection.3.3.3}{\376\377\000L\000e\000a\000r\000n\000a\000b\000l\000e\000\040\000G\000r\000a\000p\000h\000\040\000S\000t\000r\000u\000c\000t\000u\000r\000e}{subsection.3.3}% 13
\BOOKMARK [3][-]{subsubsection.3.3.4}{\376\377\000E\000n\000h\000a\000n\000c\000e\000d\000\040\000A\000t\000t\000e\000n\000t\000i\000o\000n\000\040\000M\000e\000c\000h\000a\000n\000i\000s\000m}{subsection.3.3}% 14
\BOOKMARK [3][-]{subsubsection.3.3.5}{\376\377\000O\000u\000t\000p\000u\000t\000\040\000P\000r\000o\000j\000e\000c\000t\000i\000o\000n\000\040\000a\000n\000d\000\040\000R\000e\000s\000i\000d\000u\000a\000l\000\040\000C\000o\000n\000n\000e\000c\000t\000i\000o\000n}{subsection.3.3}% 15
\BOOKMARK [3][-]{subsubsection.3.3.6}{\376\377\000A\000t\000t\000e\000n\000t\000i\000o\000n\000\040\000R\000e\000g\000u\000l\000a\000r\000i\000z\000a\000t\000i\000o\000n}{subsection.3.3}% 16
\BOOKMARK [3][-]{subsubsection.3.3.7}{\376\377\000I\000n\000t\000e\000r\000p\000r\000e\000t\000a\000b\000i\000l\000i\000t\000y\000\040\000o\000f\000\040\000L\000e\000a\000r\000n\000e\000d\000\040\000S\000p\000a\000t\000i\000a\000l\000\040\000R\000e\000l\000a\000t\000i\000o\000n\000s\000h\000i\000p\000s}{subsection.3.3}% 17
\BOOKMARK [2][-]{subsection.3.4}{\376\377\000M\000u\000l\000t\000i\000-\000S\000c\000a\000l\000e\000\040\000T\000e\000m\000p\000o\000r\000a\000l\000\040\000M\000o\000d\000e\000l\000i\000n\000g}{section.3}% 18
\BOOKMARK [3][-]{subsubsection.3.4.1}{\376\377\000M\000o\000t\000i\000v\000a\000t\000i\000o\000n\000\040\000a\000n\000d\000\040\000T\000h\000e\000o\000r\000e\000t\000i\000c\000a\000l\000\040\000F\000o\000u\000n\000d\000a\000t\000i\000o\000n\000s}{subsection.3.4}% 19
\BOOKMARK [3][-]{subsubsection.3.4.2}{\376\377\000M\000u\000l\000t\000i\000-\000S\000c\000a\000l\000e\000\040\000D\000i\000l\000a\000t\000e\000d\000\040\000C\000o\000n\000v\000o\000l\000u\000t\000i\000o\000n\000s}{subsection.3.4}% 20
\BOOKMARK [3][-]{subsubsection.3.4.3}{\376\377\000A\000d\000a\000p\000t\000i\000v\000e\000\040\000F\000u\000s\000i\000o\000n\000\040\000M\000e\000c\000h\000a\000n\000i\000s\000m}{subsection.3.4}% 21
\BOOKMARK [3][-]{subsubsection.3.4.4}{\376\377\000L\000o\000w\000-\000R\000a\000n\000k\000\040\000P\000r\000o\000j\000e\000c\000t\000i\000o\000n\000\040\000a\000n\000d\000\040\000R\000e\000s\000i\000d\000u\000a\000l\000\040\000C\000o\000n\000n\000e\000c\000t\000i\000o\000n}{subsection.3.4}% 22
\BOOKMARK [3][-]{subsubsection.3.4.5}{\376\377\000T\000h\000e\000o\000r\000e\000t\000i\000c\000a\000l\000\040\000I\000n\000s\000i\000g\000h\000t\000s\000\040\000o\000n\000\040\000M\000u\000l\000t\000i\000-\000S\000c\000a\000l\000e\000\040\000T\000e\000m\000p\000o\000r\000a\000l\000\040\000M\000o\000d\000e\000l\000i\000n\000g}{subsection.3.4}% 23
\BOOKMARK [2][-]{subsection.3.5}{\376\377\000H\000o\000r\000i\000z\000o\000n\000\040\000P\000r\000e\000d\000i\000c\000t\000i\000o\000n\000\040\000w\000i\000t\000h\000\040\000A\000d\000a\000p\000t\000i\000v\000e\000\040\000R\000e\000f\000i\000n\000e\000m\000e\000n\000t}{section.3}% 24
\BOOKMARK [3][-]{subsubsection.3.5.1}{\376\377\000M\000o\000t\000i\000v\000a\000t\000i\000o\000n}{subsection.3.5}% 25
\BOOKMARK [3][-]{subsubsection.3.5.2}{\376\377\000B\000o\000t\000t\000l\000e\000n\000e\000c\000k\000\040\000P\000r\000e\000d\000i\000c\000t\000i\000o\000n\000\040\000A\000r\000c\000h\000i\000t\000e\000c\000t\000u\000r\000e}{subsection.3.5}% 26
\BOOKMARK [3][-]{subsubsection.3.5.3}{\376\377\000A\000d\000a\000p\000t\000i\000v\000e\000\040\000R\000e\000f\000i\000n\000e\000m\000e\000n\000t\000\040\000G\000a\000t\000e}{subsection.3.5}% 27
\BOOKMARK [3][-]{subsubsection.3.5.4}{\376\377\000E\000x\000p\000o\000n\000e\000n\000t\000i\000a\000l\000\040\000D\000e\000c\000a\000y\000\040\000f\000r\000o\000m\000\040\000L\000a\000s\000t\000\040\000O\000b\000s\000e\000r\000v\000a\000t\000i\000o\000n}{subsection.3.5}% 28
\BOOKMARK [3][-]{subsubsection.3.5.5}{\376\377\000A\000d\000a\000p\000t\000i\000v\000e\000\040\000F\000u\000s\000i\000o\000n\000\040\000o\000f\000\040\000P\000r\000e\000d\000i\000c\000t\000i\000o\000n\000s}{subsection.3.5}% 29
\BOOKMARK [3][-]{subsubsection.3.5.6}{\376\377\000T\000h\000e\000o\000r\000e\000t\000i\000c\000a\000l\000\040\000I\000n\000s\000i\000g\000h\000t\000s\000\040\000o\000n\000\040\000A\000d\000a\000p\000t\000i\000v\000e\000\040\000R\000e\000f\000i\000n\000e\000m\000e\000n\000t}{subsection.3.5}% 30
\BOOKMARK [2][-]{subsection.3.6}{\376\377\000I\000n\000t\000e\000g\000r\000a\000t\000i\000o\000n\000\040\000o\000f\000\040\000C\000o\000m\000p\000o\000n\000e\000n\000t\000s\000\040\000a\000n\000d\000\040\000I\000n\000f\000o\000r\000m\000a\000t\000i\000o\000n\000\040\000F\000l\000o\000w}{section.3}% 31
\BOOKMARK [1][-]{section.4}{\376\377\000T\000h\000e\000o\000r\000e\000t\000i\000c\000a\000l\000\040\000A\000n\000a\000l\000y\000s\000i\000s}{}% 32
\BOOKMARK [2][-]{subsection.4.1}{\376\377\000E\000x\000p\000r\000e\000s\000s\000i\000v\000i\000t\000y\000\040\000A\000n\000a\000l\000y\000s\000i\000s}{section.4}% 33
\BOOKMARK [3][-]{subsubsection.4.1.1}{\376\377\000S\000p\000a\000t\000i\000a\000l\000\040\000E\000x\000p\000r\000e\000s\000s\000i\000v\000i\000t\000y}{subsection.4.1}% 34
\BOOKMARK [3][-]{subsubsection.4.1.2}{\376\377\000T\000e\000m\000p\000o\000r\000a\000l\000\040\000E\000x\000p\000r\000e\000s\000s\000i\000v\000i\000t\000y}{subsection.4.1}% 35
\BOOKMARK [3][-]{subsubsection.4.1.3}{\376\377\000C\000o\000m\000b\000i\000n\000e\000d\000\040\000S\000p\000a\000t\000i\000o\000t\000e\000m\000p\000o\000r\000a\000l\000\040\000E\000x\000p\000r\000e\000s\000s\000i\000v\000i\000t\000y}{subsection.4.1}% 36
\BOOKMARK [2][-]{subsection.4.2}{\376\377\000C\000o\000m\000p\000u\000t\000a\000t\000i\000o\000n\000a\000l\000\040\000C\000o\000m\000p\000l\000e\000x\000i\000t\000y\000\040\000A\000n\000a\000l\000y\000s\000i\000s}{section.4}% 37
\BOOKMARK [3][-]{subsubsection.4.2.1}{\376\377\000F\000e\000a\000t\000u\000r\000e\000\040\000E\000x\000t\000r\000a\000c\000t\000i\000o\000n\000\040\000M\000o\000d\000u\000l\000e}{subsection.4.2}% 38
\BOOKMARK [3][-]{subsubsection.4.2.2}{\376\377\000S\000p\000a\000t\000i\000a\000l\000\040\000A\000t\000t\000e\000n\000t\000i\000o\000n\000\040\000M\000o\000d\000u\000l\000e}{subsection.4.2}% 39
\BOOKMARK [3][-]{subsubsection.4.2.3}{\376\377\000T\000e\000m\000p\000o\000r\000a\000l\000\040\000M\000o\000d\000u\000l\000e}{subsection.4.2}% 40
\BOOKMARK [3][-]{subsubsection.4.2.4}{\376\377\000P\000r\000e\000d\000i\000c\000t\000i\000o\000n\000\040\000M\000o\000d\000u\000l\000e}{subsection.4.2}% 41
\BOOKMARK [3][-]{subsubsection.4.2.5}{\376\377\000O\000v\000e\000r\000a\000l\000l\000\040\000C\000o\000m\000p\000l\000e\000x\000i\000t\000y}{subsection.4.2}% 42
\BOOKMARK [2][-]{subsection.4.3}{\376\377\000M\000e\000m\000o\000r\000y\000\040\000R\000e\000q\000u\000i\000r\000e\000m\000e\000n\000t\000s\000\040\000A\000n\000a\000l\000y\000s\000i\000s}{section.4}% 43
\BOOKMARK [3][-]{subsubsection.4.3.1}{\376\377\000P\000a\000r\000a\000m\000e\000t\000e\000r\000\040\000M\000e\000m\000o\000r\000y}{subsection.4.3}% 44
\BOOKMARK [3][-]{subsubsection.4.3.2}{\376\377\000A\000c\000t\000i\000v\000a\000t\000i\000o\000n\000\040\000M\000e\000m\000o\000r\000y}{subsection.4.3}% 45
\BOOKMARK [1][-]{section.5}{\376\377\000I\000m\000p\000l\000e\000m\000e\000n\000t\000a\000t\000i\000o\000n\000\040\000C\000o\000n\000s\000i\000d\000e\000r\000a\000t\000i\000o\000n\000s}{}% 46
\BOOKMARK [2][-]{subsection.5.1}{\376\377\000D\000a\000t\000a\000\040\000P\000r\000e\000p\000r\000o\000c\000e\000s\000s\000i\000n\000g}{section.5}% 47
\BOOKMARK [2][-]{subsection.5.2}{\376\377\000T\000r\000a\000i\000n\000i\000n\000g\000\040\000S\000t\000r\000a\000t\000e\000g\000i\000e\000s}{section.5}% 48
\BOOKMARK [3][-]{subsubsection.5.2.1}{\376\377\000L\000o\000s\000s\000\040\000F\000u\000n\000c\000t\000i\000o\000n}{subsection.5.2}% 49
\BOOKMARK [3][-]{subsubsection.5.2.2}{\376\377\000L\000e\000a\000r\000n\000i\000n\000g\000\040\000R\000a\000t\000e\000\040\000S\000c\000h\000e\000d\000u\000l\000e}{subsection.5.2}% 50
\BOOKMARK [3][-]{subsubsection.5.2.3}{\376\377\000G\000r\000a\000d\000i\000e\000n\000t\000\040\000C\000l\000i\000p\000p\000i\000n\000g}{subsection.5.2}% 51
\BOOKMARK [3][-]{subsubsection.5.2.4}{\376\377\000T\000r\000a\000i\000n\000i\000n\000g\000\040\000R\000e\000g\000i\000m\000e}{subsection.5.2}% 52
\BOOKMARK [2][-]{subsection.5.3}{\376\377\000H\000y\000p\000e\000r\000p\000a\000r\000a\000m\000e\000t\000e\000r\000\040\000S\000e\000l\000e\000c\000t\000i\000o\000n}{section.5}% 53
\BOOKMARK [2][-]{subsection.5.4}{\376\377\000H\000a\000r\000d\000w\000a\000r\000e\000\040\000C\000o\000n\000s\000i\000d\000e\000r\000a\000t\000i\000o\000n\000s}{section.5}% 54
\BOOKMARK [1][-]{section.6}{\376\377\000M\000o\000d\000e\000l\000\040\000V\000a\000r\000i\000a\000n\000t\000s\000\040\000a\000n\000d\000\040\000A\000b\000l\000a\000t\000i\000o\000n\000s}{}% 55
\BOOKMARK [2][-]{subsection.6.1}{\376\377\000F\000e\000a\000t\000u\000r\000e\000\040\000E\000x\000t\000r\000a\000c\000t\000i\000o\000n\000\040\000V\000a\000r\000i\000a\000n\000t\000s}{section.6}% 56
\BOOKMARK [3][-]{subsubsection.6.1.1}{\376\377\000S\000t\000a\000n\000d\000a\000r\000d\000\040\000C\000o\000n\000v\000o\000l\000u\000t\000i\000o\000n\000\040\000v\000s\000.\000\040\000D\000e\000p\000t\000h\000w\000i\000s\000e\000\040\000S\000e\000p\000a\000r\000a\000b\000l\000e\000\040\000C\000o\000n\000v\000o\000l\000u\000t\000i\000o\000n}{subsection.6.1}% 57
\BOOKMARK [3][-]{subsubsection.6.1.2}{\376\377\000D\000i\000r\000e\000c\000t\000\040\000P\000r\000o\000j\000e\000c\000t\000i\000o\000n\000\040\000v\000s\000.\000\040\000L\000o\000w\000-\000R\000a\000n\000k\000\040\000P\000r\000o\000j\000e\000c\000t\000i\000o\000n}{subsection.6.1}% 58
\BOOKMARK [2][-]{subsection.6.2}{\376\377\000S\000p\000a\000t\000i\000a\000l\000\040\000M\000o\000d\000e\000l\000i\000n\000g\000\040\000V\000a\000r\000i\000a\000n\000t\000s}{section.6}% 59
\BOOKMARK [3][-]{subsubsection.6.2.1}{\376\377\000P\000r\000e\000d\000e\000f\000i\000n\000e\000d\000\040\000G\000r\000a\000p\000h\000\040\000v\000s\000.\000\040\000L\000e\000a\000r\000n\000e\000d\000\040\000G\000r\000a\000p\000h}{subsection.6.2}% 60
\BOOKMARK [3][-]{subsubsection.6.2.2}{\376\377\000F\000u\000l\000l\000-\000R\000a\000n\000k\000\040\000G\000r\000a\000p\000h\000\040\000A\000t\000t\000e\000n\000t\000i\000o\000n\000\040\000v\000s\000.\000\040\000L\000o\000w\000-\000R\000a\000n\000k\000\040\000G\000r\000a\000p\000h\000\040\000A\000t\000t\000e\000n\000t\000i\000o\000n}{subsection.6.2}% 61
\BOOKMARK [2][-]{subsection.6.3}{\376\377\000T\000e\000m\000p\000o\000r\000a\000l\000\040\000M\000o\000d\000e\000l\000i\000n\000g\000\040\000V\000a\000r\000i\000a\000n\000t\000s}{section.6}% 62
\BOOKMARK [3][-]{subsubsection.6.3.1}{\376\377\000S\000i\000n\000g\000l\000e\000-\000S\000c\000a\000l\000e\000\040\000v\000s\000.\000\040\000M\000u\000l\000t\000i\000-\000S\000c\000a\000l\000e}{subsection.6.3}% 63
\BOOKMARK [3][-]{subsubsection.6.3.2}{\376\377\000F\000i\000x\000e\000d\000\040\000F\000u\000s\000i\000o\000n\000\040\000v\000s\000.\000\040\000A\000d\000a\000p\000t\000i\000v\000e\000\040\000F\000u\000s\000i\000o\000n}{subsection.6.3}% 64
\BOOKMARK [2][-]{subsection.6.4}{\376\377\000P\000r\000e\000d\000i\000c\000t\000i\000o\000n\000\040\000V\000a\000r\000i\000a\000n\000t\000s}{section.6}% 65
\BOOKMARK [3][-]{subsubsection.6.4.1}{\376\377\000D\000i\000r\000e\000c\000t\000\040\000P\000r\000e\000d\000i\000c\000t\000i\000o\000n\000\040\000v\000s\000.\000\040\000A\000d\000a\000p\000t\000i\000v\000e\000\040\000R\000e\000f\000i\000n\000e\000m\000e\000n\000t}{subsection.6.4}% 66
\BOOKMARK [3][-]{subsubsection.6.4.2}{\376\377\000A\000l\000t\000e\000r\000n\000a\000t\000i\000v\000e\000\040\000R\000e\000f\000i\000n\000e\000m\000e\000n\000t\000\040\000A\000p\000p\000r\000o\000a\000c\000h\000e\000s}{subsection.6.4}% 67
\BOOKMARK [1][-]{section.7}{\376\377\000L\000i\000m\000i\000t\000a\000t\000i\000o\000n\000s\000\040\000a\000n\000d\000\040\000F\000u\000t\000u\000r\000e\000\040\000D\000i\000r\000e\000c\000t\000i\000o\000n\000s}{}% 68
\BOOKMARK [2][-]{subsection.7.1}{\376\377\000C\000u\000r\000r\000e\000n\000t\000\040\000L\000i\000m\000i\000t\000a\000t\000i\000o\000n\000s}{section.7}% 69
\BOOKMARK [3][-]{subsubsection.7.1.1}{\376\377\000S\000c\000a\000l\000a\000b\000i\000l\000i\000t\000y\000\040\000t\000o\000\040\000V\000e\000r\000y\000\040\000L\000a\000r\000g\000e\000\040\000G\000r\000a\000p\000h\000s}{subsection.7.1}% 70
\BOOKMARK [3][-]{subsubsection.7.1.2}{\376\377\000H\000a\000n\000d\000l\000i\000n\000g\000\040\000M\000u\000l\000t\000i\000p\000l\000e\000\040\000V\000a\000r\000i\000a\000b\000l\000e\000s}{subsection.7.1}% 71
\BOOKMARK [3][-]{subsubsection.7.1.3}{\376\377\000I\000n\000t\000e\000r\000p\000r\000e\000t\000a\000b\000i\000l\000i\000t\000y\000\040\000C\000h\000a\000l\000l\000e\000n\000g\000e\000s}{subsection.7.1}% 72
\BOOKMARK [3][-]{subsubsection.7.1.4}{\376\377\000U\000n\000c\000e\000r\000t\000a\000i\000n\000t\000y\000\040\000Q\000u\000a\000n\000t\000i\000f\000i\000c\000a\000t\000i\000o\000n}{subsection.7.1}% 73
\BOOKMARK [2][-]{subsection.7.2}{\376\377\000F\000u\000t\000u\000r\000e\000\040\000R\000e\000s\000e\000a\000r\000c\000h\000\040\000D\000i\000r\000e\000c\000t\000i\000o\000n\000s}{section.7}% 74
\BOOKMARK [3][-]{subsubsection.7.2.1}{\376\377\000H\000i\000e\000r\000a\000r\000c\000h\000i\000c\000a\000l\000\040\000G\000r\000a\000p\000h\000\040\000M\000o\000d\000e\000l\000i\000n\000g}{subsection.7.2}% 75
\BOOKMARK [3][-]{subsubsection.7.2.2}{\376\377\000M\000u\000l\000t\000i\000v\000a\000r\000i\000a\000t\000e\000\040\000F\000o\000r\000e\000c\000a\000s\000t\000i\000n\000g}{subsection.7.2}% 76
\BOOKMARK [3][-]{subsubsection.7.2.3}{\376\377\000P\000r\000o\000b\000a\000b\000i\000l\000i\000s\000t\000i\000c\000\040\000F\000o\000r\000e\000c\000a\000s\000t\000i\000n\000g}{subsection.7.2}% 77
\BOOKMARK [3][-]{subsubsection.7.2.4}{\376\377\000C\000a\000u\000s\000a\000l\000\040\000M\000o\000d\000e\000l\000i\000n\000g}{subsection.7.2}% 78
\BOOKMARK [3][-]{subsubsection.7.2.5}{\376\377\000T\000r\000a\000n\000s\000f\000e\000r\000\040\000L\000e\000a\000r\000n\000i\000n\000g\000\040\000a\000n\000d\000\040\000F\000e\000w\000-\000S\000h\000o\000t\000\040\000A\000d\000a\000p\000t\000a\000t\000i\000o\000n}{subsection.7.2}% 79
\BOOKMARK [3][-]{subsubsection.7.2.6}{\376\377\000I\000n\000t\000e\000g\000r\000a\000t\000i\000o\000n\000\040\000w\000i\000t\000h\000\040\000D\000o\000m\000a\000i\000n\000\040\000K\000n\000o\000w\000l\000e\000d\000g\000e}{subsection.7.2}% 80
\BOOKMARK [2][-]{subsection.7.3}{\376\377\000B\000r\000o\000a\000d\000e\000r\000\040\000I\000m\000p\000a\000c\000t\000\040\000a\000n\000d\000\040\000A\000p\000p\000l\000i\000c\000a\000t\000i\000o\000n\000s}{section.7}% 81
\BOOKMARK [1][-]{section.8}{\376\377\000C\000o\000n\000c\000l\000u\000s\000i\000o\000n}{}% 82
