2026-01-14 23:18:40,360 INFO: Logging to C:\Users\ajaoo\Documents\GitHub\MSAGAT-Net\logs\run_experiments_20260114_231840.log
2026-01-14 23:18:40,360 INFO: Starting batch experiments
2026-01-14 23:18:40,361 INFO: Skipping existing: japan h=3 ablation=none model=msagat
2026-01-14 23:18:40,362 INFO: Skipping existing: japan h=3 ablation=no_agam model=msagat
2026-01-14 23:18:40,362 INFO: Skipping existing: japan h=3 ablation=no_mtfm model=msagat
2026-01-14 23:18:40,363 INFO: Skipping existing: japan h=3 ablation=no_pprm model=msagat
2026-01-14 23:18:40,364 INFO: Skipping existing: japan h=5 ablation=none model=msagat
2026-01-14 23:18:40,365 INFO: Skipping existing: japan h=5 ablation=no_agam model=msagat
2026-01-14 23:18:40,365 INFO: Skipping existing: japan h=5 ablation=no_mtfm model=msagat
2026-01-14 23:18:40,366 INFO: Skipping existing: japan h=5 ablation=no_pprm model=msagat
2026-01-14 23:18:40,367 INFO: Skipping existing: japan h=10 ablation=none model=msagat
2026-01-14 23:18:40,367 INFO: Skipping existing: japan h=10 ablation=no_agam model=msagat
2026-01-14 23:18:40,368 INFO: Skipping existing: japan h=10 ablation=no_mtfm model=msagat
2026-01-14 23:18:40,369 INFO: Skipping existing: japan h=10 ablation=no_pprm model=msagat
2026-01-14 23:18:40,369 INFO: Skipping existing: japan h=15 ablation=none model=msagat
2026-01-14 23:18:40,370 INFO: Skipping existing: japan h=15 ablation=no_agam model=msagat
2026-01-14 23:18:40,370 INFO: Skipping existing: japan h=15 ablation=no_mtfm model=msagat
2026-01-14 23:18:40,371 INFO: Skipping existing: japan h=15 ablation=no_pprm model=msagat
2026-01-14 23:18:40,372 INFO: Skipping existing: region785 h=3 ablation=none model=msagat
2026-01-14 23:18:40,372 INFO: Skipping existing: region785 h=3 ablation=no_agam model=msagat
2026-01-14 23:18:40,373 INFO: Skipping existing: region785 h=3 ablation=no_mtfm model=msagat
2026-01-14 23:18:40,374 INFO: Skipping existing: region785 h=3 ablation=no_pprm model=msagat
2026-01-14 23:18:40,374 INFO: Skipping existing: region785 h=5 ablation=none model=msagat
2026-01-14 23:18:40,374 INFO: Skipping existing: region785 h=5 ablation=no_agam model=msagat
2026-01-14 23:18:40,374 INFO: Skipping existing: region785 h=5 ablation=no_mtfm model=msagat
2026-01-14 23:18:40,374 INFO: Skipping existing: region785 h=5 ablation=no_pprm model=msagat
2026-01-14 23:18:40,376 INFO: Skipping existing: region785 h=10 ablation=none model=msagat
2026-01-14 23:18:40,376 INFO: Skipping existing: region785 h=10 ablation=no_agam model=msagat
2026-01-14 23:18:40,377 INFO: Skipping existing: region785 h=10 ablation=no_mtfm model=msagat
2026-01-14 23:18:40,378 INFO: Skipping existing: region785 h=10 ablation=no_pprm model=msagat
2026-01-14 23:18:40,378 INFO: Skipping existing: region785 h=15 ablation=none model=msagat
2026-01-14 23:18:40,378 INFO: Skipping existing: region785 h=15 ablation=no_agam model=msagat
2026-01-14 23:18:40,380 INFO: Skipping existing: region785 h=15 ablation=no_mtfm model=msagat
2026-01-14 23:18:40,380 INFO: Skipping existing: region785 h=15 ablation=no_pprm model=msagat
2026-01-14 23:18:40,382 INFO: Skipping existing: state360 h=3 ablation=none model=msagat
2026-01-14 23:18:40,382 INFO: Skipping existing: state360 h=3 ablation=no_agam model=msagat
2026-01-14 23:18:40,383 INFO: Skipping existing: state360 h=3 ablation=no_mtfm model=msagat
2026-01-14 23:18:40,384 INFO: Skipping existing: state360 h=3 ablation=no_pprm model=msagat
2026-01-14 23:18:40,384 INFO: Skipping existing: state360 h=5 ablation=none model=msagat
2026-01-14 23:18:40,385 INFO: Skipping existing: state360 h=5 ablation=no_agam model=msagat
2026-01-14 23:18:40,385 INFO: Skipping existing: state360 h=5 ablation=no_mtfm model=msagat
2026-01-14 23:18:40,385 INFO: Skipping existing: state360 h=5 ablation=no_pprm model=msagat
2026-01-14 23:18:40,387 INFO: Skipping existing: state360 h=10 ablation=none model=msagat
2026-01-14 23:18:40,388 INFO: Skipping existing: state360 h=10 ablation=no_agam model=msagat
2026-01-14 23:18:40,389 INFO: Skipping existing: state360 h=10 ablation=no_mtfm model=msagat
2026-01-14 23:18:40,389 INFO: Skipping existing: state360 h=10 ablation=no_pprm model=msagat
2026-01-14 23:18:40,390 INFO: Skipping existing: state360 h=15 ablation=none model=msagat
2026-01-14 23:18:40,390 INFO: Skipping existing: state360 h=15 ablation=no_agam model=msagat
2026-01-14 23:18:40,390 INFO: Skipping existing: state360 h=15 ablation=no_mtfm model=msagat
2026-01-14 23:18:40,390 INFO: Skipping existing: state360 h=15 ablation=no_pprm model=msagat
2026-01-14 23:18:40,392 INFO: Skipping existing: australia-covid h=3 ablation=none model=msagat
2026-01-14 23:18:40,392 INFO: Skipping existing: australia-covid h=3 ablation=no_agam model=msagat
2026-01-14 23:18:40,393 INFO: Skipping existing: australia-covid h=3 ablation=no_mtfm model=msagat
2026-01-14 23:18:40,393 INFO: Skipping existing: australia-covid h=3 ablation=no_pprm model=msagat
2026-01-14 23:22:36,677 INFO: Training completed: C:\Users\ajaoo\miniconda3\envs\dl_env\python.exe C:\Users\ajaoo\Documents\GitHub\MSAGAT-Net\src\train.py --dataset australia-covid --sim_mat australia-adj --window 20...
2026-01-14 23:24:40,204 INFO: Training completed: C:\Users\ajaoo\miniconda3\envs\dl_env\python.exe C:\Users\ajaoo\Documents\GitHub\MSAGAT-Net\src\train.py --dataset australia-covid --sim_mat australia-adj --window 20...
2026-01-14 23:25:04,087 INFO: Training completed: C:\Users\ajaoo\miniconda3\envs\dl_env\python.exe C:\Users\ajaoo\Documents\GitHub\MSAGAT-Net\src\train.py --dataset australia-covid --sim_mat australia-adj --window 20...
2026-01-14 23:26:30,698 INFO: Training completed: C:\Users\ajaoo\miniconda3\envs\dl_env\python.exe C:\Users\ajaoo\Documents\GitHub\MSAGAT-Net\src\train.py --dataset australia-covid --sim_mat australia-adj --window 20...
2026-01-14 23:29:32,351 INFO: Training completed: C:\Users\ajaoo\miniconda3\envs\dl_env\python.exe C:\Users\ajaoo\Documents\GitHub\MSAGAT-Net\src\train.py --dataset australia-covid --sim_mat australia-adj --window 20...
2026-01-14 23:32:27,613 INFO: Training completed: C:\Users\ajaoo\miniconda3\envs\dl_env\python.exe C:\Users\ajaoo\Documents\GitHub\MSAGAT-Net\src\train.py --dataset australia-covid --sim_mat australia-adj --window 20...
2026-01-14 23:32:54,537 INFO: Training completed: C:\Users\ajaoo\miniconda3\envs\dl_env\python.exe C:\Users\ajaoo\Documents\GitHub\MSAGAT-Net\src\train.py --dataset australia-covid --sim_mat australia-adj --window 20...
2026-01-14 23:35:08,942 INFO: Training completed: C:\Users\ajaoo\miniconda3\envs\dl_env\python.exe C:\Users\ajaoo\Documents\GitHub\MSAGAT-Net\src\train.py --dataset australia-covid --sim_mat australia-adj --window 20...
2026-01-14 23:35:38,985 INFO: Training completed: C:\Users\ajaoo\miniconda3\envs\dl_env\python.exe C:\Users\ajaoo\Documents\GitHub\MSAGAT-Net\src\train.py --dataset spain-covid --sim_mat spain-adj --window 20...
2026-01-14 23:36:06,531 INFO: Training completed: C:\Users\ajaoo\miniconda3\envs\dl_env\python.exe C:\Users\ajaoo\Documents\GitHub\MSAGAT-Net\src\train.py --dataset spain-covid --sim_mat spain-adj --window 20...
2026-01-14 23:36:28,052 INFO: Training completed: C:\Users\ajaoo\miniconda3\envs\dl_env\python.exe C:\Users\ajaoo\Documents\GitHub\MSAGAT-Net\src\train.py --dataset spain-covid --sim_mat spain-adj --window 20...
2026-01-14 23:37:00,510 INFO: Training completed: C:\Users\ajaoo\miniconda3\envs\dl_env\python.exe C:\Users\ajaoo\Documents\GitHub\MSAGAT-Net\src\train.py --dataset spain-covid --sim_mat spain-adj --window 20...
2026-01-14 23:37:41,127 INFO: Training completed: C:\Users\ajaoo\miniconda3\envs\dl_env\python.exe C:\Users\ajaoo\Documents\GitHub\MSAGAT-Net\src\train.py --dataset spain-covid --sim_mat spain-adj --window 20...
2026-01-14 23:38:14,541 INFO: Training completed: C:\Users\ajaoo\miniconda3\envs\dl_env\python.exe C:\Users\ajaoo\Documents\GitHub\MSAGAT-Net\src\train.py --dataset spain-covid --sim_mat spain-adj --window 20...
2026-01-14 23:38:31,357 INFO: Training completed: C:\Users\ajaoo\miniconda3\envs\dl_env\python.exe C:\Users\ajaoo\Documents\GitHub\MSAGAT-Net\src\train.py --dataset spain-covid --sim_mat spain-adj --window 20...
2026-01-14 23:39:00,918 INFO: Training completed: C:\Users\ajaoo\miniconda3\envs\dl_env\python.exe C:\Users\ajaoo\Documents\GitHub\MSAGAT-Net\src\train.py --dataset spain-covid --sim_mat spain-adj --window 20...
2026-01-14 23:39:49,440 INFO: Training completed: C:\Users\ajaoo\miniconda3\envs\dl_env\python.exe C:\Users\ajaoo\Documents\GitHub\MSAGAT-Net\src\train.py --dataset spain-covid --sim_mat spain-adj --window 20...
2026-01-14 23:40:22,266 INFO: Training completed: C:\Users\ajaoo\miniconda3\envs\dl_env\python.exe C:\Users\ajaoo\Documents\GitHub\MSAGAT-Net\src\train.py --dataset spain-covid --sim_mat spain-adj --window 20...
2026-01-14 23:40:43,881 INFO: Training completed: C:\Users\ajaoo\miniconda3\envs\dl_env\python.exe C:\Users\ajaoo\Documents\GitHub\MSAGAT-Net\src\train.py --dataset spain-covid --sim_mat spain-adj --window 20...
2026-01-14 23:41:27,596 INFO: Training completed: C:\Users\ajaoo\miniconda3\envs\dl_env\python.exe C:\Users\ajaoo\Documents\GitHub\MSAGAT-Net\src\train.py --dataset spain-covid --sim_mat spain-adj --window 20...
2026-01-14 23:46:31,419 INFO: Training completed: C:\Users\ajaoo\miniconda3\envs\dl_env\python.exe C:\Users\ajaoo\Documents\GitHub\MSAGAT-Net\src\train.py --dataset nhs_timeseries --sim_mat nhs-adj --window 20...
2026-01-14 23:49:57,231 INFO: Training completed: C:\Users\ajaoo\miniconda3\envs\dl_env\python.exe C:\Users\ajaoo\Documents\GitHub\MSAGAT-Net\src\train.py --dataset nhs_timeseries --sim_mat nhs-adj --window 20...
2026-01-14 23:50:47,544 INFO: Training completed: C:\Users\ajaoo\miniconda3\envs\dl_env\python.exe C:\Users\ajaoo\Documents\GitHub\MSAGAT-Net\src\train.py --dataset nhs_timeseries --sim_mat nhs-adj --window 20...
2026-01-14 23:54:41,072 INFO: Training completed: C:\Users\ajaoo\miniconda3\envs\dl_env\python.exe C:\Users\ajaoo\Documents\GitHub\MSAGAT-Net\src\train.py --dataset nhs_timeseries --sim_mat nhs-adj --window 20...
2026-01-14 23:59:05,590 INFO: Training completed: C:\Users\ajaoo\miniconda3\envs\dl_env\python.exe C:\Users\ajaoo\Documents\GitHub\MSAGAT-Net\src\train.py --dataset nhs_timeseries --sim_mat nhs-adj --window 20...
2026-01-15 00:02:26,002 INFO: Training completed: C:\Users\ajaoo\miniconda3\envs\dl_env\python.exe C:\Users\ajaoo\Documents\GitHub\MSAGAT-Net\src\train.py --dataset nhs_timeseries --sim_mat nhs-adj --window 20...
2026-01-15 00:03:12,688 INFO: Training completed: C:\Users\ajaoo\miniconda3\envs\dl_env\python.exe C:\Users\ajaoo\Documents\GitHub\MSAGAT-Net\src\train.py --dataset nhs_timeseries --sim_mat nhs-adj --window 20...
2026-01-15 00:08:40,036 INFO: Training completed: C:\Users\ajaoo\miniconda3\envs\dl_env\python.exe C:\Users\ajaoo\Documents\GitHub\MSAGAT-Net\src\train.py --dataset nhs_timeseries --sim_mat nhs-adj --window 20...
2026-01-15 00:11:59,542 INFO: Training completed: C:\Users\ajaoo\miniconda3\envs\dl_env\python.exe C:\Users\ajaoo\Documents\GitHub\MSAGAT-Net\src\train.py --dataset nhs_timeseries --sim_mat nhs-adj --window 20...
2026-01-15 00:14:51,587 INFO: Training completed: C:\Users\ajaoo\miniconda3\envs\dl_env\python.exe C:\Users\ajaoo\Documents\GitHub\MSAGAT-Net\src\train.py --dataset nhs_timeseries --sim_mat nhs-adj --window 20...
2026-01-15 00:15:34,749 INFO: Training completed: C:\Users\ajaoo\miniconda3\envs\dl_env\python.exe C:\Users\ajaoo\Documents\GitHub\MSAGAT-Net\src\train.py --dataset nhs_timeseries --sim_mat nhs-adj --window 20...
2026-01-15 00:19:41,823 INFO: Training completed: C:\Users\ajaoo\miniconda3\envs\dl_env\python.exe C:\Users\ajaoo\Documents\GitHub\MSAGAT-Net\src\train.py --dataset nhs_timeseries --sim_mat nhs-adj --window 20...
2026-01-15 00:24:12,443 INFO: Training completed: C:\Users\ajaoo\miniconda3\envs\dl_env\python.exe C:\Users\ajaoo\Documents\GitHub\MSAGAT-Net\src\train.py --dataset ltla_timeseries --sim_mat ltla-adj --window 20...
2026-01-15 00:28:31,605 INFO: Training completed: C:\Users\ajaoo\miniconda3\envs\dl_env\python.exe C:\Users\ajaoo\Documents\GitHub\MSAGAT-Net\src\train.py --dataset ltla_timeseries --sim_mat ltla-adj --window 20...
2026-01-15 00:29:22,272 INFO: Training completed: C:\Users\ajaoo\miniconda3\envs\dl_env\python.exe C:\Users\ajaoo\Documents\GitHub\MSAGAT-Net\src\train.py --dataset ltla_timeseries --sim_mat ltla-adj --window 20...
2026-01-15 00:34:30,431 INFO: Training completed: C:\Users\ajaoo\miniconda3\envs\dl_env\python.exe C:\Users\ajaoo\Documents\GitHub\MSAGAT-Net\src\train.py --dataset ltla_timeseries --sim_mat ltla-adj --window 20...
2026-01-15 00:37:48,770 INFO: Training completed: C:\Users\ajaoo\miniconda3\envs\dl_env\python.exe C:\Users\ajaoo\Documents\GitHub\MSAGAT-Net\src\train.py --dataset ltla_timeseries --sim_mat ltla-adj --window 20...
2026-01-15 00:41:41,273 INFO: Training completed: C:\Users\ajaoo\miniconda3\envs\dl_env\python.exe C:\Users\ajaoo\Documents\GitHub\MSAGAT-Net\src\train.py --dataset ltla_timeseries --sim_mat ltla-adj --window 20...
2026-01-15 00:42:31,143 INFO: Training completed: C:\Users\ajaoo\miniconda3\envs\dl_env\python.exe C:\Users\ajaoo\Documents\GitHub\MSAGAT-Net\src\train.py --dataset ltla_timeseries --sim_mat ltla-adj --window 20...
2026-01-15 00:47:31,604 INFO: Training completed: C:\Users\ajaoo\miniconda3\envs\dl_env\python.exe C:\Users\ajaoo\Documents\GitHub\MSAGAT-Net\src\train.py --dataset ltla_timeseries --sim_mat ltla-adj --window 20...
2026-01-15 00:51:15,834 INFO: Training completed: C:\Users\ajaoo\miniconda3\envs\dl_env\python.exe C:\Users\ajaoo\Documents\GitHub\MSAGAT-Net\src\train.py --dataset ltla_timeseries --sim_mat ltla-adj --window 20...
2026-01-15 00:55:09,459 INFO: Training completed: C:\Users\ajaoo\miniconda3\envs\dl_env\python.exe C:\Users\ajaoo\Documents\GitHub\MSAGAT-Net\src\train.py --dataset ltla_timeseries --sim_mat ltla-adj --window 20...
2026-01-15 00:55:52,959 INFO: Training completed: C:\Users\ajaoo\miniconda3\envs\dl_env\python.exe C:\Users\ajaoo\Documents\GitHub\MSAGAT-Net\src\train.py --dataset ltla_timeseries --sim_mat ltla-adj --window 20...
2026-01-15 00:59:49,479 INFO: Training completed: C:\Users\ajaoo\miniconda3\envs\dl_env\python.exe C:\Users\ajaoo\Documents\GitHub\MSAGAT-Net\src\train.py --dataset ltla_timeseries --sim_mat ltla-adj --window 20...
2026-01-15 00:59:49,479 INFO: Generating ablation summaries
2026-01-15 00:59:49,516 INFO: Saved summary: C:\Users\ajaoo\Documents\GitHub\MSAGAT-Net\report\results\ablation_summary_japan.w-20.h-3.csv
2026-01-15 00:59:49,522 INFO: Saved report: C:\Users\ajaoo\Documents\GitHub\MSAGAT-Net\report\results\ablation_report_japan.w-20.h-3.txt
2026-01-15 00:59:49,536 INFO: Saved summary: C:\Users\ajaoo\Documents\GitHub\MSAGAT-Net\report\results\ablation_summary_japan.w-20.h-5.csv
2026-01-15 00:59:49,536 INFO: Saved report: C:\Users\ajaoo\Documents\GitHub\MSAGAT-Net\report\results\ablation_report_japan.w-20.h-5.txt
2026-01-15 00:59:49,548 INFO: Saved summary: C:\Users\ajaoo\Documents\GitHub\MSAGAT-Net\report\results\ablation_summary_japan.w-20.h-10.csv
2026-01-15 00:59:49,552 INFO: Saved report: C:\Users\ajaoo\Documents\GitHub\MSAGAT-Net\report\results\ablation_report_japan.w-20.h-10.txt
2026-01-15 00:59:49,560 INFO: Saved summary: C:\Users\ajaoo\Documents\GitHub\MSAGAT-Net\report\results\ablation_summary_japan.w-20.h-15.csv
2026-01-15 00:59:49,560 INFO: Saved report: C:\Users\ajaoo\Documents\GitHub\MSAGAT-Net\report\results\ablation_report_japan.w-20.h-15.txt
2026-01-15 00:59:49,573 INFO: Saved summary: C:\Users\ajaoo\Documents\GitHub\MSAGAT-Net\report\results\ablation_summary_region785.w-20.h-3.csv
2026-01-15 00:59:49,573 INFO: Saved report: C:\Users\ajaoo\Documents\GitHub\MSAGAT-Net\report\results\ablation_report_region785.w-20.h-3.txt
2026-01-15 00:59:49,583 INFO: Saved summary: C:\Users\ajaoo\Documents\GitHub\MSAGAT-Net\report\results\ablation_summary_region785.w-20.h-5.csv
2026-01-15 00:59:49,583 INFO: Saved report: C:\Users\ajaoo\Documents\GitHub\MSAGAT-Net\report\results\ablation_report_region785.w-20.h-5.txt
2026-01-15 00:59:49,599 INFO: Saved summary: C:\Users\ajaoo\Documents\GitHub\MSAGAT-Net\report\results\ablation_summary_region785.w-20.h-10.csv
2026-01-15 00:59:49,599 INFO: Saved report: C:\Users\ajaoo\Documents\GitHub\MSAGAT-Net\report\results\ablation_report_region785.w-20.h-10.txt
2026-01-15 00:59:49,615 INFO: Saved summary: C:\Users\ajaoo\Documents\GitHub\MSAGAT-Net\report\results\ablation_summary_region785.w-20.h-15.csv
2026-01-15 00:59:49,617 INFO: Saved report: C:\Users\ajaoo\Documents\GitHub\MSAGAT-Net\report\results\ablation_report_region785.w-20.h-15.txt
2026-01-15 00:59:49,627 INFO: Saved summary: C:\Users\ajaoo\Documents\GitHub\MSAGAT-Net\report\results\ablation_summary_state360.w-20.h-3.csv
2026-01-15 00:59:49,628 INFO: Saved report: C:\Users\ajaoo\Documents\GitHub\MSAGAT-Net\report\results\ablation_report_state360.w-20.h-3.txt
2026-01-15 00:59:49,634 INFO: Saved summary: C:\Users\ajaoo\Documents\GitHub\MSAGAT-Net\report\results\ablation_summary_state360.w-20.h-5.csv
2026-01-15 00:59:49,634 INFO: Saved report: C:\Users\ajaoo\Documents\GitHub\MSAGAT-Net\report\results\ablation_report_state360.w-20.h-5.txt
2026-01-15 00:59:49,646 INFO: Saved summary: C:\Users\ajaoo\Documents\GitHub\MSAGAT-Net\report\results\ablation_summary_state360.w-20.h-10.csv
2026-01-15 00:59:49,646 INFO: Saved report: C:\Users\ajaoo\Documents\GitHub\MSAGAT-Net\report\results\ablation_report_state360.w-20.h-10.txt
2026-01-15 00:59:49,658 INFO: Saved summary: C:\Users\ajaoo\Documents\GitHub\MSAGAT-Net\report\results\ablation_summary_state360.w-20.h-15.csv
2026-01-15 00:59:49,662 INFO: Saved report: C:\Users\ajaoo\Documents\GitHub\MSAGAT-Net\report\results\ablation_report_state360.w-20.h-15.txt
2026-01-15 00:59:49,670 INFO: Saved summary: C:\Users\ajaoo\Documents\GitHub\MSAGAT-Net\report\results\ablation_summary_australia-covid.w-20.h-3.csv
2026-01-15 00:59:49,670 INFO: Saved report: C:\Users\ajaoo\Documents\GitHub\MSAGAT-Net\report\results\ablation_report_australia-covid.w-20.h-3.txt
2026-01-15 00:59:49,707 INFO: Saved summary: C:\Users\ajaoo\Documents\GitHub\MSAGAT-Net\report\results\ablation_summary_australia-covid.w-20.h-7.csv
2026-01-15 00:59:49,709 INFO: Saved report: C:\Users\ajaoo\Documents\GitHub\MSAGAT-Net\report\results\ablation_report_australia-covid.w-20.h-7.txt
2026-01-15 00:59:49,740 INFO: Saved summary: C:\Users\ajaoo\Documents\GitHub\MSAGAT-Net\report\results\ablation_summary_australia-covid.w-20.h-14.csv
2026-01-15 00:59:49,740 INFO: Saved report: C:\Users\ajaoo\Documents\GitHub\MSAGAT-Net\report\results\ablation_report_australia-covid.w-20.h-14.txt
2026-01-15 00:59:49,771 INFO: Saved summary: C:\Users\ajaoo\Documents\GitHub\MSAGAT-Net\report\results\ablation_summary_spain-covid.w-20.h-3.csv
2026-01-15 00:59:49,771 INFO: Saved report: C:\Users\ajaoo\Documents\GitHub\MSAGAT-Net\report\results\ablation_report_spain-covid.w-20.h-3.txt
2026-01-15 00:59:49,798 INFO: Saved summary: C:\Users\ajaoo\Documents\GitHub\MSAGAT-Net\report\results\ablation_summary_spain-covid.w-20.h-7.csv
2026-01-15 00:59:49,803 INFO: Saved report: C:\Users\ajaoo\Documents\GitHub\MSAGAT-Net\report\results\ablation_report_spain-covid.w-20.h-7.txt
2026-01-15 00:59:49,827 INFO: Saved summary: C:\Users\ajaoo\Documents\GitHub\MSAGAT-Net\report\results\ablation_summary_spain-covid.w-20.h-14.csv
2026-01-15 00:59:49,829 INFO: Saved report: C:\Users\ajaoo\Documents\GitHub\MSAGAT-Net\report\results\ablation_report_spain-covid.w-20.h-14.txt
2026-01-15 00:59:49,849 INFO: Saved summary: C:\Users\ajaoo\Documents\GitHub\MSAGAT-Net\report\results\ablation_summary_nhs_timeseries.w-20.h-3.csv
2026-01-15 00:59:49,849 INFO: Saved report: C:\Users\ajaoo\Documents\GitHub\MSAGAT-Net\report\results\ablation_report_nhs_timeseries.w-20.h-3.txt
2026-01-15 00:59:49,880 INFO: Saved summary: C:\Users\ajaoo\Documents\GitHub\MSAGAT-Net\report\results\ablation_summary_nhs_timeseries.w-20.h-7.csv
2026-01-15 00:59:49,880 INFO: Saved report: C:\Users\ajaoo\Documents\GitHub\MSAGAT-Net\report\results\ablation_report_nhs_timeseries.w-20.h-7.txt
2026-01-15 00:59:49,905 INFO: Saved summary: C:\Users\ajaoo\Documents\GitHub\MSAGAT-Net\report\results\ablation_summary_nhs_timeseries.w-20.h-14.csv
2026-01-15 00:59:49,905 INFO: Saved report: C:\Users\ajaoo\Documents\GitHub\MSAGAT-Net\report\results\ablation_report_nhs_timeseries.w-20.h-14.txt
2026-01-15 00:59:49,934 INFO: Saved summary: C:\Users\ajaoo\Documents\GitHub\MSAGAT-Net\report\results\ablation_summary_ltla_timeseries.w-20.h-3.csv
2026-01-15 00:59:49,936 INFO: Saved report: C:\Users\ajaoo\Documents\GitHub\MSAGAT-Net\report\results\ablation_report_ltla_timeseries.w-20.h-3.txt
2026-01-15 00:59:49,959 INFO: Saved summary: C:\Users\ajaoo\Documents\GitHub\MSAGAT-Net\report\results\ablation_summary_ltla_timeseries.w-20.h-7.csv
2026-01-15 00:59:49,959 INFO: Saved report: C:\Users\ajaoo\Documents\GitHub\MSAGAT-Net\report\results\ablation_report_ltla_timeseries.w-20.h-7.txt
2026-01-15 00:59:49,986 INFO: Saved summary: C:\Users\ajaoo\Documents\GitHub\MSAGAT-Net\report\results\ablation_summary_ltla_timeseries.w-20.h-14.csv
2026-01-15 00:59:49,986 INFO: Saved report: C:\Users\ajaoo\Documents\GitHub\MSAGAT-Net\report\results\ablation_report_ltla_timeseries.w-20.h-14.txt
2026-01-15 00:59:49,991 INFO: All experiments complete
