2026-01-15 16:43:12,010 INFO: Logging to C:\Users\ajaoo\Documents\GitHub\MSAGAT-Net\logs\run_experiments_20260115_164312.log
2026-01-15 16:43:12,010 INFO: Starting 96 experiments
2026-01-15 16:43:12,010 INFO: Running: japan w=20 h=3 abl=none
2026-01-15 16:44:43,307 INFO: Completed: japan w=20 h=3 abl=none
2026-01-15 16:44:43,320 INFO: Running: japan w=20 h=3 abl=no_agam
2026-01-15 16:45:52,189 INFO: Completed: japan w=20 h=3 abl=no_agam
2026-01-15 16:45:52,213 INFO: Running: japan w=20 h=3 abl=no_mtfm
2026-01-15 16:46:19,797 INFO: Completed: japan w=20 h=3 abl=no_mtfm
2026-01-15 16:46:19,807 INFO: Running: japan w=20 h=3 abl=no_pprm
2026-01-15 16:48:08,436 INFO: Completed: japan w=20 h=3 abl=no_pprm
2026-01-15 16:48:08,460 INFO: Ablation summary appended to: C:\Users\ajaoo\Documents\GitHub\MSAGAT-Net\report\results\japan\all_ablation_summary.csv
2026-01-15 16:48:08,463 INFO: Running: japan w=20 h=5 abl=none
2026-01-15 16:51:19,504 INFO: Completed: japan w=20 h=5 abl=none
2026-01-15 16:51:19,516 INFO: Running: japan w=20 h=5 abl=no_agam
2026-01-15 16:53:33,447 INFO: Completed: japan w=20 h=5 abl=no_agam
2026-01-15 16:53:33,458 INFO: Running: japan w=20 h=5 abl=no_mtfm
2026-01-15 16:53:55,432 INFO: Completed: japan w=20 h=5 abl=no_mtfm
2026-01-15 16:53:55,454 INFO: Running: japan w=20 h=5 abl=no_pprm
2026-01-15 16:56:08,580 INFO: Completed: japan w=20 h=5 abl=no_pprm
2026-01-15 16:56:08,598 INFO: Ablation summary appended to: C:\Users\ajaoo\Documents\GitHub\MSAGAT-Net\report\results\japan\all_ablation_summary.csv
2026-01-15 16:56:08,601 INFO: Running: japan w=20 h=10 abl=none
2026-01-15 16:57:47,833 INFO: Completed: japan w=20 h=10 abl=none
2026-01-15 16:57:47,856 INFO: Running: japan w=20 h=10 abl=no_agam
2026-01-15 17:00:03,669 INFO: Completed: japan w=20 h=10 abl=no_agam
2026-01-15 17:00:03,669 INFO: Running: japan w=20 h=10 abl=no_mtfm
2026-01-15 17:00:26,908 INFO: Completed: japan w=20 h=10 abl=no_mtfm
2026-01-15 17:00:26,925 INFO: Running: japan w=20 h=10 abl=no_pprm
2026-01-15 17:02:13,031 INFO: Completed: japan w=20 h=10 abl=no_pprm
2026-01-15 17:02:13,063 INFO: Ablation summary appended to: C:\Users\ajaoo\Documents\GitHub\MSAGAT-Net\report\results\japan\all_ablation_summary.csv
2026-01-15 17:02:13,066 INFO: Running: japan w=20 h=15 abl=none
2026-01-15 17:04:27,214 INFO: Completed: japan w=20 h=15 abl=none
2026-01-15 17:04:27,233 INFO: Running: japan w=20 h=15 abl=no_agam
2026-01-15 17:06:41,363 INFO: Completed: japan w=20 h=15 abl=no_agam
2026-01-15 17:06:41,379 INFO: Running: japan w=20 h=15 abl=no_mtfm
2026-01-15 17:07:09,625 INFO: Completed: japan w=20 h=15 abl=no_mtfm
2026-01-15 17:07:09,638 INFO: Running: japan w=20 h=15 abl=no_pprm
2026-01-15 17:08:31,939 INFO: Completed: japan w=20 h=15 abl=no_pprm
2026-01-15 17:08:31,958 INFO: Ablation summary appended to: C:\Users\ajaoo\Documents\GitHub\MSAGAT-Net\report\results\japan\all_ablation_summary.csv
2026-01-15 17:08:31,959 INFO: Running: region785 w=20 h=3 abl=none
2026-01-15 17:11:21,479 INFO: Completed: region785 w=20 h=3 abl=none
2026-01-15 17:11:21,504 INFO: Running: region785 w=20 h=3 abl=no_agam
2026-01-15 17:13:11,459 INFO: Completed: region785 w=20 h=3 abl=no_agam
2026-01-15 17:13:11,459 INFO: Running: region785 w=20 h=3 abl=no_mtfm
2026-01-15 17:13:40,442 INFO: Completed: region785 w=20 h=3 abl=no_mtfm
2026-01-15 17:13:40,442 INFO: Running: region785 w=20 h=3 abl=no_pprm
2026-01-15 17:16:08,669 INFO: Completed: region785 w=20 h=3 abl=no_pprm
2026-01-15 17:16:08,687 INFO: Ablation summary appended to: C:\Users\ajaoo\Documents\GitHub\MSAGAT-Net\report\results\region785\all_ablation_summary.csv
2026-01-15 17:16:08,689 INFO: Running: region785 w=20 h=5 abl=none
2026-01-15 17:17:49,165 INFO: Completed: region785 w=20 h=5 abl=none
2026-01-15 17:17:49,171 INFO: Running: region785 w=20 h=5 abl=no_agam
2026-01-15 17:20:11,974 INFO: Completed: region785 w=20 h=5 abl=no_agam
2026-01-15 17:20:11,990 INFO: Running: region785 w=20 h=5 abl=no_mtfm
2026-01-15 17:20:45,351 INFO: Completed: region785 w=20 h=5 abl=no_mtfm
2026-01-15 17:20:45,371 INFO: Running: region785 w=20 h=5 abl=no_pprm
2026-01-15 17:23:27,279 INFO: Completed: region785 w=20 h=5 abl=no_pprm
2026-01-15 17:23:27,324 INFO: Ablation summary appended to: C:\Users\ajaoo\Documents\GitHub\MSAGAT-Net\report\results\region785\all_ablation_summary.csv
2026-01-15 17:23:27,326 INFO: Running: region785 w=20 h=10 abl=none
2026-01-15 17:25:15,123 INFO: Completed: region785 w=20 h=10 abl=none
2026-01-15 17:25:15,144 INFO: Running: region785 w=20 h=10 abl=no_agam
2026-01-15 17:27:16,086 INFO: Completed: region785 w=20 h=10 abl=no_agam
2026-01-15 17:27:16,107 INFO: Running: region785 w=20 h=10 abl=no_mtfm
2026-01-15 17:27:58,652 INFO: Completed: region785 w=20 h=10 abl=no_mtfm
2026-01-15 17:27:58,664 INFO: Running: region785 w=20 h=10 abl=no_pprm
2026-01-15 17:30:17,661 INFO: Completed: region785 w=20 h=10 abl=no_pprm
2026-01-15 17:30:17,691 INFO: Ablation summary appended to: C:\Users\ajaoo\Documents\GitHub\MSAGAT-Net\report\results\region785\all_ablation_summary.csv
2026-01-15 17:30:17,693 INFO: Running: region785 w=20 h=15 abl=none
2026-01-15 17:32:07,747 INFO: Completed: region785 w=20 h=15 abl=none
2026-01-15 17:32:07,747 INFO: Running: region785 w=20 h=15 abl=no_agam
2026-01-15 17:34:14,178 INFO: Completed: region785 w=20 h=15 abl=no_agam
2026-01-15 17:34:14,178 INFO: Running: region785 w=20 h=15 abl=no_mtfm
2026-01-15 17:34:38,901 INFO: Completed: region785 w=20 h=15 abl=no_mtfm
2026-01-15 17:34:38,901 INFO: Running: region785 w=20 h=15 abl=no_pprm
2026-01-15 17:36:37,596 INFO: Completed: region785 w=20 h=15 abl=no_pprm
2026-01-15 17:36:37,641 INFO: Ablation summary appended to: C:\Users\ajaoo\Documents\GitHub\MSAGAT-Net\report\results\region785\all_ablation_summary.csv
2026-01-15 17:36:37,642 INFO: Running: state360 w=20 h=3 abl=none
2026-01-15 17:38:52,668 INFO: Completed: state360 w=20 h=3 abl=none
2026-01-15 17:38:52,680 INFO: Running: state360 w=20 h=3 abl=no_agam
2026-01-15 17:41:18,225 INFO: Completed: state360 w=20 h=3 abl=no_agam
2026-01-15 17:41:18,225 INFO: Running: state360 w=20 h=3 abl=no_mtfm
2026-01-15 17:42:15,885 INFO: Completed: state360 w=20 h=3 abl=no_mtfm
2026-01-15 17:42:15,900 INFO: Running: state360 w=20 h=3 abl=no_pprm
2026-01-15 17:44:36,163 INFO: Completed: state360 w=20 h=3 abl=no_pprm
2026-01-15 17:44:36,190 INFO: Ablation summary appended to: C:\Users\ajaoo\Documents\GitHub\MSAGAT-Net\report\results\state360\all_ablation_summary.csv
2026-01-15 17:44:36,192 INFO: Running: state360 w=20 h=5 abl=none
2026-01-15 17:46:40,212 INFO: Completed: state360 w=20 h=5 abl=none
2026-01-15 17:46:40,215 INFO: Running: state360 w=20 h=5 abl=no_agam
2026-01-15 17:49:10,844 INFO: Completed: state360 w=20 h=5 abl=no_agam
2026-01-15 17:49:10,862 INFO: Running: state360 w=20 h=5 abl=no_mtfm
2026-01-15 17:49:40,573 INFO: Completed: state360 w=20 h=5 abl=no_mtfm
2026-01-15 17:49:40,573 INFO: Running: state360 w=20 h=5 abl=no_pprm
2026-01-15 17:51:35,198 INFO: Completed: state360 w=20 h=5 abl=no_pprm
2026-01-15 17:51:35,232 INFO: Ablation summary appended to: C:\Users\ajaoo\Documents\GitHub\MSAGAT-Net\report\results\state360\all_ablation_summary.csv
2026-01-15 17:51:35,232 INFO: Running: state360 w=20 h=10 abl=none
2026-01-15 17:53:33,085 INFO: Completed: state360 w=20 h=10 abl=none
2026-01-15 17:53:33,093 INFO: Running: state360 w=20 h=10 abl=no_agam
2026-01-15 17:55:15,893 INFO: Completed: state360 w=20 h=10 abl=no_agam
2026-01-15 17:55:15,909 INFO: Running: state360 w=20 h=10 abl=no_mtfm
2026-01-15 17:55:52,870 INFO: Completed: state360 w=20 h=10 abl=no_mtfm
2026-01-15 17:55:52,881 INFO: Running: state360 w=20 h=10 abl=no_pprm
2026-01-15 17:58:43,151 INFO: Completed: state360 w=20 h=10 abl=no_pprm
2026-01-15 17:58:43,185 INFO: Ablation summary appended to: C:\Users\ajaoo\Documents\GitHub\MSAGAT-Net\report\results\state360\all_ablation_summary.csv
2026-01-15 17:58:43,187 INFO: Running: state360 w=20 h=15 abl=none
2026-01-15 18:02:51,053 INFO: Completed: state360 w=20 h=15 abl=none
2026-01-15 18:02:51,068 INFO: Running: state360 w=20 h=15 abl=no_agam
2026-01-15 18:05:11,225 INFO: Completed: state360 w=20 h=15 abl=no_agam
2026-01-15 18:05:11,225 INFO: Running: state360 w=20 h=15 abl=no_mtfm
2026-01-15 18:05:42,616 INFO: Completed: state360 w=20 h=15 abl=no_mtfm
2026-01-15 18:05:42,635 INFO: Running: state360 w=20 h=15 abl=no_pprm
2026-01-15 18:08:03,324 INFO: Completed: state360 w=20 h=15 abl=no_pprm
2026-01-15 18:08:03,356 INFO: Ablation summary appended to: C:\Users\ajaoo\Documents\GitHub\MSAGAT-Net\report\results\state360\all_ablation_summary.csv
2026-01-15 18:08:03,356 INFO: Running: australia-covid w=20 h=3 abl=none
2026-01-15 18:10:55,535 INFO: Completed: australia-covid w=20 h=3 abl=none
2026-01-15 18:10:55,543 INFO: Running: australia-covid w=20 h=3 abl=no_agam
2026-01-15 18:13:59,098 INFO: Completed: australia-covid w=20 h=3 abl=no_agam
2026-01-15 18:13:59,114 INFO: Running: australia-covid w=20 h=3 abl=no_mtfm
2026-01-15 18:14:27,103 INFO: Completed: australia-covid w=20 h=3 abl=no_mtfm
2026-01-15 18:14:27,113 INFO: Running: australia-covid w=20 h=3 abl=no_pprm
2026-01-15 18:17:44,113 INFO: Completed: australia-covid w=20 h=3 abl=no_pprm
2026-01-15 18:17:44,131 INFO: Ablation summary appended to: C:\Users\ajaoo\Documents\GitHub\MSAGAT-Net\report\results\australia-covid\all_ablation_summary.csv
2026-01-15 18:17:44,132 INFO: Running: australia-covid w=20 h=7 abl=none
2026-01-15 18:20:59,110 INFO: Completed: australia-covid w=20 h=7 abl=none
2026-01-15 18:20:59,126 INFO: Running: australia-covid w=20 h=7 abl=no_agam
2026-01-15 18:22:53,489 INFO: Completed: australia-covid w=20 h=7 abl=no_agam
2026-01-15 18:22:53,510 INFO: Running: australia-covid w=20 h=7 abl=no_mtfm
2026-01-15 18:23:15,387 INFO: Completed: australia-covid w=20 h=7 abl=no_mtfm
2026-01-15 18:23:15,397 INFO: Running: australia-covid w=20 h=7 abl=no_pprm
2026-01-15 18:24:37,518 INFO: Completed: australia-covid w=20 h=7 abl=no_pprm
2026-01-15 18:24:37,553 INFO: Ablation summary appended to: C:\Users\ajaoo\Documents\GitHub\MSAGAT-Net\report\results\australia-covid\all_ablation_summary.csv
2026-01-15 18:24:37,554 INFO: Running: australia-covid w=20 h=14 abl=none
2026-01-15 18:27:23,470 INFO: Completed: australia-covid w=20 h=14 abl=none
2026-01-15 18:27:23,485 INFO: Running: australia-covid w=20 h=14 abl=no_agam
2026-01-15 18:30:06,759 INFO: Completed: australia-covid w=20 h=14 abl=no_agam
2026-01-15 18:30:06,781 INFO: Running: australia-covid w=20 h=14 abl=no_mtfm
2026-01-15 18:30:30,633 INFO: Completed: australia-covid w=20 h=14 abl=no_mtfm
2026-01-15 18:30:30,644 INFO: Running: australia-covid w=20 h=14 abl=no_pprm
2026-01-15 18:32:35,780 INFO: Completed: australia-covid w=20 h=14 abl=no_pprm
2026-01-15 18:32:35,826 INFO: Ablation summary appended to: C:\Users\ajaoo\Documents\GitHub\MSAGAT-Net\report\results\australia-covid\all_ablation_summary.csv
2026-01-15 18:32:35,826 INFO: Running: spain-covid w=20 h=3 abl=none
2026-01-15 18:33:03,887 INFO: Completed: spain-covid w=20 h=3 abl=none
2026-01-15 18:33:03,887 INFO: Running: spain-covid w=20 h=3 abl=no_agam
2026-01-15 18:33:28,399 INFO: Completed: spain-covid w=20 h=3 abl=no_agam
2026-01-15 18:33:28,417 INFO: Running: spain-covid w=20 h=3 abl=no_mtfm
2026-01-15 18:33:47,684 INFO: Completed: spain-covid w=20 h=3 abl=no_mtfm
2026-01-15 18:33:47,697 INFO: Running: spain-covid w=20 h=3 abl=no_pprm
2026-01-15 18:34:15,826 INFO: Completed: spain-covid w=20 h=3 abl=no_pprm
2026-01-15 18:34:15,853 INFO: Ablation summary appended to: C:\Users\ajaoo\Documents\GitHub\MSAGAT-Net\report\results\spain-covid\all_ablation_summary.csv
2026-01-15 18:34:15,855 INFO: Running: spain-covid w=20 h=7 abl=none
2026-01-15 18:34:52,968 INFO: Completed: spain-covid w=20 h=7 abl=none
2026-01-15 18:34:52,979 INFO: Running: spain-covid w=20 h=7 abl=no_agam
2026-01-15 18:35:23,704 INFO: Completed: spain-covid w=20 h=7 abl=no_agam
2026-01-15 18:35:23,715 INFO: Running: spain-covid w=20 h=7 abl=no_mtfm
2026-01-15 18:35:38,544 INFO: Completed: spain-covid w=20 h=7 abl=no_mtfm
2026-01-15 18:35:38,563 INFO: Running: spain-covid w=20 h=7 abl=no_pprm
2026-01-15 18:36:04,773 INFO: Completed: spain-covid w=20 h=7 abl=no_pprm
2026-01-15 18:36:04,809 INFO: Ablation summary appended to: C:\Users\ajaoo\Documents\GitHub\MSAGAT-Net\report\results\spain-covid\all_ablation_summary.csv
2026-01-15 18:36:04,812 INFO: Running: spain-covid w=20 h=14 abl=none
2026-01-15 18:36:49,932 INFO: Completed: spain-covid w=20 h=14 abl=none
2026-01-15 18:36:49,949 INFO: Running: spain-covid w=20 h=14 abl=no_agam
2026-01-15 18:37:19,999 INFO: Completed: spain-covid w=20 h=14 abl=no_agam
2026-01-15 18:37:20,009 INFO: Running: spain-covid w=20 h=14 abl=no_mtfm
2026-01-15 18:37:41,046 INFO: Completed: spain-covid w=20 h=14 abl=no_mtfm
2026-01-15 18:37:41,048 INFO: Running: spain-covid w=20 h=14 abl=no_pprm
2026-01-15 18:38:22,798 INFO: Completed: spain-covid w=20 h=14 abl=no_pprm
2026-01-15 18:38:22,840 INFO: Ablation summary appended to: C:\Users\ajaoo\Documents\GitHub\MSAGAT-Net\report\results\spain-covid\all_ablation_summary.csv
2026-01-15 18:38:22,841 INFO: Running: nhs_timeseries w=20 h=3 abl=none
2026-01-15 18:43:02,267 INFO: Completed: nhs_timeseries w=20 h=3 abl=none
2026-01-15 18:43:02,282 INFO: Running: nhs_timeseries w=20 h=3 abl=no_agam
2026-01-15 18:46:15,821 INFO: Completed: nhs_timeseries w=20 h=3 abl=no_agam
2026-01-15 18:46:15,837 INFO: Running: nhs_timeseries w=20 h=3 abl=no_mtfm
2026-01-15 18:47:00,919 INFO: Completed: nhs_timeseries w=20 h=3 abl=no_mtfm
2026-01-15 18:47:00,942 INFO: Running: nhs_timeseries w=20 h=3 abl=no_pprm
2026-01-15 18:50:31,336 INFO: Completed: nhs_timeseries w=20 h=3 abl=no_pprm
2026-01-15 18:50:31,358 INFO: Ablation summary appended to: C:\Users\ajaoo\Documents\GitHub\MSAGAT-Net\report\results\nhs_timeseries\all_ablation_summary.csv
2026-01-15 18:50:31,360 INFO: Running: nhs_timeseries w=20 h=7 abl=none
2026-01-15 18:54:34,643 INFO: Completed: nhs_timeseries w=20 h=7 abl=none
2026-01-15 18:54:34,665 INFO: Running: nhs_timeseries w=20 h=7 abl=no_agam
2026-01-15 18:57:32,704 INFO: Completed: nhs_timeseries w=20 h=7 abl=no_agam
2026-01-15 18:57:32,720 INFO: Running: nhs_timeseries w=20 h=7 abl=no_mtfm
2026-01-15 18:58:16,658 INFO: Completed: nhs_timeseries w=20 h=7 abl=no_mtfm
2026-01-15 18:58:16,676 INFO: Running: nhs_timeseries w=20 h=7 abl=no_pprm
2026-01-15 19:03:18,263 INFO: Completed: nhs_timeseries w=20 h=7 abl=no_pprm
2026-01-15 19:03:18,302 INFO: Ablation summary appended to: C:\Users\ajaoo\Documents\GitHub\MSAGAT-Net\report\results\nhs_timeseries\all_ablation_summary.csv
2026-01-15 19:03:18,305 INFO: Running: nhs_timeseries w=20 h=14 abl=none
2026-01-15 19:06:26,122 INFO: Completed: nhs_timeseries w=20 h=14 abl=none
2026-01-15 19:06:26,132 INFO: Running: nhs_timeseries w=20 h=14 abl=no_agam
2026-01-15 19:09:09,588 INFO: Completed: nhs_timeseries w=20 h=14 abl=no_agam
2026-01-15 19:09:09,607 INFO: Running: nhs_timeseries w=20 h=14 abl=no_mtfm
2026-01-15 19:09:52,383 INFO: Completed: nhs_timeseries w=20 h=14 abl=no_mtfm
2026-01-15 19:09:52,383 INFO: Running: nhs_timeseries w=20 h=14 abl=no_pprm
2026-01-15 19:13:40,888 INFO: Completed: nhs_timeseries w=20 h=14 abl=no_pprm
2026-01-15 19:13:40,921 INFO: Ablation summary appended to: C:\Users\ajaoo\Documents\GitHub\MSAGAT-Net\report\results\nhs_timeseries\all_ablation_summary.csv
2026-01-15 19:13:40,922 INFO: Running: ltla_timeseries w=20 h=3 abl=none
2026-01-15 19:17:56,187 INFO: Completed: ltla_timeseries w=20 h=3 abl=none
2026-01-15 19:17:56,192 INFO: Running: ltla_timeseries w=20 h=3 abl=no_agam
2026-01-15 19:21:56,344 INFO: Completed: ltla_timeseries w=20 h=3 abl=no_agam
2026-01-15 19:21:56,352 INFO: Running: ltla_timeseries w=20 h=3 abl=no_mtfm
2026-01-15 19:22:44,034 INFO: Completed: ltla_timeseries w=20 h=3 abl=no_mtfm
2026-01-15 19:22:44,044 INFO: Running: ltla_timeseries w=20 h=3 abl=no_pprm
2026-01-15 19:27:32,246 INFO: Completed: ltla_timeseries w=20 h=3 abl=no_pprm
2026-01-15 19:27:32,274 INFO: Ablation summary appended to: C:\Users\ajaoo\Documents\GitHub\MSAGAT-Net\report\results\ltla_timeseries\all_ablation_summary.csv
2026-01-15 19:27:32,276 INFO: Running: ltla_timeseries w=20 h=7 abl=none
2026-01-15 19:30:37,709 INFO: Completed: ltla_timeseries w=20 h=7 abl=none
2026-01-15 19:30:37,720 INFO: Running: ltla_timeseries w=20 h=7 abl=no_agam
2026-01-15 19:34:18,276 INFO: Completed: ltla_timeseries w=20 h=7 abl=no_agam
2026-01-15 19:34:18,291 INFO: Running: ltla_timeseries w=20 h=7 abl=no_mtfm
2026-01-15 19:35:03,523 INFO: Completed: ltla_timeseries w=20 h=7 abl=no_mtfm
2026-01-15 19:35:03,536 INFO: Running: ltla_timeseries w=20 h=7 abl=no_pprm
2026-01-15 19:39:41,942 INFO: Completed: ltla_timeseries w=20 h=7 abl=no_pprm
2026-01-15 19:39:41,981 INFO: Ablation summary appended to: C:\Users\ajaoo\Documents\GitHub\MSAGAT-Net\report\results\ltla_timeseries\all_ablation_summary.csv
2026-01-15 19:39:41,983 INFO: Running: ltla_timeseries w=20 h=14 abl=none
2026-01-15 19:42:54,599 INFO: Completed: ltla_timeseries w=20 h=14 abl=none
2026-01-15 19:42:54,610 INFO: Running: ltla_timeseries w=20 h=14 abl=no_agam
2026-01-15 19:46:38,185 INFO: Completed: ltla_timeseries w=20 h=14 abl=no_agam
2026-01-15 19:46:38,207 INFO: Running: ltla_timeseries w=20 h=14 abl=no_mtfm
2026-01-15 19:47:29,350 INFO: Completed: ltla_timeseries w=20 h=14 abl=no_mtfm
2026-01-15 19:47:29,359 INFO: Running: ltla_timeseries w=20 h=14 abl=no_pprm
2026-01-15 19:49:54,221 INFO: Completed: ltla_timeseries w=20 h=14 abl=no_pprm
2026-01-15 19:49:54,256 INFO: Ablation summary appended to: C:\Users\ajaoo\Documents\GitHub\MSAGAT-Net\report\results\ltla_timeseries\all_ablation_summary.csv
2026-01-15 19:49:54,256 INFO: Experiments completed: 96/96, failed: 0
