2025-09-17 00:39:25,652 INFO: Logging to C:\Users\ajaoo\Documents\GitHub\MSAGAT-Net\logs\run_experiments_20250917_003925.log
2025-09-17 00:39:25,653 INFO: Skipping existing: japan h=3 ab=none
2025-09-17 00:39:25,653 INFO: Skipping existing: japan h=3 ab=no_agam
2025-09-17 00:39:25,655 INFO: Skipping existing: japan h=3 ab=no_mtfm
2025-09-17 00:39:25,656 INFO: Skipping existing: japan h=3 ab=no_pprm
2025-09-17 00:39:25,656 INFO: Skipping existing: japan h=5 ab=none
2025-09-17 00:39:25,657 INFO: Skipping existing: japan h=5 ab=no_agam
2025-09-17 00:39:25,657 INFO: Skipping existing: japan h=5 ab=no_mtfm
2025-09-17 00:39:25,658 INFO: Skipping existing: japan h=5 ab=no_pprm
2025-09-17 00:39:25,659 INFO: Skipping existing: japan h=10 ab=none
2025-09-17 00:39:25,660 INFO: Skipping existing: japan h=10 ab=no_agam
2025-09-17 00:39:25,660 INFO: Skipping existing: japan h=10 ab=no_mtfm
2025-09-17 00:39:25,661 INFO: Skipping existing: japan h=10 ab=no_pprm
2025-09-17 00:39:25,661 INFO: Skipping existing: japan h=15 ab=none
2025-09-17 00:39:25,662 INFO: Skipping existing: japan h=15 ab=no_agam
2025-09-17 00:39:25,662 INFO: Skipping existing: japan h=15 ab=no_mtfm
2025-09-17 00:39:25,663 INFO: Skipping existing: japan h=15 ab=no_pprm
2025-09-17 00:39:25,663 INFO: Skipping existing: region785 h=3 ab=none
2025-09-17 00:39:25,664 INFO: Skipping existing: region785 h=3 ab=no_agam
2025-09-17 00:39:25,666 INFO: Skipping existing: region785 h=3 ab=no_mtfm
2025-09-17 00:39:25,666 INFO: Skipping existing: region785 h=3 ab=no_pprm
2025-09-17 00:39:25,667 INFO: Skipping existing: region785 h=5 ab=none
2025-09-17 00:39:25,667 INFO: Skipping existing: region785 h=5 ab=no_agam
2025-09-17 00:39:25,668 INFO: Skipping existing: region785 h=5 ab=no_mtfm
2025-09-17 00:39:25,668 INFO: Skipping existing: region785 h=5 ab=no_pprm
2025-09-17 00:39:25,669 INFO: Skipping existing: region785 h=10 ab=none
2025-09-17 00:39:25,670 INFO: Skipping existing: region785 h=10 ab=no_agam
2025-09-17 00:39:25,670 INFO: Skipping existing: region785 h=10 ab=no_mtfm
2025-09-17 00:39:25,671 INFO: Skipping existing: region785 h=10 ab=no_pprm
2025-09-17 00:39:25,671 INFO: Skipping existing: region785 h=15 ab=none
2025-09-17 00:39:25,672 INFO: Skipping existing: region785 h=15 ab=no_agam
2025-09-17 00:39:25,672 INFO: Skipping existing: region785 h=15 ab=no_mtfm
2025-09-17 00:39:25,673 INFO: Skipping existing: region785 h=15 ab=no_pprm
2025-09-17 00:39:25,673 INFO: Skipping existing: state360 h=3 ab=none
2025-09-17 00:39:25,675 INFO: Skipping existing: state360 h=3 ab=no_agam
2025-09-17 00:39:25,676 INFO: Skipping existing: state360 h=3 ab=no_mtfm
2025-09-17 00:39:25,676 INFO: Skipping existing: state360 h=3 ab=no_pprm
2025-09-17 00:39:25,677 INFO: Skipping existing: state360 h=5 ab=none
2025-09-17 00:39:25,677 INFO: Skipping existing: state360 h=5 ab=no_agam
2025-09-17 00:39:25,678 INFO: Skipping existing: state360 h=5 ab=no_mtfm
2025-09-17 00:39:25,679 INFO: Skipping existing: state360 h=5 ab=no_pprm
2025-09-17 00:39:25,679 INFO: Skipping existing: state360 h=10 ab=none
2025-09-17 00:39:25,680 INFO: Skipping existing: state360 h=10 ab=no_agam
2025-09-17 00:39:25,680 INFO: Skipping existing: state360 h=10 ab=no_mtfm
2025-09-17 00:39:25,681 INFO: Skipping existing: state360 h=10 ab=no_pprm
2025-09-17 00:39:25,682 INFO: Skipping existing: state360 h=15 ab=none
2025-09-17 00:39:25,682 INFO: Skipping existing: state360 h=15 ab=no_agam
2025-09-17 00:39:25,683 INFO: Skipping existing: state360 h=15 ab=no_mtfm
2025-09-17 00:39:25,683 INFO: Skipping existing: state360 h=15 ab=no_pprm
2025-09-17 00:39:25,684 INFO: Skipping existing: australia-covid h=3 ab=none
2025-09-17 00:39:25,685 INFO: Skipping existing: australia-covid h=3 ab=no_agam
2025-09-17 00:39:25,685 INFO: Skipping existing: australia-covid h=3 ab=no_mtfm
2025-09-17 00:39:25,686 INFO: Skipping existing: australia-covid h=3 ab=no_pprm
2025-09-17 00:39:25,687 INFO: Skipping existing: australia-covid h=7 ab=none
2025-09-17 00:39:25,687 INFO: Skipping existing: australia-covid h=7 ab=no_agam
2025-09-17 00:39:25,687 INFO: Skipping existing: australia-covid h=7 ab=no_mtfm
2025-09-17 00:39:25,688 INFO: Skipping existing: australia-covid h=7 ab=no_pprm
2025-09-17 00:39:25,689 INFO: Skipping existing: australia-covid h=14 ab=none
2025-09-17 00:39:25,689 INFO: Skipping existing: australia-covid h=14 ab=no_agam
2025-09-17 00:39:25,690 INFO: Skipping existing: australia-covid h=14 ab=no_mtfm
2025-09-17 00:39:25,691 INFO: Skipping existing: australia-covid h=14 ab=no_pprm
2025-09-17 00:39:25,691 INFO: Skipping existing: spain-covid h=3 ab=none
2025-09-17 00:39:25,692 INFO: Skipping existing: spain-covid h=3 ab=no_agam
2025-09-17 00:39:25,692 INFO: Skipping existing: spain-covid h=3 ab=no_mtfm
2025-09-17 00:39:25,693 INFO: Skipping existing: spain-covid h=3 ab=no_pprm
2025-09-17 00:39:25,694 INFO: Skipping existing: spain-covid h=7 ab=none
2025-09-17 00:39:25,695 INFO: Skipping existing: spain-covid h=7 ab=no_agam
2025-09-17 00:39:25,695 INFO: Skipping existing: spain-covid h=7 ab=no_mtfm
2025-09-17 00:39:25,695 INFO: Skipping existing: spain-covid h=7 ab=no_pprm
2025-09-17 00:39:25,696 INFO: Skipping existing: spain-covid h=14 ab=none
2025-09-17 00:39:25,697 INFO: Skipping existing: spain-covid h=14 ab=no_agam
2025-09-17 00:39:25,697 INFO: Skipping existing: spain-covid h=14 ab=no_mtfm
2025-09-17 00:39:25,698 INFO: Skipping existing: spain-covid h=14 ab=no_pprm
2025-09-17 00:39:25,699 INFO: Skipping existing: nhs_timeseries h=3 ab=none
2025-09-17 00:39:25,700 INFO: Skipping existing: nhs_timeseries h=3 ab=no_agam
2025-09-17 00:39:25,700 INFO: Skipping existing: nhs_timeseries h=3 ab=no_mtfm
2025-09-17 00:39:25,701 INFO: Skipping existing: nhs_timeseries h=3 ab=no_pprm
2025-09-17 00:39:25,702 INFO: Skipping existing: nhs_timeseries h=7 ab=none
2025-09-17 00:39:25,702 INFO: Skipping existing: nhs_timeseries h=7 ab=no_agam
2025-09-17 00:39:25,703 INFO: Skipping existing: nhs_timeseries h=7 ab=no_mtfm
2025-09-17 00:39:25,703 INFO: Skipping existing: nhs_timeseries h=7 ab=no_pprm
2025-09-17 00:39:25,704 INFO: Skipping existing: nhs_timeseries h=14 ab=none
2025-09-17 00:39:25,705 INFO: Skipping existing: nhs_timeseries h=14 ab=no_agam
2025-09-17 00:39:25,705 INFO: Skipping existing: nhs_timeseries h=14 ab=no_mtfm
2025-09-17 00:39:25,706 INFO: Skipping existing: nhs_timeseries h=14 ab=no_pprm
2025-09-17 00:39:25,707 INFO: Skipping existing: ltla_timeseries h=3 ab=none
2025-09-17 00:39:25,707 INFO: Skipping existing: ltla_timeseries h=3 ab=no_agam
2025-09-17 00:39:25,708 INFO: Skipping existing: ltla_timeseries h=3 ab=no_mtfm
2025-09-17 00:39:25,708 INFO: Skipping existing: ltla_timeseries h=3 ab=no_pprm
2025-09-17 00:39:25,709 INFO: Skipping existing: ltla_timeseries h=7 ab=none
2025-09-17 00:39:25,709 INFO: Skipping existing: ltla_timeseries h=7 ab=no_agam
2025-09-17 00:39:25,710 INFO: Skipping existing: ltla_timeseries h=7 ab=no_mtfm
2025-09-17 00:39:25,710 INFO: Skipping existing: ltla_timeseries h=7 ab=no_pprm
2025-09-17 00:39:25,711 INFO: Skipping existing: ltla_timeseries h=14 ab=none
2025-09-17 00:39:25,712 INFO: Skipping existing: ltla_timeseries h=14 ab=no_agam
2025-09-17 00:39:25,713 INFO: Skipping existing: ltla_timeseries h=14 ab=no_mtfm
2025-09-17 00:39:25,713 INFO: Skipping existing: ltla_timeseries h=14 ab=no_pprm
2025-09-17 00:39:25,731 INFO: Saved summary CSV: C:\Users\ajaoo\Documents\GitHub\MSAGAT-Net\report\results\ablation_summary_japan.w-20.h-3.csv
2025-09-17 00:39:25,737 INFO: Saved report TXT: C:\Users\ajaoo\Documents\GitHub\MSAGAT-Net\report\results\ablation_report_japan.w-20.h-3.txt
2025-09-17 00:39:25,747 INFO: Saved summary CSV: C:\Users\ajaoo\Documents\GitHub\MSAGAT-Net\report\results\ablation_summary_japan.w-20.h-5.csv
2025-09-17 00:39:25,748 INFO: Saved report TXT: C:\Users\ajaoo\Documents\GitHub\MSAGAT-Net\report\results\ablation_report_japan.w-20.h-5.txt
2025-09-17 00:39:25,756 INFO: Saved summary CSV: C:\Users\ajaoo\Documents\GitHub\MSAGAT-Net\report\results\ablation_summary_japan.w-20.h-10.csv
2025-09-17 00:39:25,758 INFO: Saved report TXT: C:\Users\ajaoo\Documents\GitHub\MSAGAT-Net\report\results\ablation_report_japan.w-20.h-10.txt
2025-09-17 00:39:25,765 INFO: Saved summary CSV: C:\Users\ajaoo\Documents\GitHub\MSAGAT-Net\report\results\ablation_summary_japan.w-20.h-15.csv
2025-09-17 00:39:25,768 INFO: Saved report TXT: C:\Users\ajaoo\Documents\GitHub\MSAGAT-Net\report\results\ablation_report_japan.w-20.h-15.txt
2025-09-17 00:39:25,778 INFO: Saved summary CSV: C:\Users\ajaoo\Documents\GitHub\MSAGAT-Net\report\results\ablation_summary_region785.w-20.h-3.csv
2025-09-17 00:39:25,780 INFO: Saved report TXT: C:\Users\ajaoo\Documents\GitHub\MSAGAT-Net\report\results\ablation_report_region785.w-20.h-3.txt
2025-09-17 00:39:25,790 INFO: Saved summary CSV: C:\Users\ajaoo\Documents\GitHub\MSAGAT-Net\report\results\ablation_summary_region785.w-20.h-5.csv
2025-09-17 00:39:25,791 INFO: Saved report TXT: C:\Users\ajaoo\Documents\GitHub\MSAGAT-Net\report\results\ablation_report_region785.w-20.h-5.txt
2025-09-17 00:39:25,803 INFO: Saved summary CSV: C:\Users\ajaoo\Documents\GitHub\MSAGAT-Net\report\results\ablation_summary_region785.w-20.h-10.csv
2025-09-17 00:39:25,804 INFO: Saved report TXT: C:\Users\ajaoo\Documents\GitHub\MSAGAT-Net\report\results\ablation_report_region785.w-20.h-10.txt
2025-09-17 00:39:25,898 INFO: Saved summary CSV: C:\Users\ajaoo\Documents\GitHub\MSAGAT-Net\report\results\ablation_summary_region785.w-20.h-15.csv
2025-09-17 00:39:25,900 INFO: Saved report TXT: C:\Users\ajaoo\Documents\GitHub\MSAGAT-Net\report\results\ablation_report_region785.w-20.h-15.txt
2025-09-17 00:39:25,909 INFO: Saved summary CSV: C:\Users\ajaoo\Documents\GitHub\MSAGAT-Net\report\results\ablation_summary_state360.w-20.h-3.csv
2025-09-17 00:39:25,911 INFO: Saved report TXT: C:\Users\ajaoo\Documents\GitHub\MSAGAT-Net\report\results\ablation_report_state360.w-20.h-3.txt
2025-09-17 00:39:25,920 INFO: Saved summary CSV: C:\Users\ajaoo\Documents\GitHub\MSAGAT-Net\report\results\ablation_summary_state360.w-20.h-5.csv
2025-09-17 00:39:25,921 INFO: Saved report TXT: C:\Users\ajaoo\Documents\GitHub\MSAGAT-Net\report\results\ablation_report_state360.w-20.h-5.txt
2025-09-17 00:39:25,930 INFO: Saved summary CSV: C:\Users\ajaoo\Documents\GitHub\MSAGAT-Net\report\results\ablation_summary_state360.w-20.h-10.csv
2025-09-17 00:39:25,932 INFO: Saved report TXT: C:\Users\ajaoo\Documents\GitHub\MSAGAT-Net\report\results\ablation_report_state360.w-20.h-10.txt
2025-09-17 00:39:25,941 INFO: Saved summary CSV: C:\Users\ajaoo\Documents\GitHub\MSAGAT-Net\report\results\ablation_summary_state360.w-20.h-15.csv
2025-09-17 00:39:25,942 INFO: Saved report TXT: C:\Users\ajaoo\Documents\GitHub\MSAGAT-Net\report\results\ablation_report_state360.w-20.h-15.txt
2025-09-17 00:39:25,951 INFO: Saved summary CSV: C:\Users\ajaoo\Documents\GitHub\MSAGAT-Net\report\results\ablation_summary_australia-covid.w-20.h-3.csv
2025-09-17 00:39:25,953 INFO: Saved report TXT: C:\Users\ajaoo\Documents\GitHub\MSAGAT-Net\report\results\ablation_report_australia-covid.w-20.h-3.txt
2025-09-17 00:39:25,965 INFO: Saved summary CSV: C:\Users\ajaoo\Documents\GitHub\MSAGAT-Net\report\results\ablation_summary_australia-covid.w-20.h-7.csv
2025-09-17 00:39:25,966 INFO: Saved report TXT: C:\Users\ajaoo\Documents\GitHub\MSAGAT-Net\report\results\ablation_report_australia-covid.w-20.h-7.txt
2025-09-17 00:39:25,977 INFO: Saved summary CSV: C:\Users\ajaoo\Documents\GitHub\MSAGAT-Net\report\results\ablation_summary_australia-covid.w-20.h-14.csv
2025-09-17 00:39:25,979 INFO: Saved report TXT: C:\Users\ajaoo\Documents\GitHub\MSAGAT-Net\report\results\ablation_report_australia-covid.w-20.h-14.txt
2025-09-17 00:39:25,989 INFO: Saved summary CSV: C:\Users\ajaoo\Documents\GitHub\MSAGAT-Net\report\results\ablation_summary_spain-covid.w-20.h-3.csv
2025-09-17 00:39:25,991 INFO: Saved report TXT: C:\Users\ajaoo\Documents\GitHub\MSAGAT-Net\report\results\ablation_report_spain-covid.w-20.h-3.txt
2025-09-17 00:39:26,000 INFO: Saved summary CSV: C:\Users\ajaoo\Documents\GitHub\MSAGAT-Net\report\results\ablation_summary_spain-covid.w-20.h-7.csv
2025-09-17 00:39:26,002 INFO: Saved report TXT: C:\Users\ajaoo\Documents\GitHub\MSAGAT-Net\report\results\ablation_report_spain-covid.w-20.h-7.txt
2025-09-17 00:39:26,013 INFO: Saved summary CSV: C:\Users\ajaoo\Documents\GitHub\MSAGAT-Net\report\results\ablation_summary_spain-covid.w-20.h-14.csv
2025-09-17 00:39:26,015 INFO: Saved report TXT: C:\Users\ajaoo\Documents\GitHub\MSAGAT-Net\report\results\ablation_report_spain-covid.w-20.h-14.txt
2025-09-17 00:39:26,027 INFO: Saved summary CSV: C:\Users\ajaoo\Documents\GitHub\MSAGAT-Net\report\results\ablation_summary_nhs_timeseries.w-20.h-3.csv
2025-09-17 00:39:26,029 INFO: Saved report TXT: C:\Users\ajaoo\Documents\GitHub\MSAGAT-Net\report\results\ablation_report_nhs_timeseries.w-20.h-3.txt
2025-09-17 00:39:26,039 INFO: Saved summary CSV: C:\Users\ajaoo\Documents\GitHub\MSAGAT-Net\report\results\ablation_summary_nhs_timeseries.w-20.h-7.csv
2025-09-17 00:39:26,041 INFO: Saved report TXT: C:\Users\ajaoo\Documents\GitHub\MSAGAT-Net\report\results\ablation_report_nhs_timeseries.w-20.h-7.txt
2025-09-17 00:39:26,049 INFO: Saved summary CSV: C:\Users\ajaoo\Documents\GitHub\MSAGAT-Net\report\results\ablation_summary_nhs_timeseries.w-20.h-14.csv
2025-09-17 00:39:26,051 INFO: Saved report TXT: C:\Users\ajaoo\Documents\GitHub\MSAGAT-Net\report\results\ablation_report_nhs_timeseries.w-20.h-14.txt
2025-09-17 00:39:26,061 INFO: Saved summary CSV: C:\Users\ajaoo\Documents\GitHub\MSAGAT-Net\report\results\ablation_summary_ltla_timeseries.w-20.h-3.csv
2025-09-17 00:39:26,063 INFO: Saved report TXT: C:\Users\ajaoo\Documents\GitHub\MSAGAT-Net\report\results\ablation_report_ltla_timeseries.w-20.h-3.txt
2025-09-17 00:39:26,074 INFO: Saved summary CSV: C:\Users\ajaoo\Documents\GitHub\MSAGAT-Net\report\results\ablation_summary_ltla_timeseries.w-20.h-7.csv
2025-09-17 00:39:26,077 INFO: Saved report TXT: C:\Users\ajaoo\Documents\GitHub\MSAGAT-Net\report\results\ablation_report_ltla_timeseries.w-20.h-7.txt
2025-09-17 00:39:26,085 INFO: Saved summary CSV: C:\Users\ajaoo\Documents\GitHub\MSAGAT-Net\report\results\ablation_summary_ltla_timeseries.w-20.h-14.csv
2025-09-17 00:39:26,087 INFO: Saved report TXT: C:\Users\ajaoo\Documents\GitHub\MSAGAT-Net\report\results\ablation_report_ltla_timeseries.w-20.h-14.txt
2025-09-17 00:39:26,087 INFO: All experiments complete.
