2026-01-15 15:39:42,212 INFO: Logging to C:\Users\ajaoo\Documents\GitHub\MSAGAT-Net\logs\run_experiments_20260115_153942.log
2026-01-15 15:39:42,213 INFO: Starting 96 experiments
2026-01-15 15:39:42,214 INFO: Running: japan w=20 h=3 abl=none
2026-01-15 15:39:42,334 ERROR: Failed: japan w=20 h=3 abl=none: Command '['C:\\Users\\ajaoo\\miniconda3\\python.exe', 'C:\\Users\\ajaoo\\Documents\\GitHub\\MSAGAT-Net\\src\\scripts\\train.py', '--dataset', 'japan', '--sim_mat', 'japan-adj', '--window', '20', '--horizon', '3', '--ablation', 'none', '--save_dir', 'C:\\Users\\ajaoo\\Documents\\GitHub\\MSAGAT-Net\\save_all']' returned non-zero exit status 1.
2026-01-15 15:39:42,335 INFO: Running: japan w=20 h=3 abl=no_agam
2026-01-15 15:39:42,449 ERROR: Failed: japan w=20 h=3 abl=no_agam: Command '['C:\\Users\\ajaoo\\miniconda3\\python.exe', 'C:\\Users\\ajaoo\\Documents\\GitHub\\MSAGAT-Net\\src\\scripts\\train.py', '--dataset', 'japan', '--sim_mat', 'japan-adj', '--window', '20', '--horizon', '3', '--ablation', 'no_agam', '--save_dir', 'C:\\Users\\ajaoo\\Documents\\GitHub\\MSAGAT-Net\\save_all']' returned non-zero exit status 1.
2026-01-15 15:39:42,450 INFO: Running: japan w=20 h=3 abl=no_mtfm
2026-01-15 15:39:42,568 ERROR: Failed: japan w=20 h=3 abl=no_mtfm: Command '['C:\\Users\\ajaoo\\miniconda3\\python.exe', 'C:\\Users\\ajaoo\\Documents\\GitHub\\MSAGAT-Net\\src\\scripts\\train.py', '--dataset', 'japan', '--sim_mat', 'japan-adj', '--window', '20', '--horizon', '3', '--ablation', 'no_mtfm', '--save_dir', 'C:\\Users\\ajaoo\\Documents\\GitHub\\MSAGAT-Net\\save_all']' returned non-zero exit status 1.
2026-01-15 15:39:42,568 INFO: Running: japan w=20 h=3 abl=no_pprm
2026-01-15 15:39:42,682 ERROR: Failed: japan w=20 h=3 abl=no_pprm: Command '['C:\\Users\\ajaoo\\miniconda3\\python.exe', 'C:\\Users\\ajaoo\\Documents\\GitHub\\MSAGAT-Net\\src\\scripts\\train.py', '--dataset', 'japan', '--sim_mat', 'japan-adj', '--window', '20', '--horizon', '3', '--ablation', 'no_pprm', '--save_dir', 'C:\\Users\\ajaoo\\Documents\\GitHub\\MSAGAT-Net\\save_all']' returned non-zero exit status 1.
2026-01-15 15:39:42,682 WARNING: No baseline metrics for japan h=3
2026-01-15 15:39:42,683 INFO: Running: japan w=20 h=5 abl=none
2026-01-15 15:39:42,798 ERROR: Failed: japan w=20 h=5 abl=none: Command '['C:\\Users\\ajaoo\\miniconda3\\python.exe', 'C:\\Users\\ajaoo\\Documents\\GitHub\\MSAGAT-Net\\src\\scripts\\train.py', '--dataset', 'japan', '--sim_mat', 'japan-adj', '--window', '20', '--horizon', '5', '--ablation', 'none', '--save_dir', 'C:\\Users\\ajaoo\\Documents\\GitHub\\MSAGAT-Net\\save_all']' returned non-zero exit status 1.
2026-01-15 15:39:42,799 INFO: Running: japan w=20 h=5 abl=no_agam
2026-01-15 15:39:42,913 ERROR: Failed: japan w=20 h=5 abl=no_agam: Command '['C:\\Users\\ajaoo\\miniconda3\\python.exe', 'C:\\Users\\ajaoo\\Documents\\GitHub\\MSAGAT-Net\\src\\scripts\\train.py', '--dataset', 'japan', '--sim_mat', 'japan-adj', '--window', '20', '--horizon', '5', '--ablation', 'no_agam', '--save_dir', 'C:\\Users\\ajaoo\\Documents\\GitHub\\MSAGAT-Net\\save_all']' returned non-zero exit status 1.
2026-01-15 15:39:42,914 INFO: Running: japan w=20 h=5 abl=no_mtfm
2026-01-15 15:39:43,028 ERROR: Failed: japan w=20 h=5 abl=no_mtfm: Command '['C:\\Users\\ajaoo\\miniconda3\\python.exe', 'C:\\Users\\ajaoo\\Documents\\GitHub\\MSAGAT-Net\\src\\scripts\\train.py', '--dataset', 'japan', '--sim_mat', 'japan-adj', '--window', '20', '--horizon', '5', '--ablation', 'no_mtfm', '--save_dir', 'C:\\Users\\ajaoo\\Documents\\GitHub\\MSAGAT-Net\\save_all']' returned non-zero exit status 1.
2026-01-15 15:39:43,028 INFO: Running: japan w=20 h=5 abl=no_pprm
2026-01-15 15:39:43,147 ERROR: Failed: japan w=20 h=5 abl=no_pprm: Command '['C:\\Users\\ajaoo\\miniconda3\\python.exe', 'C:\\Users\\ajaoo\\Documents\\GitHub\\MSAGAT-Net\\src\\scripts\\train.py', '--dataset', 'japan', '--sim_mat', 'japan-adj', '--window', '20', '--horizon', '5', '--ablation', 'no_pprm', '--save_dir', 'C:\\Users\\ajaoo\\Documents\\GitHub\\MSAGAT-Net\\save_all']' returned non-zero exit status 1.
2026-01-15 15:39:43,147 WARNING: No baseline metrics for japan h=5
2026-01-15 15:39:43,147 INFO: Running: japan w=20 h=10 abl=none
2026-01-15 15:39:43,263 ERROR: Failed: japan w=20 h=10 abl=none: Command '['C:\\Users\\ajaoo\\miniconda3\\python.exe', 'C:\\Users\\ajaoo\\Documents\\GitHub\\MSAGAT-Net\\src\\scripts\\train.py', '--dataset', 'japan', '--sim_mat', 'japan-adj', '--window', '20', '--horizon', '10', '--ablation', 'none', '--save_dir', 'C:\\Users\\ajaoo\\Documents\\GitHub\\MSAGAT-Net\\save_all']' returned non-zero exit status 1.
2026-01-15 15:39:43,264 INFO: Running: japan w=20 h=10 abl=no_agam
2026-01-15 15:39:43,379 ERROR: Failed: japan w=20 h=10 abl=no_agam: Command '['C:\\Users\\ajaoo\\miniconda3\\python.exe', 'C:\\Users\\ajaoo\\Documents\\GitHub\\MSAGAT-Net\\src\\scripts\\train.py', '--dataset', 'japan', '--sim_mat', 'japan-adj', '--window', '20', '--horizon', '10', '--ablation', 'no_agam', '--save_dir', 'C:\\Users\\ajaoo\\Documents\\GitHub\\MSAGAT-Net\\save_all']' returned non-zero exit status 1.
2026-01-15 15:39:43,380 INFO: Running: japan w=20 h=10 abl=no_mtfm
2026-01-15 15:39:43,497 ERROR: Failed: japan w=20 h=10 abl=no_mtfm: Command '['C:\\Users\\ajaoo\\miniconda3\\python.exe', 'C:\\Users\\ajaoo\\Documents\\GitHub\\MSAGAT-Net\\src\\scripts\\train.py', '--dataset', 'japan', '--sim_mat', 'japan-adj', '--window', '20', '--horizon', '10', '--ablation', 'no_mtfm', '--save_dir', 'C:\\Users\\ajaoo\\Documents\\GitHub\\MSAGAT-Net\\save_all']' returned non-zero exit status 1.
2026-01-15 15:39:43,498 INFO: Running: japan w=20 h=10 abl=no_pprm
2026-01-15 15:39:43,613 ERROR: Failed: japan w=20 h=10 abl=no_pprm: Command '['C:\\Users\\ajaoo\\miniconda3\\python.exe', 'C:\\Users\\ajaoo\\Documents\\GitHub\\MSAGAT-Net\\src\\scripts\\train.py', '--dataset', 'japan', '--sim_mat', 'japan-adj', '--window', '20', '--horizon', '10', '--ablation', 'no_pprm', '--save_dir', 'C:\\Users\\ajaoo\\Documents\\GitHub\\MSAGAT-Net\\save_all']' returned non-zero exit status 1.
2026-01-15 15:39:43,614 WARNING: No baseline metrics for japan h=10
2026-01-15 15:39:43,614 INFO: Running: japan w=20 h=15 abl=none
2026-01-15 15:39:43,734 ERROR: Failed: japan w=20 h=15 abl=none: Command '['C:\\Users\\ajaoo\\miniconda3\\python.exe', 'C:\\Users\\ajaoo\\Documents\\GitHub\\MSAGAT-Net\\src\\scripts\\train.py', '--dataset', 'japan', '--sim_mat', 'japan-adj', '--window', '20', '--horizon', '15', '--ablation', 'none', '--save_dir', 'C:\\Users\\ajaoo\\Documents\\GitHub\\MSAGAT-Net\\save_all']' returned non-zero exit status 1.
2026-01-15 15:39:43,735 INFO: Running: japan w=20 h=15 abl=no_agam
2026-01-15 15:39:43,850 ERROR: Failed: japan w=20 h=15 abl=no_agam: Command '['C:\\Users\\ajaoo\\miniconda3\\python.exe', 'C:\\Users\\ajaoo\\Documents\\GitHub\\MSAGAT-Net\\src\\scripts\\train.py', '--dataset', 'japan', '--sim_mat', 'japan-adj', '--window', '20', '--horizon', '15', '--ablation', 'no_agam', '--save_dir', 'C:\\Users\\ajaoo\\Documents\\GitHub\\MSAGAT-Net\\save_all']' returned non-zero exit status 1.
2026-01-15 15:39:43,850 INFO: Running: japan w=20 h=15 abl=no_mtfm
2026-01-15 15:39:43,970 ERROR: Failed: japan w=20 h=15 abl=no_mtfm: Command '['C:\\Users\\ajaoo\\miniconda3\\python.exe', 'C:\\Users\\ajaoo\\Documents\\GitHub\\MSAGAT-Net\\src\\scripts\\train.py', '--dataset', 'japan', '--sim_mat', 'japan-adj', '--window', '20', '--horizon', '15', '--ablation', 'no_mtfm', '--save_dir', 'C:\\Users\\ajaoo\\Documents\\GitHub\\MSAGAT-Net\\save_all']' returned non-zero exit status 1.
2026-01-15 15:39:43,970 INFO: Running: japan w=20 h=15 abl=no_pprm
2026-01-15 15:39:44,087 ERROR: Failed: japan w=20 h=15 abl=no_pprm: Command '['C:\\Users\\ajaoo\\miniconda3\\python.exe', 'C:\\Users\\ajaoo\\Documents\\GitHub\\MSAGAT-Net\\src\\scripts\\train.py', '--dataset', 'japan', '--sim_mat', 'japan-adj', '--window', '20', '--horizon', '15', '--ablation', 'no_pprm', '--save_dir', 'C:\\Users\\ajaoo\\Documents\\GitHub\\MSAGAT-Net\\save_all']' returned non-zero exit status 1.
2026-01-15 15:39:44,087 WARNING: No baseline metrics for japan h=15
2026-01-15 15:39:44,088 INFO: Running: region785 w=20 h=3 abl=none
2026-01-15 15:39:44,215 ERROR: Failed: region785 w=20 h=3 abl=none: Command '['C:\\Users\\ajaoo\\miniconda3\\python.exe', 'C:\\Users\\ajaoo\\Documents\\GitHub\\MSAGAT-Net\\src\\scripts\\train.py', '--dataset', 'region785', '--sim_mat', 'region-adj', '--window', '20', '--horizon', '3', '--ablation', 'none', '--save_dir', 'C:\\Users\\ajaoo\\Documents\\GitHub\\MSAGAT-Net\\save_all']' returned non-zero exit status 1.
2026-01-15 15:39:44,216 INFO: Running: region785 w=20 h=3 abl=no_agam
2026-01-15 15:39:44,336 ERROR: Failed: region785 w=20 h=3 abl=no_agam: Command '['C:\\Users\\ajaoo\\miniconda3\\python.exe', 'C:\\Users\\ajaoo\\Documents\\GitHub\\MSAGAT-Net\\src\\scripts\\train.py', '--dataset', 'region785', '--sim_mat', 'region-adj', '--window', '20', '--horizon', '3', '--ablation', 'no_agam', '--save_dir', 'C:\\Users\\ajaoo\\Documents\\GitHub\\MSAGAT-Net\\save_all']' returned non-zero exit status 1.
2026-01-15 15:39:44,337 INFO: Running: region785 w=20 h=3 abl=no_mtfm
2026-01-15 15:39:44,451 ERROR: Failed: region785 w=20 h=3 abl=no_mtfm: Command '['C:\\Users\\ajaoo\\miniconda3\\python.exe', 'C:\\Users\\ajaoo\\Documents\\GitHub\\MSAGAT-Net\\src\\scripts\\train.py', '--dataset', 'region785', '--sim_mat', 'region-adj', '--window', '20', '--horizon', '3', '--ablation', 'no_mtfm', '--save_dir', 'C:\\Users\\ajaoo\\Documents\\GitHub\\MSAGAT-Net\\save_all']' returned non-zero exit status 1.
2026-01-15 15:39:44,451 INFO: Running: region785 w=20 h=3 abl=no_pprm
2026-01-15 15:39:44,573 ERROR: Failed: region785 w=20 h=3 abl=no_pprm: Command '['C:\\Users\\ajaoo\\miniconda3\\python.exe', 'C:\\Users\\ajaoo\\Documents\\GitHub\\MSAGAT-Net\\src\\scripts\\train.py', '--dataset', 'region785', '--sim_mat', 'region-adj', '--window', '20', '--horizon', '3', '--ablation', 'no_pprm', '--save_dir', 'C:\\Users\\ajaoo\\Documents\\GitHub\\MSAGAT-Net\\save_all']' returned non-zero exit status 1.
2026-01-15 15:39:44,573 WARNING: No baseline metrics for region785 h=3
2026-01-15 15:39:44,573 INFO: Running: region785 w=20 h=5 abl=none
2026-01-15 15:39:44,699 ERROR: Failed: region785 w=20 h=5 abl=none: Command '['C:\\Users\\ajaoo\\miniconda3\\python.exe', 'C:\\Users\\ajaoo\\Documents\\GitHub\\MSAGAT-Net\\src\\scripts\\train.py', '--dataset', 'region785', '--sim_mat', 'region-adj', '--window', '20', '--horizon', '5', '--ablation', 'none', '--save_dir', 'C:\\Users\\ajaoo\\Documents\\GitHub\\MSAGAT-Net\\save_all']' returned non-zero exit status 1.
2026-01-15 15:39:44,700 INFO: Running: region785 w=20 h=5 abl=no_agam
2026-01-15 15:39:44,815 ERROR: Failed: region785 w=20 h=5 abl=no_agam: Command '['C:\\Users\\ajaoo\\miniconda3\\python.exe', 'C:\\Users\\ajaoo\\Documents\\GitHub\\MSAGAT-Net\\src\\scripts\\train.py', '--dataset', 'region785', '--sim_mat', 'region-adj', '--window', '20', '--horizon', '5', '--ablation', 'no_agam', '--save_dir', 'C:\\Users\\ajaoo\\Documents\\GitHub\\MSAGAT-Net\\save_all']' returned non-zero exit status 1.
2026-01-15 15:39:44,816 INFO: Running: region785 w=20 h=5 abl=no_mtfm
2026-01-15 15:39:44,931 ERROR: Failed: region785 w=20 h=5 abl=no_mtfm: Command '['C:\\Users\\ajaoo\\miniconda3\\python.exe', 'C:\\Users\\ajaoo\\Documents\\GitHub\\MSAGAT-Net\\src\\scripts\\train.py', '--dataset', 'region785', '--sim_mat', 'region-adj', '--window', '20', '--horizon', '5', '--ablation', 'no_mtfm', '--save_dir', 'C:\\Users\\ajaoo\\Documents\\GitHub\\MSAGAT-Net\\save_all']' returned non-zero exit status 1.
2026-01-15 15:39:44,932 INFO: Running: region785 w=20 h=5 abl=no_pprm
2026-01-15 15:39:45,046 ERROR: Failed: region785 w=20 h=5 abl=no_pprm: Command '['C:\\Users\\ajaoo\\miniconda3\\python.exe', 'C:\\Users\\ajaoo\\Documents\\GitHub\\MSAGAT-Net\\src\\scripts\\train.py', '--dataset', 'region785', '--sim_mat', 'region-adj', '--window', '20', '--horizon', '5', '--ablation', 'no_pprm', '--save_dir', 'C:\\Users\\ajaoo\\Documents\\GitHub\\MSAGAT-Net\\save_all']' returned non-zero exit status 1.
2026-01-15 15:39:45,046 WARNING: No baseline metrics for region785 h=5
2026-01-15 15:39:45,047 INFO: Running: region785 w=20 h=10 abl=none
2026-01-15 15:39:45,165 ERROR: Failed: region785 w=20 h=10 abl=none: Command '['C:\\Users\\ajaoo\\miniconda3\\python.exe', 'C:\\Users\\ajaoo\\Documents\\GitHub\\MSAGAT-Net\\src\\scripts\\train.py', '--dataset', 'region785', '--sim_mat', 'region-adj', '--window', '20', '--horizon', '10', '--ablation', 'none', '--save_dir', 'C:\\Users\\ajaoo\\Documents\\GitHub\\MSAGAT-Net\\save_all']' returned non-zero exit status 1.
2026-01-15 15:39:45,166 INFO: Running: region785 w=20 h=10 abl=no_agam
2026-01-15 15:39:45,278 ERROR: Failed: region785 w=20 h=10 abl=no_agam: Command '['C:\\Users\\ajaoo\\miniconda3\\python.exe', 'C:\\Users\\ajaoo\\Documents\\GitHub\\MSAGAT-Net\\src\\scripts\\train.py', '--dataset', 'region785', '--sim_mat', 'region-adj', '--window', '20', '--horizon', '10', '--ablation', 'no_agam', '--save_dir', 'C:\\Users\\ajaoo\\Documents\\GitHub\\MSAGAT-Net\\save_all']' returned non-zero exit status 1.
2026-01-15 15:39:45,279 INFO: Running: region785 w=20 h=10 abl=no_mtfm
2026-01-15 15:39:45,391 ERROR: Failed: region785 w=20 h=10 abl=no_mtfm: Command '['C:\\Users\\ajaoo\\miniconda3\\python.exe', 'C:\\Users\\ajaoo\\Documents\\GitHub\\MSAGAT-Net\\src\\scripts\\train.py', '--dataset', 'region785', '--sim_mat', 'region-adj', '--window', '20', '--horizon', '10', '--ablation', 'no_mtfm', '--save_dir', 'C:\\Users\\ajaoo\\Documents\\GitHub\\MSAGAT-Net\\save_all']' returned non-zero exit status 1.
2026-01-15 15:39:45,391 INFO: Running: region785 w=20 h=10 abl=no_pprm
2026-01-15 15:39:45,504 ERROR: Failed: region785 w=20 h=10 abl=no_pprm: Command '['C:\\Users\\ajaoo\\miniconda3\\python.exe', 'C:\\Users\\ajaoo\\Documents\\GitHub\\MSAGAT-Net\\src\\scripts\\train.py', '--dataset', 'region785', '--sim_mat', 'region-adj', '--window', '20', '--horizon', '10', '--ablation', 'no_pprm', '--save_dir', 'C:\\Users\\ajaoo\\Documents\\GitHub\\MSAGAT-Net\\save_all']' returned non-zero exit status 1.
2026-01-15 15:39:45,504 WARNING: No baseline metrics for region785 h=10
2026-01-15 15:39:45,505 INFO: Running: region785 w=20 h=15 abl=none
2026-01-15 15:39:45,623 ERROR: Failed: region785 w=20 h=15 abl=none: Command '['C:\\Users\\ajaoo\\miniconda3\\python.exe', 'C:\\Users\\ajaoo\\Documents\\GitHub\\MSAGAT-Net\\src\\scripts\\train.py', '--dataset', 'region785', '--sim_mat', 'region-adj', '--window', '20', '--horizon', '15', '--ablation', 'none', '--save_dir', 'C:\\Users\\ajaoo\\Documents\\GitHub\\MSAGAT-Net\\save_all']' returned non-zero exit status 1.
2026-01-15 15:39:45,624 INFO: Running: region785 w=20 h=15 abl=no_agam
2026-01-15 15:39:45,737 ERROR: Failed: region785 w=20 h=15 abl=no_agam: Command '['C:\\Users\\ajaoo\\miniconda3\\python.exe', 'C:\\Users\\ajaoo\\Documents\\GitHub\\MSAGAT-Net\\src\\scripts\\train.py', '--dataset', 'region785', '--sim_mat', 'region-adj', '--window', '20', '--horizon', '15', '--ablation', 'no_agam', '--save_dir', 'C:\\Users\\ajaoo\\Documents\\GitHub\\MSAGAT-Net\\save_all']' returned non-zero exit status 1.
2026-01-15 15:39:45,738 INFO: Running: region785 w=20 h=15 abl=no_mtfm
2026-01-15 15:39:45,858 ERROR: Failed: region785 w=20 h=15 abl=no_mtfm: Command '['C:\\Users\\ajaoo\\miniconda3\\python.exe', 'C:\\Users\\ajaoo\\Documents\\GitHub\\MSAGAT-Net\\src\\scripts\\train.py', '--dataset', 'region785', '--sim_mat', 'region-adj', '--window', '20', '--horizon', '15', '--ablation', 'no_mtfm', '--save_dir', 'C:\\Users\\ajaoo\\Documents\\GitHub\\MSAGAT-Net\\save_all']' returned non-zero exit status 1.
2026-01-15 15:39:45,859 INFO: Running: region785 w=20 h=15 abl=no_pprm
2026-01-15 15:39:45,974 ERROR: Failed: region785 w=20 h=15 abl=no_pprm: Command '['C:\\Users\\ajaoo\\miniconda3\\python.exe', 'C:\\Users\\ajaoo\\Documents\\GitHub\\MSAGAT-Net\\src\\scripts\\train.py', '--dataset', 'region785', '--sim_mat', 'region-adj', '--window', '20', '--horizon', '15', '--ablation', 'no_pprm', '--save_dir', 'C:\\Users\\ajaoo\\Documents\\GitHub\\MSAGAT-Net\\save_all']' returned non-zero exit status 1.
2026-01-15 15:39:45,974 WARNING: No baseline metrics for region785 h=15
2026-01-15 15:39:45,975 INFO: Running: state360 w=20 h=3 abl=none
2026-01-15 15:39:46,093 ERROR: Failed: state360 w=20 h=3 abl=none: Command '['C:\\Users\\ajaoo\\miniconda3\\python.exe', 'C:\\Users\\ajaoo\\Documents\\GitHub\\MSAGAT-Net\\src\\scripts\\train.py', '--dataset', 'state360', '--sim_mat', 'state-adj-49', '--window', '20', '--horizon', '3', '--ablation', 'none', '--save_dir', 'C:\\Users\\ajaoo\\Documents\\GitHub\\MSAGAT-Net\\save_all']' returned non-zero exit status 1.
2026-01-15 15:39:46,093 INFO: Running: state360 w=20 h=3 abl=no_agam
2026-01-15 15:39:46,212 ERROR: Failed: state360 w=20 h=3 abl=no_agam: Command '['C:\\Users\\ajaoo\\miniconda3\\python.exe', 'C:\\Users\\ajaoo\\Documents\\GitHub\\MSAGAT-Net\\src\\scripts\\train.py', '--dataset', 'state360', '--sim_mat', 'state-adj-49', '--window', '20', '--horizon', '3', '--ablation', 'no_agam', '--save_dir', 'C:\\Users\\ajaoo\\Documents\\GitHub\\MSAGAT-Net\\save_all']' returned non-zero exit status 1.
2026-01-15 15:39:46,213 INFO: Running: state360 w=20 h=3 abl=no_mtfm
2026-01-15 15:39:46,327 ERROR: Failed: state360 w=20 h=3 abl=no_mtfm: Command '['C:\\Users\\ajaoo\\miniconda3\\python.exe', 'C:\\Users\\ajaoo\\Documents\\GitHub\\MSAGAT-Net\\src\\scripts\\train.py', '--dataset', 'state360', '--sim_mat', 'state-adj-49', '--window', '20', '--horizon', '3', '--ablation', 'no_mtfm', '--save_dir', 'C:\\Users\\ajaoo\\Documents\\GitHub\\MSAGAT-Net\\save_all']' returned non-zero exit status 1.
2026-01-15 15:39:46,328 INFO: Running: state360 w=20 h=3 abl=no_pprm
2026-01-15 15:39:46,454 ERROR: Failed: state360 w=20 h=3 abl=no_pprm: Command '['C:\\Users\\ajaoo\\miniconda3\\python.exe', 'C:\\Users\\ajaoo\\Documents\\GitHub\\MSAGAT-Net\\src\\scripts\\train.py', '--dataset', 'state360', '--sim_mat', 'state-adj-49', '--window', '20', '--horizon', '3', '--ablation', 'no_pprm', '--save_dir', 'C:\\Users\\ajaoo\\Documents\\GitHub\\MSAGAT-Net\\save_all']' returned non-zero exit status 1.
2026-01-15 15:39:46,454 WARNING: No baseline metrics for state360 h=3
2026-01-15 15:39:46,455 INFO: Running: state360 w=20 h=5 abl=none
2026-01-15 15:39:46,571 ERROR: Failed: state360 w=20 h=5 abl=none: Command '['C:\\Users\\ajaoo\\miniconda3\\python.exe', 'C:\\Users\\ajaoo\\Documents\\GitHub\\MSAGAT-Net\\src\\scripts\\train.py', '--dataset', 'state360', '--sim_mat', 'state-adj-49', '--window', '20', '--horizon', '5', '--ablation', 'none', '--save_dir', 'C:\\Users\\ajaoo\\Documents\\GitHub\\MSAGAT-Net\\save_all']' returned non-zero exit status 1.
2026-01-15 15:39:46,571 INFO: Running: state360 w=20 h=5 abl=no_agam
2026-01-15 15:39:46,684 ERROR: Failed: state360 w=20 h=5 abl=no_agam: Command '['C:\\Users\\ajaoo\\miniconda3\\python.exe', 'C:\\Users\\ajaoo\\Documents\\GitHub\\MSAGAT-Net\\src\\scripts\\train.py', '--dataset', 'state360', '--sim_mat', 'state-adj-49', '--window', '20', '--horizon', '5', '--ablation', 'no_agam', '--save_dir', 'C:\\Users\\ajaoo\\Documents\\GitHub\\MSAGAT-Net\\save_all']' returned non-zero exit status 1.
2026-01-15 15:39:46,685 INFO: Running: state360 w=20 h=5 abl=no_mtfm
2026-01-15 15:39:46,799 ERROR: Failed: state360 w=20 h=5 abl=no_mtfm: Command '['C:\\Users\\ajaoo\\miniconda3\\python.exe', 'C:\\Users\\ajaoo\\Documents\\GitHub\\MSAGAT-Net\\src\\scripts\\train.py', '--dataset', 'state360', '--sim_mat', 'state-adj-49', '--window', '20', '--horizon', '5', '--ablation', 'no_mtfm', '--save_dir', 'C:\\Users\\ajaoo\\Documents\\GitHub\\MSAGAT-Net\\save_all']' returned non-zero exit status 1.
2026-01-15 15:39:46,800 INFO: Running: state360 w=20 h=5 abl=no_pprm
2026-01-15 15:39:46,914 ERROR: Failed: state360 w=20 h=5 abl=no_pprm: Command '['C:\\Users\\ajaoo\\miniconda3\\python.exe', 'C:\\Users\\ajaoo\\Documents\\GitHub\\MSAGAT-Net\\src\\scripts\\train.py', '--dataset', 'state360', '--sim_mat', 'state-adj-49', '--window', '20', '--horizon', '5', '--ablation', 'no_pprm', '--save_dir', 'C:\\Users\\ajaoo\\Documents\\GitHub\\MSAGAT-Net\\save_all']' returned non-zero exit status 1.
2026-01-15 15:39:46,914 WARNING: No baseline metrics for state360 h=5
2026-01-15 15:39:46,915 INFO: Running: state360 w=20 h=10 abl=none
2026-01-15 15:39:47,028 ERROR: Failed: state360 w=20 h=10 abl=none: Command '['C:\\Users\\ajaoo\\miniconda3\\python.exe', 'C:\\Users\\ajaoo\\Documents\\GitHub\\MSAGAT-Net\\src\\scripts\\train.py', '--dataset', 'state360', '--sim_mat', 'state-adj-49', '--window', '20', '--horizon', '10', '--ablation', 'none', '--save_dir', 'C:\\Users\\ajaoo\\Documents\\GitHub\\MSAGAT-Net\\save_all']' returned non-zero exit status 1.
2026-01-15 15:39:47,029 INFO: Running: state360 w=20 h=10 abl=no_agam
2026-01-15 15:39:47,145 ERROR: Failed: state360 w=20 h=10 abl=no_agam: Command '['C:\\Users\\ajaoo\\miniconda3\\python.exe', 'C:\\Users\\ajaoo\\Documents\\GitHub\\MSAGAT-Net\\src\\scripts\\train.py', '--dataset', 'state360', '--sim_mat', 'state-adj-49', '--window', '20', '--horizon', '10', '--ablation', 'no_agam', '--save_dir', 'C:\\Users\\ajaoo\\Documents\\GitHub\\MSAGAT-Net\\save_all']' returned non-zero exit status 1.
2026-01-15 15:39:47,146 INFO: Running: state360 w=20 h=10 abl=no_mtfm
2026-01-15 15:39:47,261 ERROR: Failed: state360 w=20 h=10 abl=no_mtfm: Command '['C:\\Users\\ajaoo\\miniconda3\\python.exe', 'C:\\Users\\ajaoo\\Documents\\GitHub\\MSAGAT-Net\\src\\scripts\\train.py', '--dataset', 'state360', '--sim_mat', 'state-adj-49', '--window', '20', '--horizon', '10', '--ablation', 'no_mtfm', '--save_dir', 'C:\\Users\\ajaoo\\Documents\\GitHub\\MSAGAT-Net\\save_all']' returned non-zero exit status 1.
2026-01-15 15:39:47,261 INFO: Running: state360 w=20 h=10 abl=no_pprm
2026-01-15 15:39:47,373 ERROR: Failed: state360 w=20 h=10 abl=no_pprm: Command '['C:\\Users\\ajaoo\\miniconda3\\python.exe', 'C:\\Users\\ajaoo\\Documents\\GitHub\\MSAGAT-Net\\src\\scripts\\train.py', '--dataset', 'state360', '--sim_mat', 'state-adj-49', '--window', '20', '--horizon', '10', '--ablation', 'no_pprm', '--save_dir', 'C:\\Users\\ajaoo\\Documents\\GitHub\\MSAGAT-Net\\save_all']' returned non-zero exit status 1.
2026-01-15 15:39:47,373 WARNING: No baseline metrics for state360 h=10
2026-01-15 15:39:47,374 INFO: Running: state360 w=20 h=15 abl=none
2026-01-15 15:39:47,489 ERROR: Failed: state360 w=20 h=15 abl=none: Command '['C:\\Users\\ajaoo\\miniconda3\\python.exe', 'C:\\Users\\ajaoo\\Documents\\GitHub\\MSAGAT-Net\\src\\scripts\\train.py', '--dataset', 'state360', '--sim_mat', 'state-adj-49', '--window', '20', '--horizon', '15', '--ablation', 'none', '--save_dir', 'C:\\Users\\ajaoo\\Documents\\GitHub\\MSAGAT-Net\\save_all']' returned non-zero exit status 1.
2026-01-15 15:39:47,490 INFO: Running: state360 w=20 h=15 abl=no_agam
2026-01-15 15:39:47,606 ERROR: Failed: state360 w=20 h=15 abl=no_agam: Command '['C:\\Users\\ajaoo\\miniconda3\\python.exe', 'C:\\Users\\ajaoo\\Documents\\GitHub\\MSAGAT-Net\\src\\scripts\\train.py', '--dataset', 'state360', '--sim_mat', 'state-adj-49', '--window', '20', '--horizon', '15', '--ablation', 'no_agam', '--save_dir', 'C:\\Users\\ajaoo\\Documents\\GitHub\\MSAGAT-Net\\save_all']' returned non-zero exit status 1.
2026-01-15 15:39:47,606 INFO: Running: state360 w=20 h=15 abl=no_mtfm
2026-01-15 15:39:47,721 ERROR: Failed: state360 w=20 h=15 abl=no_mtfm: Command '['C:\\Users\\ajaoo\\miniconda3\\python.exe', 'C:\\Users\\ajaoo\\Documents\\GitHub\\MSAGAT-Net\\src\\scripts\\train.py', '--dataset', 'state360', '--sim_mat', 'state-adj-49', '--window', '20', '--horizon', '15', '--ablation', 'no_mtfm', '--save_dir', 'C:\\Users\\ajaoo\\Documents\\GitHub\\MSAGAT-Net\\save_all']' returned non-zero exit status 1.
2026-01-15 15:39:47,721 INFO: Running: state360 w=20 h=15 abl=no_pprm
2026-01-15 15:39:47,835 ERROR: Failed: state360 w=20 h=15 abl=no_pprm: Command '['C:\\Users\\ajaoo\\miniconda3\\python.exe', 'C:\\Users\\ajaoo\\Documents\\GitHub\\MSAGAT-Net\\src\\scripts\\train.py', '--dataset', 'state360', '--sim_mat', 'state-adj-49', '--window', '20', '--horizon', '15', '--ablation', 'no_pprm', '--save_dir', 'C:\\Users\\ajaoo\\Documents\\GitHub\\MSAGAT-Net\\save_all']' returned non-zero exit status 1.
2026-01-15 15:39:47,835 WARNING: No baseline metrics for state360 h=15
2026-01-15 15:39:47,836 INFO: Running: australia-covid w=20 h=3 abl=none
2026-01-15 15:39:47,950 ERROR: Failed: australia-covid w=20 h=3 abl=none: Command '['C:\\Users\\ajaoo\\miniconda3\\python.exe', 'C:\\Users\\ajaoo\\Documents\\GitHub\\MSAGAT-Net\\src\\scripts\\train.py', '--dataset', 'australia-covid', '--sim_mat', 'australia-adj', '--window', '20', '--horizon', '3', '--ablation', 'none', '--save_dir', 'C:\\Users\\ajaoo\\Documents\\GitHub\\MSAGAT-Net\\save_all']' returned non-zero exit status 1.
2026-01-15 15:39:47,951 INFO: Running: australia-covid w=20 h=3 abl=no_agam
2026-01-15 15:39:48,070 ERROR: Failed: australia-covid w=20 h=3 abl=no_agam: Command '['C:\\Users\\ajaoo\\miniconda3\\python.exe', 'C:\\Users\\ajaoo\\Documents\\GitHub\\MSAGAT-Net\\src\\scripts\\train.py', '--dataset', 'australia-covid', '--sim_mat', 'australia-adj', '--window', '20', '--horizon', '3', '--ablation', 'no_agam', '--save_dir', 'C:\\Users\\ajaoo\\Documents\\GitHub\\MSAGAT-Net\\save_all']' returned non-zero exit status 1.
2026-01-15 15:39:48,071 INFO: Running: australia-covid w=20 h=3 abl=no_mtfm
2026-01-15 15:39:48,185 ERROR: Failed: australia-covid w=20 h=3 abl=no_mtfm: Command '['C:\\Users\\ajaoo\\miniconda3\\python.exe', 'C:\\Users\\ajaoo\\Documents\\GitHub\\MSAGAT-Net\\src\\scripts\\train.py', '--dataset', 'australia-covid', '--sim_mat', 'australia-adj', '--window', '20', '--horizon', '3', '--ablation', 'no_mtfm', '--save_dir', 'C:\\Users\\ajaoo\\Documents\\GitHub\\MSAGAT-Net\\save_all']' returned non-zero exit status 1.
2026-01-15 15:39:48,185 INFO: Running: australia-covid w=20 h=3 abl=no_pprm
2026-01-15 15:39:48,301 ERROR: Failed: australia-covid w=20 h=3 abl=no_pprm: Command '['C:\\Users\\ajaoo\\miniconda3\\python.exe', 'C:\\Users\\ajaoo\\Documents\\GitHub\\MSAGAT-Net\\src\\scripts\\train.py', '--dataset', 'australia-covid', '--sim_mat', 'australia-adj', '--window', '20', '--horizon', '3', '--ablation', 'no_pprm', '--save_dir', 'C:\\Users\\ajaoo\\Documents\\GitHub\\MSAGAT-Net\\save_all']' returned non-zero exit status 1.
2026-01-15 15:39:48,301 WARNING: No baseline metrics for australia-covid h=3
2026-01-15 15:39:48,302 INFO: Running: australia-covid w=20 h=7 abl=none
2026-01-15 15:39:48,418 ERROR: Failed: australia-covid w=20 h=7 abl=none: Command '['C:\\Users\\ajaoo\\miniconda3\\python.exe', 'C:\\Users\\ajaoo\\Documents\\GitHub\\MSAGAT-Net\\src\\scripts\\train.py', '--dataset', 'australia-covid', '--sim_mat', 'australia-adj', '--window', '20', '--horizon', '7', '--ablation', 'none', '--save_dir', 'C:\\Users\\ajaoo\\Documents\\GitHub\\MSAGAT-Net\\save_all']' returned non-zero exit status 1.
2026-01-15 15:39:48,418 INFO: Running: australia-covid w=20 h=7 abl=no_agam
2026-01-15 15:39:48,540 ERROR: Failed: australia-covid w=20 h=7 abl=no_agam: Command '['C:\\Users\\ajaoo\\miniconda3\\python.exe', 'C:\\Users\\ajaoo\\Documents\\GitHub\\MSAGAT-Net\\src\\scripts\\train.py', '--dataset', 'australia-covid', '--sim_mat', 'australia-adj', '--window', '20', '--horizon', '7', '--ablation', 'no_agam', '--save_dir', 'C:\\Users\\ajaoo\\Documents\\GitHub\\MSAGAT-Net\\save_all']' returned non-zero exit status 1.
2026-01-15 15:39:48,541 INFO: Running: australia-covid w=20 h=7 abl=no_mtfm
2026-01-15 15:39:48,658 ERROR: Failed: australia-covid w=20 h=7 abl=no_mtfm: Command '['C:\\Users\\ajaoo\\miniconda3\\python.exe', 'C:\\Users\\ajaoo\\Documents\\GitHub\\MSAGAT-Net\\src\\scripts\\train.py', '--dataset', 'australia-covid', '--sim_mat', 'australia-adj', '--window', '20', '--horizon', '7', '--ablation', 'no_mtfm', '--save_dir', 'C:\\Users\\ajaoo\\Documents\\GitHub\\MSAGAT-Net\\save_all']' returned non-zero exit status 1.
2026-01-15 15:39:48,659 INFO: Running: australia-covid w=20 h=7 abl=no_pprm
2026-01-15 15:39:48,774 ERROR: Failed: australia-covid w=20 h=7 abl=no_pprm: Command '['C:\\Users\\ajaoo\\miniconda3\\python.exe', 'C:\\Users\\ajaoo\\Documents\\GitHub\\MSAGAT-Net\\src\\scripts\\train.py', '--dataset', 'australia-covid', '--sim_mat', 'australia-adj', '--window', '20', '--horizon', '7', '--ablation', 'no_pprm', '--save_dir', 'C:\\Users\\ajaoo\\Documents\\GitHub\\MSAGAT-Net\\save_all']' returned non-zero exit status 1.
2026-01-15 15:39:48,775 WARNING: No baseline metrics for australia-covid h=7
2026-01-15 15:39:48,775 INFO: Running: australia-covid w=20 h=14 abl=none
2026-01-15 15:39:48,889 ERROR: Failed: australia-covid w=20 h=14 abl=none: Command '['C:\\Users\\ajaoo\\miniconda3\\python.exe', 'C:\\Users\\ajaoo\\Documents\\GitHub\\MSAGAT-Net\\src\\scripts\\train.py', '--dataset', 'australia-covid', '--sim_mat', 'australia-adj', '--window', '20', '--horizon', '14', '--ablation', 'none', '--save_dir', 'C:\\Users\\ajaoo\\Documents\\GitHub\\MSAGAT-Net\\save_all']' returned non-zero exit status 1.
2026-01-15 15:39:48,890 INFO: Running: australia-covid w=20 h=14 abl=no_agam
2026-01-15 15:39:49,004 ERROR: Failed: australia-covid w=20 h=14 abl=no_agam: Command '['C:\\Users\\ajaoo\\miniconda3\\python.exe', 'C:\\Users\\ajaoo\\Documents\\GitHub\\MSAGAT-Net\\src\\scripts\\train.py', '--dataset', 'australia-covid', '--sim_mat', 'australia-adj', '--window', '20', '--horizon', '14', '--ablation', 'no_agam', '--save_dir', 'C:\\Users\\ajaoo\\Documents\\GitHub\\MSAGAT-Net\\save_all']' returned non-zero exit status 1.
2026-01-15 15:39:49,005 INFO: Running: australia-covid w=20 h=14 abl=no_mtfm
2026-01-15 15:39:49,120 ERROR: Failed: australia-covid w=20 h=14 abl=no_mtfm: Command '['C:\\Users\\ajaoo\\miniconda3\\python.exe', 'C:\\Users\\ajaoo\\Documents\\GitHub\\MSAGAT-Net\\src\\scripts\\train.py', '--dataset', 'australia-covid', '--sim_mat', 'australia-adj', '--window', '20', '--horizon', '14', '--ablation', 'no_mtfm', '--save_dir', 'C:\\Users\\ajaoo\\Documents\\GitHub\\MSAGAT-Net\\save_all']' returned non-zero exit status 1.
2026-01-15 15:39:49,120 INFO: Running: australia-covid w=20 h=14 abl=no_pprm
2026-01-15 15:39:49,235 ERROR: Failed: australia-covid w=20 h=14 abl=no_pprm: Command '['C:\\Users\\ajaoo\\miniconda3\\python.exe', 'C:\\Users\\ajaoo\\Documents\\GitHub\\MSAGAT-Net\\src\\scripts\\train.py', '--dataset', 'australia-covid', '--sim_mat', 'australia-adj', '--window', '20', '--horizon', '14', '--ablation', 'no_pprm', '--save_dir', 'C:\\Users\\ajaoo\\Documents\\GitHub\\MSAGAT-Net\\save_all']' returned non-zero exit status 1.
2026-01-15 15:39:49,235 WARNING: No baseline metrics for australia-covid h=14
2026-01-15 15:39:49,235 INFO: Running: spain-covid w=20 h=3 abl=none
2026-01-15 15:39:49,346 ERROR: Failed: spain-covid w=20 h=3 abl=none: Command '['C:\\Users\\ajaoo\\miniconda3\\python.exe', 'C:\\Users\\ajaoo\\Documents\\GitHub\\MSAGAT-Net\\src\\scripts\\train.py', '--dataset', 'spain-covid', '--sim_mat', 'spain-adj', '--window', '20', '--horizon', '3', '--ablation', 'none', '--save_dir', 'C:\\Users\\ajaoo\\Documents\\GitHub\\MSAGAT-Net\\save_all']' returned non-zero exit status 1.
2026-01-15 15:39:49,347 INFO: Running: spain-covid w=20 h=3 abl=no_agam
2026-01-15 15:39:49,459 ERROR: Failed: spain-covid w=20 h=3 abl=no_agam: Command '['C:\\Users\\ajaoo\\miniconda3\\python.exe', 'C:\\Users\\ajaoo\\Documents\\GitHub\\MSAGAT-Net\\src\\scripts\\train.py', '--dataset', 'spain-covid', '--sim_mat', 'spain-adj', '--window', '20', '--horizon', '3', '--ablation', 'no_agam', '--save_dir', 'C:\\Users\\ajaoo\\Documents\\GitHub\\MSAGAT-Net\\save_all']' returned non-zero exit status 1.
2026-01-15 15:39:49,460 INFO: Running: spain-covid w=20 h=3 abl=no_mtfm
2026-01-15 15:39:49,573 ERROR: Failed: spain-covid w=20 h=3 abl=no_mtfm: Command '['C:\\Users\\ajaoo\\miniconda3\\python.exe', 'C:\\Users\\ajaoo\\Documents\\GitHub\\MSAGAT-Net\\src\\scripts\\train.py', '--dataset', 'spain-covid', '--sim_mat', 'spain-adj', '--window', '20', '--horizon', '3', '--ablation', 'no_mtfm', '--save_dir', 'C:\\Users\\ajaoo\\Documents\\GitHub\\MSAGAT-Net\\save_all']' returned non-zero exit status 1.
2026-01-15 15:39:49,573 INFO: Running: spain-covid w=20 h=3 abl=no_pprm
2026-01-15 15:39:49,688 ERROR: Failed: spain-covid w=20 h=3 abl=no_pprm: Command '['C:\\Users\\ajaoo\\miniconda3\\python.exe', 'C:\\Users\\ajaoo\\Documents\\GitHub\\MSAGAT-Net\\src\\scripts\\train.py', '--dataset', 'spain-covid', '--sim_mat', 'spain-adj', '--window', '20', '--horizon', '3', '--ablation', 'no_pprm', '--save_dir', 'C:\\Users\\ajaoo\\Documents\\GitHub\\MSAGAT-Net\\save_all']' returned non-zero exit status 1.
2026-01-15 15:39:49,688 WARNING: No baseline metrics for spain-covid h=3
2026-01-15 15:39:49,689 INFO: Running: spain-covid w=20 h=7 abl=none
2026-01-15 15:39:49,811 ERROR: Failed: spain-covid w=20 h=7 abl=none: Command '['C:\\Users\\ajaoo\\miniconda3\\python.exe', 'C:\\Users\\ajaoo\\Documents\\GitHub\\MSAGAT-Net\\src\\scripts\\train.py', '--dataset', 'spain-covid', '--sim_mat', 'spain-adj', '--window', '20', '--horizon', '7', '--ablation', 'none', '--save_dir', 'C:\\Users\\ajaoo\\Documents\\GitHub\\MSAGAT-Net\\save_all']' returned non-zero exit status 1.
2026-01-15 15:39:49,811 INFO: Running: spain-covid w=20 h=7 abl=no_agam
2026-01-15 15:39:49,926 ERROR: Failed: spain-covid w=20 h=7 abl=no_agam: Command '['C:\\Users\\ajaoo\\miniconda3\\python.exe', 'C:\\Users\\ajaoo\\Documents\\GitHub\\MSAGAT-Net\\src\\scripts\\train.py', '--dataset', 'spain-covid', '--sim_mat', 'spain-adj', '--window', '20', '--horizon', '7', '--ablation', 'no_agam', '--save_dir', 'C:\\Users\\ajaoo\\Documents\\GitHub\\MSAGAT-Net\\save_all']' returned non-zero exit status 1.
2026-01-15 15:39:49,927 INFO: Running: spain-covid w=20 h=7 abl=no_mtfm
2026-01-15 15:39:50,051 ERROR: Failed: spain-covid w=20 h=7 abl=no_mtfm: Command '['C:\\Users\\ajaoo\\miniconda3\\python.exe', 'C:\\Users\\ajaoo\\Documents\\GitHub\\MSAGAT-Net\\src\\scripts\\train.py', '--dataset', 'spain-covid', '--sim_mat', 'spain-adj', '--window', '20', '--horizon', '7', '--ablation', 'no_mtfm', '--save_dir', 'C:\\Users\\ajaoo\\Documents\\GitHub\\MSAGAT-Net\\save_all']' returned non-zero exit status 1.
2026-01-15 15:39:50,051 INFO: Running: spain-covid w=20 h=7 abl=no_pprm
2026-01-15 15:39:50,173 ERROR: Failed: spain-covid w=20 h=7 abl=no_pprm: Command '['C:\\Users\\ajaoo\\miniconda3\\python.exe', 'C:\\Users\\ajaoo\\Documents\\GitHub\\MSAGAT-Net\\src\\scripts\\train.py', '--dataset', 'spain-covid', '--sim_mat', 'spain-adj', '--window', '20', '--horizon', '7', '--ablation', 'no_pprm', '--save_dir', 'C:\\Users\\ajaoo\\Documents\\GitHub\\MSAGAT-Net\\save_all']' returned non-zero exit status 1.
2026-01-15 15:39:50,174 WARNING: No baseline metrics for spain-covid h=7
2026-01-15 15:39:50,174 INFO: Running: spain-covid w=20 h=14 abl=none
2026-01-15 15:39:50,292 ERROR: Failed: spain-covid w=20 h=14 abl=none: Command '['C:\\Users\\ajaoo\\miniconda3\\python.exe', 'C:\\Users\\ajaoo\\Documents\\GitHub\\MSAGAT-Net\\src\\scripts\\train.py', '--dataset', 'spain-covid', '--sim_mat', 'spain-adj', '--window', '20', '--horizon', '14', '--ablation', 'none', '--save_dir', 'C:\\Users\\ajaoo\\Documents\\GitHub\\MSAGAT-Net\\save_all']' returned non-zero exit status 1.
2026-01-15 15:39:50,292 INFO: Running: spain-covid w=20 h=14 abl=no_agam
2026-01-15 15:39:50,415 ERROR: Failed: spain-covid w=20 h=14 abl=no_agam: Command '['C:\\Users\\ajaoo\\miniconda3\\python.exe', 'C:\\Users\\ajaoo\\Documents\\GitHub\\MSAGAT-Net\\src\\scripts\\train.py', '--dataset', 'spain-covid', '--sim_mat', 'spain-adj', '--window', '20', '--horizon', '14', '--ablation', 'no_agam', '--save_dir', 'C:\\Users\\ajaoo\\Documents\\GitHub\\MSAGAT-Net\\save_all']' returned non-zero exit status 1.
2026-01-15 15:39:50,415 INFO: Running: spain-covid w=20 h=14 abl=no_mtfm
2026-01-15 15:39:50,536 ERROR: Failed: spain-covid w=20 h=14 abl=no_mtfm: Command '['C:\\Users\\ajaoo\\miniconda3\\python.exe', 'C:\\Users\\ajaoo\\Documents\\GitHub\\MSAGAT-Net\\src\\scripts\\train.py', '--dataset', 'spain-covid', '--sim_mat', 'spain-adj', '--window', '20', '--horizon', '14', '--ablation', 'no_mtfm', '--save_dir', 'C:\\Users\\ajaoo\\Documents\\GitHub\\MSAGAT-Net\\save_all']' returned non-zero exit status 1.
2026-01-15 15:39:50,537 INFO: Running: spain-covid w=20 h=14 abl=no_pprm
2026-01-15 15:39:50,658 ERROR: Failed: spain-covid w=20 h=14 abl=no_pprm: Command '['C:\\Users\\ajaoo\\miniconda3\\python.exe', 'C:\\Users\\ajaoo\\Documents\\GitHub\\MSAGAT-Net\\src\\scripts\\train.py', '--dataset', 'spain-covid', '--sim_mat', 'spain-adj', '--window', '20', '--horizon', '14', '--ablation', 'no_pprm', '--save_dir', 'C:\\Users\\ajaoo\\Documents\\GitHub\\MSAGAT-Net\\save_all']' returned non-zero exit status 1.
2026-01-15 15:39:50,658 WARNING: No baseline metrics for spain-covid h=14
2026-01-15 15:39:50,659 INFO: Running: nhs_timeseries w=20 h=3 abl=none
2026-01-15 15:39:50,786 ERROR: Failed: nhs_timeseries w=20 h=3 abl=none: Command '['C:\\Users\\ajaoo\\miniconda3\\python.exe', 'C:\\Users\\ajaoo\\Documents\\GitHub\\MSAGAT-Net\\src\\scripts\\train.py', '--dataset', 'nhs_timeseries', '--sim_mat', 'nhs-adj', '--window', '20', '--horizon', '3', '--ablation', 'none', '--save_dir', 'C:\\Users\\ajaoo\\Documents\\GitHub\\MSAGAT-Net\\save_all']' returned non-zero exit status 1.
2026-01-15 15:39:50,787 INFO: Running: nhs_timeseries w=20 h=3 abl=no_agam
2026-01-15 15:39:50,902 ERROR: Failed: nhs_timeseries w=20 h=3 abl=no_agam: Command '['C:\\Users\\ajaoo\\miniconda3\\python.exe', 'C:\\Users\\ajaoo\\Documents\\GitHub\\MSAGAT-Net\\src\\scripts\\train.py', '--dataset', 'nhs_timeseries', '--sim_mat', 'nhs-adj', '--window', '20', '--horizon', '3', '--ablation', 'no_agam', '--save_dir', 'C:\\Users\\ajaoo\\Documents\\GitHub\\MSAGAT-Net\\save_all']' returned non-zero exit status 1.
2026-01-15 15:39:50,903 INFO: Running: nhs_timeseries w=20 h=3 abl=no_mtfm
2026-01-15 15:39:51,021 ERROR: Failed: nhs_timeseries w=20 h=3 abl=no_mtfm: Command '['C:\\Users\\ajaoo\\miniconda3\\python.exe', 'C:\\Users\\ajaoo\\Documents\\GitHub\\MSAGAT-Net\\src\\scripts\\train.py', '--dataset', 'nhs_timeseries', '--sim_mat', 'nhs-adj', '--window', '20', '--horizon', '3', '--ablation', 'no_mtfm', '--save_dir', 'C:\\Users\\ajaoo\\Documents\\GitHub\\MSAGAT-Net\\save_all']' returned non-zero exit status 1.
2026-01-15 15:39:51,022 INFO: Running: nhs_timeseries w=20 h=3 abl=no_pprm
2026-01-15 15:39:51,142 ERROR: Failed: nhs_timeseries w=20 h=3 abl=no_pprm: Command '['C:\\Users\\ajaoo\\miniconda3\\python.exe', 'C:\\Users\\ajaoo\\Documents\\GitHub\\MSAGAT-Net\\src\\scripts\\train.py', '--dataset', 'nhs_timeseries', '--sim_mat', 'nhs-adj', '--window', '20', '--horizon', '3', '--ablation', 'no_pprm', '--save_dir', 'C:\\Users\\ajaoo\\Documents\\GitHub\\MSAGAT-Net\\save_all']' returned non-zero exit status 1.
2026-01-15 15:39:51,142 WARNING: No baseline metrics for nhs_timeseries h=3
2026-01-15 15:39:51,143 INFO: Running: nhs_timeseries w=20 h=7 abl=none
2026-01-15 15:39:51,262 ERROR: Failed: nhs_timeseries w=20 h=7 abl=none: Command '['C:\\Users\\ajaoo\\miniconda3\\python.exe', 'C:\\Users\\ajaoo\\Documents\\GitHub\\MSAGAT-Net\\src\\scripts\\train.py', '--dataset', 'nhs_timeseries', '--sim_mat', 'nhs-adj', '--window', '20', '--horizon', '7', '--ablation', 'none', '--save_dir', 'C:\\Users\\ajaoo\\Documents\\GitHub\\MSAGAT-Net\\save_all']' returned non-zero exit status 1.
2026-01-15 15:39:51,263 INFO: Running: nhs_timeseries w=20 h=7 abl=no_agam
2026-01-15 15:39:51,377 ERROR: Failed: nhs_timeseries w=20 h=7 abl=no_agam: Command '['C:\\Users\\ajaoo\\miniconda3\\python.exe', 'C:\\Users\\ajaoo\\Documents\\GitHub\\MSAGAT-Net\\src\\scripts\\train.py', '--dataset', 'nhs_timeseries', '--sim_mat', 'nhs-adj', '--window', '20', '--horizon', '7', '--ablation', 'no_agam', '--save_dir', 'C:\\Users\\ajaoo\\Documents\\GitHub\\MSAGAT-Net\\save_all']' returned non-zero exit status 1.
2026-01-15 15:39:51,377 INFO: Running: nhs_timeseries w=20 h=7 abl=no_mtfm
2026-01-15 15:39:51,492 ERROR: Failed: nhs_timeseries w=20 h=7 abl=no_mtfm: Command '['C:\\Users\\ajaoo\\miniconda3\\python.exe', 'C:\\Users\\ajaoo\\Documents\\GitHub\\MSAGAT-Net\\src\\scripts\\train.py', '--dataset', 'nhs_timeseries', '--sim_mat', 'nhs-adj', '--window', '20', '--horizon', '7', '--ablation', 'no_mtfm', '--save_dir', 'C:\\Users\\ajaoo\\Documents\\GitHub\\MSAGAT-Net\\save_all']' returned non-zero exit status 1.
2026-01-15 15:39:51,492 INFO: Running: nhs_timeseries w=20 h=7 abl=no_pprm
2026-01-15 15:39:51,606 ERROR: Failed: nhs_timeseries w=20 h=7 abl=no_pprm: Command '['C:\\Users\\ajaoo\\miniconda3\\python.exe', 'C:\\Users\\ajaoo\\Documents\\GitHub\\MSAGAT-Net\\src\\scripts\\train.py', '--dataset', 'nhs_timeseries', '--sim_mat', 'nhs-adj', '--window', '20', '--horizon', '7', '--ablation', 'no_pprm', '--save_dir', 'C:\\Users\\ajaoo\\Documents\\GitHub\\MSAGAT-Net\\save_all']' returned non-zero exit status 1.
2026-01-15 15:39:51,606 WARNING: No baseline metrics for nhs_timeseries h=7
2026-01-15 15:39:51,607 INFO: Running: nhs_timeseries w=20 h=14 abl=none
2026-01-15 15:39:51,721 ERROR: Failed: nhs_timeseries w=20 h=14 abl=none: Command '['C:\\Users\\ajaoo\\miniconda3\\python.exe', 'C:\\Users\\ajaoo\\Documents\\GitHub\\MSAGAT-Net\\src\\scripts\\train.py', '--dataset', 'nhs_timeseries', '--sim_mat', 'nhs-adj', '--window', '20', '--horizon', '14', '--ablation', 'none', '--save_dir', 'C:\\Users\\ajaoo\\Documents\\GitHub\\MSAGAT-Net\\save_all']' returned non-zero exit status 1.
2026-01-15 15:39:51,722 INFO: Running: nhs_timeseries w=20 h=14 abl=no_agam
2026-01-15 15:39:51,847 ERROR: Failed: nhs_timeseries w=20 h=14 abl=no_agam: Command '['C:\\Users\\ajaoo\\miniconda3\\python.exe', 'C:\\Users\\ajaoo\\Documents\\GitHub\\MSAGAT-Net\\src\\scripts\\train.py', '--dataset', 'nhs_timeseries', '--sim_mat', 'nhs-adj', '--window', '20', '--horizon', '14', '--ablation', 'no_agam', '--save_dir', 'C:\\Users\\ajaoo\\Documents\\GitHub\\MSAGAT-Net\\save_all']' returned non-zero exit status 1.
2026-01-15 15:39:51,848 INFO: Running: nhs_timeseries w=20 h=14 abl=no_mtfm
2026-01-15 15:39:51,968 ERROR: Failed: nhs_timeseries w=20 h=14 abl=no_mtfm: Command '['C:\\Users\\ajaoo\\miniconda3\\python.exe', 'C:\\Users\\ajaoo\\Documents\\GitHub\\MSAGAT-Net\\src\\scripts\\train.py', '--dataset', 'nhs_timeseries', '--sim_mat', 'nhs-adj', '--window', '20', '--horizon', '14', '--ablation', 'no_mtfm', '--save_dir', 'C:\\Users\\ajaoo\\Documents\\GitHub\\MSAGAT-Net\\save_all']' returned non-zero exit status 1.
2026-01-15 15:39:51,969 INFO: Running: nhs_timeseries w=20 h=14 abl=no_pprm
2026-01-15 15:39:52,090 ERROR: Failed: nhs_timeseries w=20 h=14 abl=no_pprm: Command '['C:\\Users\\ajaoo\\miniconda3\\python.exe', 'C:\\Users\\ajaoo\\Documents\\GitHub\\MSAGAT-Net\\src\\scripts\\train.py', '--dataset', 'nhs_timeseries', '--sim_mat', 'nhs-adj', '--window', '20', '--horizon', '14', '--ablation', 'no_pprm', '--save_dir', 'C:\\Users\\ajaoo\\Documents\\GitHub\\MSAGAT-Net\\save_all']' returned non-zero exit status 1.
2026-01-15 15:39:52,090 WARNING: No baseline metrics for nhs_timeseries h=14
2026-01-15 15:39:52,091 INFO: Running: ltla_timeseries w=20 h=3 abl=none
2026-01-15 15:39:52,209 ERROR: Failed: ltla_timeseries w=20 h=3 abl=none: Command '['C:\\Users\\ajaoo\\miniconda3\\python.exe', 'C:\\Users\\ajaoo\\Documents\\GitHub\\MSAGAT-Net\\src\\scripts\\train.py', '--dataset', 'ltla_timeseries', '--sim_mat', 'ltla-adj', '--window', '20', '--horizon', '3', '--ablation', 'none', '--save_dir', 'C:\\Users\\ajaoo\\Documents\\GitHub\\MSAGAT-Net\\save_all']' returned non-zero exit status 1.
2026-01-15 15:39:52,209 INFO: Running: ltla_timeseries w=20 h=3 abl=no_agam
2026-01-15 15:39:52,325 ERROR: Failed: ltla_timeseries w=20 h=3 abl=no_agam: Command '['C:\\Users\\ajaoo\\miniconda3\\python.exe', 'C:\\Users\\ajaoo\\Documents\\GitHub\\MSAGAT-Net\\src\\scripts\\train.py', '--dataset', 'ltla_timeseries', '--sim_mat', 'ltla-adj', '--window', '20', '--horizon', '3', '--ablation', 'no_agam', '--save_dir', 'C:\\Users\\ajaoo\\Documents\\GitHub\\MSAGAT-Net\\save_all']' returned non-zero exit status 1.
2026-01-15 15:39:52,326 INFO: Running: ltla_timeseries w=20 h=3 abl=no_mtfm
2026-01-15 15:39:52,441 ERROR: Failed: ltla_timeseries w=20 h=3 abl=no_mtfm: Command '['C:\\Users\\ajaoo\\miniconda3\\python.exe', 'C:\\Users\\ajaoo\\Documents\\GitHub\\MSAGAT-Net\\src\\scripts\\train.py', '--dataset', 'ltla_timeseries', '--sim_mat', 'ltla-adj', '--window', '20', '--horizon', '3', '--ablation', 'no_mtfm', '--save_dir', 'C:\\Users\\ajaoo\\Documents\\GitHub\\MSAGAT-Net\\save_all']' returned non-zero exit status 1.
2026-01-15 15:39:52,441 INFO: Running: ltla_timeseries w=20 h=3 abl=no_pprm
2026-01-15 15:39:52,555 ERROR: Failed: ltla_timeseries w=20 h=3 abl=no_pprm: Command '['C:\\Users\\ajaoo\\miniconda3\\python.exe', 'C:\\Users\\ajaoo\\Documents\\GitHub\\MSAGAT-Net\\src\\scripts\\train.py', '--dataset', 'ltla_timeseries', '--sim_mat', 'ltla-adj', '--window', '20', '--horizon', '3', '--ablation', 'no_pprm', '--save_dir', 'C:\\Users\\ajaoo\\Documents\\GitHub\\MSAGAT-Net\\save_all']' returned non-zero exit status 1.
2026-01-15 15:39:52,555 WARNING: No baseline metrics for ltla_timeseries h=3
2026-01-15 15:39:52,556 INFO: Running: ltla_timeseries w=20 h=7 abl=none
2026-01-15 15:39:52,674 ERROR: Failed: ltla_timeseries w=20 h=7 abl=none: Command '['C:\\Users\\ajaoo\\miniconda3\\python.exe', 'C:\\Users\\ajaoo\\Documents\\GitHub\\MSAGAT-Net\\src\\scripts\\train.py', '--dataset', 'ltla_timeseries', '--sim_mat', 'ltla-adj', '--window', '20', '--horizon', '7', '--ablation', 'none', '--save_dir', 'C:\\Users\\ajaoo\\Documents\\GitHub\\MSAGAT-Net\\save_all']' returned non-zero exit status 1.
2026-01-15 15:39:52,674 INFO: Running: ltla_timeseries w=20 h=7 abl=no_agam
2026-01-15 15:39:52,791 ERROR: Failed: ltla_timeseries w=20 h=7 abl=no_agam: Command '['C:\\Users\\ajaoo\\miniconda3\\python.exe', 'C:\\Users\\ajaoo\\Documents\\GitHub\\MSAGAT-Net\\src\\scripts\\train.py', '--dataset', 'ltla_timeseries', '--sim_mat', 'ltla-adj', '--window', '20', '--horizon', '7', '--ablation', 'no_agam', '--save_dir', 'C:\\Users\\ajaoo\\Documents\\GitHub\\MSAGAT-Net\\save_all']' returned non-zero exit status 1.
2026-01-15 15:39:52,792 INFO: Running: ltla_timeseries w=20 h=7 abl=no_mtfm
2026-01-15 15:39:52,907 ERROR: Failed: ltla_timeseries w=20 h=7 abl=no_mtfm: Command '['C:\\Users\\ajaoo\\miniconda3\\python.exe', 'C:\\Users\\ajaoo\\Documents\\GitHub\\MSAGAT-Net\\src\\scripts\\train.py', '--dataset', 'ltla_timeseries', '--sim_mat', 'ltla-adj', '--window', '20', '--horizon', '7', '--ablation', 'no_mtfm', '--save_dir', 'C:\\Users\\ajaoo\\Documents\\GitHub\\MSAGAT-Net\\save_all']' returned non-zero exit status 1.
2026-01-15 15:39:52,907 INFO: Running: ltla_timeseries w=20 h=7 abl=no_pprm
2026-01-15 15:39:53,023 ERROR: Failed: ltla_timeseries w=20 h=7 abl=no_pprm: Command '['C:\\Users\\ajaoo\\miniconda3\\python.exe', 'C:\\Users\\ajaoo\\Documents\\GitHub\\MSAGAT-Net\\src\\scripts\\train.py', '--dataset', 'ltla_timeseries', '--sim_mat', 'ltla-adj', '--window', '20', '--horizon', '7', '--ablation', 'no_pprm', '--save_dir', 'C:\\Users\\ajaoo\\Documents\\GitHub\\MSAGAT-Net\\save_all']' returned non-zero exit status 1.
2026-01-15 15:39:53,023 WARNING: No baseline metrics for ltla_timeseries h=7
2026-01-15 15:39:53,024 INFO: Running: ltla_timeseries w=20 h=14 abl=none
2026-01-15 15:39:53,141 ERROR: Failed: ltla_timeseries w=20 h=14 abl=none: Command '['C:\\Users\\ajaoo\\miniconda3\\python.exe', 'C:\\Users\\ajaoo\\Documents\\GitHub\\MSAGAT-Net\\src\\scripts\\train.py', '--dataset', 'ltla_timeseries', '--sim_mat', 'ltla-adj', '--window', '20', '--horizon', '14', '--ablation', 'none', '--save_dir', 'C:\\Users\\ajaoo\\Documents\\GitHub\\MSAGAT-Net\\save_all']' returned non-zero exit status 1.
2026-01-15 15:39:53,142 INFO: Running: ltla_timeseries w=20 h=14 abl=no_agam
