2026-01-14 21:41:47,546 INFO: Logging to C:\Users\ajaoo\Documents\GitHub\MSAGAT-Net\logs\run_experiments_20260114_214147.log
2026-01-14 21:41:47,546 INFO: Starting batch experiments
2026-01-14 21:43:25,346 INFO: Training completed: C:\Users\ajaoo\miniconda3\envs\dl_env\python.exe C:\Users\ajaoo\Documents\GitHub\MSAGAT-Net\src\train.py --dataset japan --sim_mat japan-adj --window 20...
2026-01-14 21:44:37,699 INFO: Training completed: C:\Users\ajaoo\miniconda3\envs\dl_env\python.exe C:\Users\ajaoo\Documents\GitHub\MSAGAT-Net\src\train.py --dataset japan --sim_mat japan-adj --window 20...
2026-01-14 21:45:06,647 INFO: Training completed: C:\Users\ajaoo\miniconda3\envs\dl_env\python.exe C:\Users\ajaoo\Documents\GitHub\MSAGAT-Net\src\train.py --dataset japan --sim_mat japan-adj --window 20...
2026-01-14 21:46:59,064 INFO: Training completed: C:\Users\ajaoo\miniconda3\envs\dl_env\python.exe C:\Users\ajaoo\Documents\GitHub\MSAGAT-Net\src\train.py --dataset japan --sim_mat japan-adj --window 20...
2026-01-14 21:46:59,065 INFO: Skipping existing: japan h=5 ablation=none model=msagat
2026-01-14 21:49:13,677 INFO: Training completed: C:\Users\ajaoo\miniconda3\envs\dl_env\python.exe C:\Users\ajaoo\Documents\GitHub\MSAGAT-Net\src\train.py --dataset japan --sim_mat japan-adj --window 20...
2026-01-14 21:49:35,504 INFO: Training completed: C:\Users\ajaoo\miniconda3\envs\dl_env\python.exe C:\Users\ajaoo\Documents\GitHub\MSAGAT-Net\src\train.py --dataset japan --sim_mat japan-adj --window 20...
2026-01-14 21:52:00,378 INFO: Training completed: C:\Users\ajaoo\miniconda3\envs\dl_env\python.exe C:\Users\ajaoo\Documents\GitHub\MSAGAT-Net\src\train.py --dataset japan --sim_mat japan-adj --window 20...
2026-01-14 21:52:00,379 INFO: Skipping existing: japan h=10 ablation=none model=msagat
2026-01-14 21:53:37,190 INFO: Training completed: C:\Users\ajaoo\miniconda3\envs\dl_env\python.exe C:\Users\ajaoo\Documents\GitHub\MSAGAT-Net\src\train.py --dataset japan --sim_mat japan-adj --window 20...
2026-01-14 21:54:11,315 INFO: Training completed: C:\Users\ajaoo\miniconda3\envs\dl_env\python.exe C:\Users\ajaoo\Documents\GitHub\MSAGAT-Net\src\train.py --dataset japan --sim_mat japan-adj --window 20...
2026-01-14 21:55:49,800 INFO: Training completed: C:\Users\ajaoo\miniconda3\envs\dl_env\python.exe C:\Users\ajaoo\Documents\GitHub\MSAGAT-Net\src\train.py --dataset japan --sim_mat japan-adj --window 20...
2026-01-14 21:55:49,800 INFO: Skipping existing: japan h=15 ablation=none model=msagat
2026-01-14 21:57:55,110 INFO: Training completed: C:\Users\ajaoo\miniconda3\envs\dl_env\python.exe C:\Users\ajaoo\Documents\GitHub\MSAGAT-Net\src\train.py --dataset japan --sim_mat japan-adj --window 20...
2026-01-14 21:58:27,032 INFO: Training completed: C:\Users\ajaoo\miniconda3\envs\dl_env\python.exe C:\Users\ajaoo\Documents\GitHub\MSAGAT-Net\src\train.py --dataset japan --sim_mat japan-adj --window 20...
2026-01-14 22:00:35,340 INFO: Training completed: C:\Users\ajaoo\miniconda3\envs\dl_env\python.exe C:\Users\ajaoo\Documents\GitHub\MSAGAT-Net\src\train.py --dataset japan --sim_mat japan-adj --window 20...
2026-01-14 22:03:36,154 INFO: Training completed: C:\Users\ajaoo\miniconda3\envs\dl_env\python.exe C:\Users\ajaoo\Documents\GitHub\MSAGAT-Net\src\train.py --dataset region785 --sim_mat region-adj --window 20...
2026-01-14 22:05:34,590 INFO: Training completed: C:\Users\ajaoo\miniconda3\envs\dl_env\python.exe C:\Users\ajaoo\Documents\GitHub\MSAGAT-Net\src\train.py --dataset region785 --sim_mat region-adj --window 20...
2026-01-14 22:06:06,074 INFO: Training completed: C:\Users\ajaoo\miniconda3\envs\dl_env\python.exe C:\Users\ajaoo\Documents\GitHub\MSAGAT-Net\src\train.py --dataset region785 --sim_mat region-adj --window 20...
2026-01-14 22:08:42,479 INFO: Training completed: C:\Users\ajaoo\miniconda3\envs\dl_env\python.exe C:\Users\ajaoo\Documents\GitHub\MSAGAT-Net\src\train.py --dataset region785 --sim_mat region-adj --window 20...
2026-01-14 22:10:28,124 INFO: Training completed: C:\Users\ajaoo\miniconda3\envs\dl_env\python.exe C:\Users\ajaoo\Documents\GitHub\MSAGAT-Net\src\train.py --dataset region785 --sim_mat region-adj --window 20...
2026-01-14 22:12:55,854 INFO: Training completed: C:\Users\ajaoo\miniconda3\envs\dl_env\python.exe C:\Users\ajaoo\Documents\GitHub\MSAGAT-Net\src\train.py --dataset region785 --sim_mat region-adj --window 20...
2026-01-14 22:13:31,908 INFO: Training completed: C:\Users\ajaoo\miniconda3\envs\dl_env\python.exe C:\Users\ajaoo\Documents\GitHub\MSAGAT-Net\src\train.py --dataset region785 --sim_mat region-adj --window 20...
2026-01-14 22:16:25,316 INFO: Training completed: C:\Users\ajaoo\miniconda3\envs\dl_env\python.exe C:\Users\ajaoo\Documents\GitHub\MSAGAT-Net\src\train.py --dataset region785 --sim_mat region-adj --window 20...
2026-01-14 22:18:22,852 INFO: Training completed: C:\Users\ajaoo\miniconda3\envs\dl_env\python.exe C:\Users\ajaoo\Documents\GitHub\MSAGAT-Net\src\train.py --dataset region785 --sim_mat region-adj --window 20...
2026-01-14 22:20:29,266 INFO: Training completed: C:\Users\ajaoo\miniconda3\envs\dl_env\python.exe C:\Users\ajaoo\Documents\GitHub\MSAGAT-Net\src\train.py --dataset region785 --sim_mat region-adj --window 20...
2026-01-14 22:21:15,235 INFO: Training completed: C:\Users\ajaoo\miniconda3\envs\dl_env\python.exe C:\Users\ajaoo\Documents\GitHub\MSAGAT-Net\src\train.py --dataset region785 --sim_mat region-adj --window 20...
2026-01-14 22:23:45,009 INFO: Training completed: C:\Users\ajaoo\miniconda3\envs\dl_env\python.exe C:\Users\ajaoo\Documents\GitHub\MSAGAT-Net\src\train.py --dataset region785 --sim_mat region-adj --window 20...
2026-01-14 22:25:42,611 INFO: Training completed: C:\Users\ajaoo\miniconda3\envs\dl_env\python.exe C:\Users\ajaoo\Documents\GitHub\MSAGAT-Net\src\train.py --dataset region785 --sim_mat region-adj --window 20...
2026-01-14 22:27:56,001 INFO: Training completed: C:\Users\ajaoo\miniconda3\envs\dl_env\python.exe C:\Users\ajaoo\Documents\GitHub\MSAGAT-Net\src\train.py --dataset region785 --sim_mat region-adj --window 20...
2026-01-14 22:28:22,445 INFO: Training completed: C:\Users\ajaoo\miniconda3\envs\dl_env\python.exe C:\Users\ajaoo\Documents\GitHub\MSAGAT-Net\src\train.py --dataset region785 --sim_mat region-adj --window 20...
2026-01-14 22:30:31,461 INFO: Training completed: C:\Users\ajaoo\miniconda3\envs\dl_env\python.exe C:\Users\ajaoo\Documents\GitHub\MSAGAT-Net\src\train.py --dataset region785 --sim_mat region-adj --window 20...
2026-01-14 22:33:07,023 INFO: Training completed: C:\Users\ajaoo\miniconda3\envs\dl_env\python.exe C:\Users\ajaoo\Documents\GitHub\MSAGAT-Net\src\train.py --dataset state360 --sim_mat state-adj-49 --window 20...
2026-01-14 22:34:33,897 INFO: Training completed: C:\Users\ajaoo\miniconda3\envs\dl_env\python.exe C:\Users\ajaoo\Documents\GitHub\MSAGAT-Net\src\train.py --dataset state360 --sim_mat state-adj-49 --window 20...
2026-01-14 22:35:24,043 INFO: Training completed: C:\Users\ajaoo\miniconda3\envs\dl_env\python.exe C:\Users\ajaoo\Documents\GitHub\MSAGAT-Net\src\train.py --dataset state360 --sim_mat state-adj-49 --window 20...
2026-01-14 22:38:43,004 INFO: Training completed: C:\Users\ajaoo\miniconda3\envs\dl_env\python.exe C:\Users\ajaoo\Documents\GitHub\MSAGAT-Net\src\train.py --dataset state360 --sim_mat state-adj-49 --window 20...
2026-01-14 22:40:08,958 INFO: Training completed: C:\Users\ajaoo\miniconda3\envs\dl_env\python.exe C:\Users\ajaoo\Documents\GitHub\MSAGAT-Net\src\train.py --dataset state360 --sim_mat state-adj-49 --window 20...
2026-01-14 22:42:42,819 INFO: Training completed: C:\Users\ajaoo\miniconda3\envs\dl_env\python.exe C:\Users\ajaoo\Documents\GitHub\MSAGAT-Net\src\train.py --dataset state360 --sim_mat state-adj-49 --window 20...
2026-01-14 22:43:15,216 INFO: Training completed: C:\Users\ajaoo\miniconda3\envs\dl_env\python.exe C:\Users\ajaoo\Documents\GitHub\MSAGAT-Net\src\train.py --dataset state360 --sim_mat state-adj-49 --window 20...
2026-01-14 22:45:13,130 INFO: Training completed: C:\Users\ajaoo\miniconda3\envs\dl_env\python.exe C:\Users\ajaoo\Documents\GitHub\MSAGAT-Net\src\train.py --dataset state360 --sim_mat state-adj-49 --window 20...
2026-01-14 22:47:57,253 INFO: Training completed: C:\Users\ajaoo\miniconda3\envs\dl_env\python.exe C:\Users\ajaoo\Documents\GitHub\MSAGAT-Net\src\train.py --dataset state360 --sim_mat state-adj-49 --window 20...
2026-01-14 22:49:43,653 INFO: Training completed: C:\Users\ajaoo\miniconda3\envs\dl_env\python.exe C:\Users\ajaoo\Documents\GitHub\MSAGAT-Net\src\train.py --dataset state360 --sim_mat state-adj-49 --window 20...
2026-01-14 22:50:32,776 INFO: Training completed: C:\Users\ajaoo\miniconda3\envs\dl_env\python.exe C:\Users\ajaoo\Documents\GitHub\MSAGAT-Net\src\train.py --dataset state360 --sim_mat state-adj-49 --window 20...
2026-01-14 22:52:31,127 INFO: Training completed: C:\Users\ajaoo\miniconda3\envs\dl_env\python.exe C:\Users\ajaoo\Documents\GitHub\MSAGAT-Net\src\train.py --dataset state360 --sim_mat state-adj-49 --window 20...
2026-01-14 22:55:04,485 INFO: Training completed: C:\Users\ajaoo\miniconda3\envs\dl_env\python.exe C:\Users\ajaoo\Documents\GitHub\MSAGAT-Net\src\train.py --dataset state360 --sim_mat state-adj-49 --window 20...
2026-01-14 22:56:28,859 INFO: Training completed: C:\Users\ajaoo\miniconda3\envs\dl_env\python.exe C:\Users\ajaoo\Documents\GitHub\MSAGAT-Net\src\train.py --dataset state360 --sim_mat state-adj-49 --window 20...
2026-01-14 22:57:10,754 INFO: Training completed: C:\Users\ajaoo\miniconda3\envs\dl_env\python.exe C:\Users\ajaoo\Documents\GitHub\MSAGAT-Net\src\train.py --dataset state360 --sim_mat state-adj-49 --window 20...
2026-01-14 22:59:45,691 INFO: Training completed: C:\Users\ajaoo\miniconda3\envs\dl_env\python.exe C:\Users\ajaoo\Documents\GitHub\MSAGAT-Net\src\train.py --dataset state360 --sim_mat state-adj-49 --window 20...
2026-01-14 23:02:54,024 INFO: Training completed: C:\Users\ajaoo\miniconda3\envs\dl_env\python.exe C:\Users\ajaoo\Documents\GitHub\MSAGAT-Net\src\train.py --dataset australia-covid --sim_mat australia-adj --window 20...
2026-01-14 23:06:17,172 INFO: Training completed: C:\Users\ajaoo\miniconda3\envs\dl_env\python.exe C:\Users\ajaoo\Documents\GitHub\MSAGAT-Net\src\train.py --dataset australia-covid --sim_mat australia-adj --window 20...
2026-01-14 23:06:47,738 INFO: Training completed: C:\Users\ajaoo\miniconda3\envs\dl_env\python.exe C:\Users\ajaoo\Documents\GitHub\MSAGAT-Net\src\train.py --dataset australia-covid --sim_mat australia-adj --window 20...
2026-01-14 23:10:21,271 INFO: Training completed: C:\Users\ajaoo\miniconda3\envs\dl_env\python.exe C:\Users\ajaoo\Documents\GitHub\MSAGAT-Net\src\train.py --dataset australia-covid --sim_mat australia-adj --window 20...
