2025-05-04 01:53:09,557 INFO: Logging to /home/olarinoyem/Project/MSAGAT-Net/logs/run_experiments_20250504_015309.log
2025-05-04 01:55:10,799 INFO: Trained: /home/olarinoyem/miniconda3/envs/tf/bin/python /home/olarinoyem/Project/MSAGAT-Net/src/train.py --dataset japan --sim_mat japan-adj --window 20 --horizon 3 --ablation none --save_dir /home/olarinoyem/Project/MSAGAT-Net/save_all --cuda --gpu 0
2025-05-04 01:57:17,924 INFO: Trained: /home/olarinoyem/miniconda3/envs/tf/bin/python /home/olarinoyem/Project/MSAGAT-Net/src/train.py --dataset japan --sim_mat japan-adj --window 20 --horizon 3 --ablation no_agam --save_dir /home/olarinoyem/Project/MSAGAT-Net/save_all --cuda --gpu 0
2025-05-04 01:57:43,656 INFO: Trained: /home/olarinoyem/miniconda3/envs/tf/bin/python /home/olarinoyem/Project/MSAGAT-Net/src/train.py --dataset japan --sim_mat japan-adj --window 20 --horizon 3 --ablation no_mtfm --save_dir /home/olarinoyem/Project/MSAGAT-Net/save_all --cuda --gpu 0
2025-05-04 01:59:26,528 INFO: Trained: /home/olarinoyem/miniconda3/envs/tf/bin/python /home/olarinoyem/Project/MSAGAT-Net/src/train.py --dataset japan --sim_mat japan-adj --window 20 --horizon 3 --ablation no_pprm --save_dir /home/olarinoyem/Project/MSAGAT-Net/save_all --cuda --gpu 0
2025-05-04 02:01:28,207 INFO: Trained: /home/olarinoyem/miniconda3/envs/tf/bin/python /home/olarinoyem/Project/MSAGAT-Net/src/train.py --dataset japan --sim_mat japan-adj --window 20 --horizon 5 --ablation none --save_dir /home/olarinoyem/Project/MSAGAT-Net/save_all --cuda --gpu 0
2025-05-04 02:03:48,459 INFO: Trained: /home/olarinoyem/miniconda3/envs/tf/bin/python /home/olarinoyem/Project/MSAGAT-Net/src/train.py --dataset japan --sim_mat japan-adj --window 20 --horizon 5 --ablation no_agam --save_dir /home/olarinoyem/Project/MSAGAT-Net/save_all --cuda --gpu 0
2025-05-04 02:04:28,768 INFO: Trained: /home/olarinoyem/miniconda3/envs/tf/bin/python /home/olarinoyem/Project/MSAGAT-Net/src/train.py --dataset japan --sim_mat japan-adj --window 20 --horizon 5 --ablation no_mtfm --save_dir /home/olarinoyem/Project/MSAGAT-Net/save_all --cuda --gpu 0
2025-05-04 02:05:55,387 INFO: Trained: /home/olarinoyem/miniconda3/envs/tf/bin/python /home/olarinoyem/Project/MSAGAT-Net/src/train.py --dataset japan --sim_mat japan-adj --window 20 --horizon 5 --ablation no_pprm --save_dir /home/olarinoyem/Project/MSAGAT-Net/save_all --cuda --gpu 0
2025-05-04 02:07:53,211 INFO: Trained: /home/olarinoyem/miniconda3/envs/tf/bin/python /home/olarinoyem/Project/MSAGAT-Net/src/train.py --dataset japan --sim_mat japan-adj --window 20 --horizon 10 --ablation none --save_dir /home/olarinoyem/Project/MSAGAT-Net/save_all --cuda --gpu 0
2025-05-04 02:11:22,127 INFO: Trained: /home/olarinoyem/miniconda3/envs/tf/bin/python /home/olarinoyem/Project/MSAGAT-Net/src/train.py --dataset japan --sim_mat japan-adj --window 20 --horizon 10 --ablation no_agam --save_dir /home/olarinoyem/Project/MSAGAT-Net/save_all --cuda --gpu 0
2025-05-04 02:12:01,457 INFO: Trained: /home/olarinoyem/miniconda3/envs/tf/bin/python /home/olarinoyem/Project/MSAGAT-Net/src/train.py --dataset japan --sim_mat japan-adj --window 20 --horizon 10 --ablation no_mtfm --save_dir /home/olarinoyem/Project/MSAGAT-Net/save_all --cuda --gpu 0
2025-05-04 02:13:38,461 INFO: Trained: /home/olarinoyem/miniconda3/envs/tf/bin/python /home/olarinoyem/Project/MSAGAT-Net/src/train.py --dataset japan --sim_mat japan-adj --window 20 --horizon 10 --ablation no_pprm --save_dir /home/olarinoyem/Project/MSAGAT-Net/save_all --cuda --gpu 0
2025-05-04 02:14:52,586 INFO: Trained: /home/olarinoyem/miniconda3/envs/tf/bin/python /home/olarinoyem/Project/MSAGAT-Net/src/train.py --dataset japan --sim_mat japan-adj --window 20 --horizon 15 --ablation none --save_dir /home/olarinoyem/Project/MSAGAT-Net/save_all --cuda --gpu 0
2025-05-04 02:16:32,771 INFO: Trained: /home/olarinoyem/miniconda3/envs/tf/bin/python /home/olarinoyem/Project/MSAGAT-Net/src/train.py --dataset japan --sim_mat japan-adj --window 20 --horizon 15 --ablation no_agam --save_dir /home/olarinoyem/Project/MSAGAT-Net/save_all --cuda --gpu 0
2025-05-04 02:16:56,990 INFO: Trained: /home/olarinoyem/miniconda3/envs/tf/bin/python /home/olarinoyem/Project/MSAGAT-Net/src/train.py --dataset japan --sim_mat japan-adj --window 20 --horizon 15 --ablation no_mtfm --save_dir /home/olarinoyem/Project/MSAGAT-Net/save_all --cuda --gpu 0
2025-05-04 02:18:42,787 INFO: Trained: /home/olarinoyem/miniconda3/envs/tf/bin/python /home/olarinoyem/Project/MSAGAT-Net/src/train.py --dataset japan --sim_mat japan-adj --window 20 --horizon 15 --ablation no_pprm --save_dir /home/olarinoyem/Project/MSAGAT-Net/save_all --cuda --gpu 0
2025-05-04 02:21:24,155 INFO: Trained: /home/olarinoyem/miniconda3/envs/tf/bin/python /home/olarinoyem/Project/MSAGAT-Net/src/train.py --dataset region785 --sim_mat region-adj --window 20 --horizon 3 --ablation none --save_dir /home/olarinoyem/Project/MSAGAT-Net/save_all --cuda --gpu 0
2025-05-04 02:23:39,297 INFO: Trained: /home/olarinoyem/miniconda3/envs/tf/bin/python /home/olarinoyem/Project/MSAGAT-Net/src/train.py --dataset region785 --sim_mat region-adj --window 20 --horizon 3 --ablation no_agam --save_dir /home/olarinoyem/Project/MSAGAT-Net/save_all --cuda --gpu 0
2025-05-04 02:24:04,782 INFO: Trained: /home/olarinoyem/miniconda3/envs/tf/bin/python /home/olarinoyem/Project/MSAGAT-Net/src/train.py --dataset region785 --sim_mat region-adj --window 20 --horizon 3 --ablation no_mtfm --save_dir /home/olarinoyem/Project/MSAGAT-Net/save_all --cuda --gpu 0
2025-05-04 02:26:41,647 INFO: Trained: /home/olarinoyem/miniconda3/envs/tf/bin/python /home/olarinoyem/Project/MSAGAT-Net/src/train.py --dataset region785 --sim_mat region-adj --window 20 --horizon 3 --ablation no_pprm --save_dir /home/olarinoyem/Project/MSAGAT-Net/save_all --cuda --gpu 0
2025-05-04 02:30:33,525 INFO: Trained: /home/olarinoyem/miniconda3/envs/tf/bin/python /home/olarinoyem/Project/MSAGAT-Net/src/train.py --dataset region785 --sim_mat region-adj --window 20 --horizon 5 --ablation none --save_dir /home/olarinoyem/Project/MSAGAT-Net/save_all --cuda --gpu 0
2025-05-04 02:32:57,400 INFO: Trained: /home/olarinoyem/miniconda3/envs/tf/bin/python /home/olarinoyem/Project/MSAGAT-Net/src/train.py --dataset region785 --sim_mat region-adj --window 20 --horizon 5 --ablation no_agam --save_dir /home/olarinoyem/Project/MSAGAT-Net/save_all --cuda --gpu 0
2025-05-04 02:33:31,485 INFO: Trained: /home/olarinoyem/miniconda3/envs/tf/bin/python /home/olarinoyem/Project/MSAGAT-Net/src/train.py --dataset region785 --sim_mat region-adj --window 20 --horizon 5 --ablation no_mtfm --save_dir /home/olarinoyem/Project/MSAGAT-Net/save_all --cuda --gpu 0
2025-05-04 02:37:26,347 INFO: Trained: /home/olarinoyem/miniconda3/envs/tf/bin/python /home/olarinoyem/Project/MSAGAT-Net/src/train.py --dataset region785 --sim_mat region-adj --window 20 --horizon 5 --ablation no_pprm --save_dir /home/olarinoyem/Project/MSAGAT-Net/save_all --cuda --gpu 0
2025-05-04 02:41:19,190 INFO: Trained: /home/olarinoyem/miniconda3/envs/tf/bin/python /home/olarinoyem/Project/MSAGAT-Net/src/train.py --dataset region785 --sim_mat region-adj --window 20 --horizon 10 --ablation none --save_dir /home/olarinoyem/Project/MSAGAT-Net/save_all --cuda --gpu 0
2025-05-04 02:43:38,438 INFO: Trained: /home/olarinoyem/miniconda3/envs/tf/bin/python /home/olarinoyem/Project/MSAGAT-Net/src/train.py --dataset region785 --sim_mat region-adj --window 20 --horizon 10 --ablation no_agam --save_dir /home/olarinoyem/Project/MSAGAT-Net/save_all --cuda --gpu 0
2025-05-04 02:44:16,387 INFO: Trained: /home/olarinoyem/miniconda3/envs/tf/bin/python /home/olarinoyem/Project/MSAGAT-Net/src/train.py --dataset region785 --sim_mat region-adj --window 20 --horizon 10 --ablation no_mtfm --save_dir /home/olarinoyem/Project/MSAGAT-Net/save_all --cuda --gpu 0
2025-05-04 02:47:54,784 INFO: Trained: /home/olarinoyem/miniconda3/envs/tf/bin/python /home/olarinoyem/Project/MSAGAT-Net/src/train.py --dataset region785 --sim_mat region-adj --window 20 --horizon 10 --ablation no_pprm --save_dir /home/olarinoyem/Project/MSAGAT-Net/save_all --cuda --gpu 0
2025-05-04 02:51:21,911 INFO: Trained: /home/olarinoyem/miniconda3/envs/tf/bin/python /home/olarinoyem/Project/MSAGAT-Net/src/train.py --dataset region785 --sim_mat region-adj --window 20 --horizon 15 --ablation none --save_dir /home/olarinoyem/Project/MSAGAT-Net/save_all --cuda --gpu 0
2025-05-04 02:55:30,938 INFO: Trained: /home/olarinoyem/miniconda3/envs/tf/bin/python /home/olarinoyem/Project/MSAGAT-Net/src/train.py --dataset region785 --sim_mat region-adj --window 20 --horizon 15 --ablation no_agam --save_dir /home/olarinoyem/Project/MSAGAT-Net/save_all --cuda --gpu 0
2025-05-04 02:56:05,959 INFO: Trained: /home/olarinoyem/miniconda3/envs/tf/bin/python /home/olarinoyem/Project/MSAGAT-Net/src/train.py --dataset region785 --sim_mat region-adj --window 20 --horizon 15 --ablation no_mtfm --save_dir /home/olarinoyem/Project/MSAGAT-Net/save_all --cuda --gpu 0
2025-05-04 02:58:55,627 INFO: Trained: /home/olarinoyem/miniconda3/envs/tf/bin/python /home/olarinoyem/Project/MSAGAT-Net/src/train.py --dataset region785 --sim_mat region-adj --window 20 --horizon 15 --ablation no_pprm --save_dir /home/olarinoyem/Project/MSAGAT-Net/save_all --cuda --gpu 0
2025-05-04 03:00:39,701 INFO: Trained: /home/olarinoyem/miniconda3/envs/tf/bin/python /home/olarinoyem/Project/MSAGAT-Net/src/train.py --dataset state360 --sim_mat state-adj-49 --window 20 --horizon 3 --ablation none --save_dir /home/olarinoyem/Project/MSAGAT-Net/save_all --cuda --gpu 0
2025-05-04 03:05:08,354 INFO: Trained: /home/olarinoyem/miniconda3/envs/tf/bin/python /home/olarinoyem/Project/MSAGAT-Net/src/train.py --dataset state360 --sim_mat state-adj-49 --window 20 --horizon 3 --ablation no_agam --save_dir /home/olarinoyem/Project/MSAGAT-Net/save_all --cuda --gpu 0
2025-05-04 03:05:46,743 INFO: Trained: /home/olarinoyem/miniconda3/envs/tf/bin/python /home/olarinoyem/Project/MSAGAT-Net/src/train.py --dataset state360 --sim_mat state-adj-49 --window 20 --horizon 3 --ablation no_mtfm --save_dir /home/olarinoyem/Project/MSAGAT-Net/save_all --cuda --gpu 0
2025-05-04 03:07:28,886 INFO: Trained: /home/olarinoyem/miniconda3/envs/tf/bin/python /home/olarinoyem/Project/MSAGAT-Net/src/train.py --dataset state360 --sim_mat state-adj-49 --window 20 --horizon 3 --ablation no_pprm --save_dir /home/olarinoyem/Project/MSAGAT-Net/save_all --cuda --gpu 0
2025-05-04 03:09:26,777 INFO: Trained: /home/olarinoyem/miniconda3/envs/tf/bin/python /home/olarinoyem/Project/MSAGAT-Net/src/train.py --dataset state360 --sim_mat state-adj-49 --window 20 --horizon 5 --ablation none --save_dir /home/olarinoyem/Project/MSAGAT-Net/save_all --cuda --gpu 0
2025-05-04 03:12:54,063 INFO: Trained: /home/olarinoyem/miniconda3/envs/tf/bin/python /home/olarinoyem/Project/MSAGAT-Net/src/train.py --dataset state360 --sim_mat state-adj-49 --window 20 --horizon 5 --ablation no_agam --save_dir /home/olarinoyem/Project/MSAGAT-Net/save_all --cuda --gpu 0
2025-05-04 03:13:31,630 INFO: Trained: /home/olarinoyem/miniconda3/envs/tf/bin/python /home/olarinoyem/Project/MSAGAT-Net/src/train.py --dataset state360 --sim_mat state-adj-49 --window 20 --horizon 5 --ablation no_mtfm --save_dir /home/olarinoyem/Project/MSAGAT-Net/save_all --cuda --gpu 0
2025-05-04 03:16:02,364 INFO: Trained: /home/olarinoyem/miniconda3/envs/tf/bin/python /home/olarinoyem/Project/MSAGAT-Net/src/train.py --dataset state360 --sim_mat state-adj-49 --window 20 --horizon 5 --ablation no_pprm --save_dir /home/olarinoyem/Project/MSAGAT-Net/save_all --cuda --gpu 0
2025-05-04 03:20:08,917 INFO: Trained: /home/olarinoyem/miniconda3/envs/tf/bin/python /home/olarinoyem/Project/MSAGAT-Net/src/train.py --dataset state360 --sim_mat state-adj-49 --window 20 --horizon 10 --ablation none --save_dir /home/olarinoyem/Project/MSAGAT-Net/save_all --cuda --gpu 0
2025-05-04 03:21:46,266 INFO: Trained: /home/olarinoyem/miniconda3/envs/tf/bin/python /home/olarinoyem/Project/MSAGAT-Net/src/train.py --dataset state360 --sim_mat state-adj-49 --window 20 --horizon 10 --ablation no_agam --save_dir /home/olarinoyem/Project/MSAGAT-Net/save_all --cuda --gpu 0
2025-05-04 03:22:28,665 INFO: Trained: /home/olarinoyem/miniconda3/envs/tf/bin/python /home/olarinoyem/Project/MSAGAT-Net/src/train.py --dataset state360 --sim_mat state-adj-49 --window 20 --horizon 10 --ablation no_mtfm --save_dir /home/olarinoyem/Project/MSAGAT-Net/save_all --cuda --gpu 0
2025-05-04 03:25:12,943 INFO: Trained: /home/olarinoyem/miniconda3/envs/tf/bin/python /home/olarinoyem/Project/MSAGAT-Net/src/train.py --dataset state360 --sim_mat state-adj-49 --window 20 --horizon 10 --ablation no_pprm --save_dir /home/olarinoyem/Project/MSAGAT-Net/save_all --cuda --gpu 0
2025-05-04 03:27:48,804 INFO: Trained: /home/olarinoyem/miniconda3/envs/tf/bin/python /home/olarinoyem/Project/MSAGAT-Net/src/train.py --dataset state360 --sim_mat state-adj-49 --window 20 --horizon 15 --ablation none --save_dir /home/olarinoyem/Project/MSAGAT-Net/save_all --cuda --gpu 0
2025-05-04 03:29:56,681 INFO: Trained: /home/olarinoyem/miniconda3/envs/tf/bin/python /home/olarinoyem/Project/MSAGAT-Net/src/train.py --dataset state360 --sim_mat state-adj-49 --window 20 --horizon 15 --ablation no_agam --save_dir /home/olarinoyem/Project/MSAGAT-Net/save_all --cuda --gpu 0
2025-05-04 03:30:40,405 INFO: Trained: /home/olarinoyem/miniconda3/envs/tf/bin/python /home/olarinoyem/Project/MSAGAT-Net/src/train.py --dataset state360 --sim_mat state-adj-49 --window 20 --horizon 15 --ablation no_mtfm --save_dir /home/olarinoyem/Project/MSAGAT-Net/save_all --cuda --gpu 0
2025-05-04 03:32:23,957 INFO: Trained: /home/olarinoyem/miniconda3/envs/tf/bin/python /home/olarinoyem/Project/MSAGAT-Net/src/train.py --dataset state360 --sim_mat state-adj-49 --window 20 --horizon 15 --ablation no_pprm --save_dir /home/olarinoyem/Project/MSAGAT-Net/save_all --cuda --gpu 0
2025-05-04 03:34:45,095 INFO: Trained: /home/olarinoyem/miniconda3/envs/tf/bin/python /home/olarinoyem/Project/MSAGAT-Net/src/train.py --dataset australia-covid --sim_mat australia-adj --window 20 --horizon 3 --ablation none --save_dir /home/olarinoyem/Project/MSAGAT-Net/save_all --cuda --gpu 0
2025-05-04 03:38:34,934 INFO: Trained: /home/olarinoyem/miniconda3/envs/tf/bin/python /home/olarinoyem/Project/MSAGAT-Net/src/train.py --dataset australia-covid --sim_mat australia-adj --window 20 --horizon 3 --ablation no_agam --save_dir /home/olarinoyem/Project/MSAGAT-Net/save_all --cuda --gpu 0
2025-05-04 03:38:58,664 INFO: Trained: /home/olarinoyem/miniconda3/envs/tf/bin/python /home/olarinoyem/Project/MSAGAT-Net/src/train.py --dataset australia-covid --sim_mat australia-adj --window 20 --horizon 3 --ablation no_mtfm --save_dir /home/olarinoyem/Project/MSAGAT-Net/save_all --cuda --gpu 0
2025-05-04 03:42:38,290 INFO: Trained: /home/olarinoyem/miniconda3/envs/tf/bin/python /home/olarinoyem/Project/MSAGAT-Net/src/train.py --dataset australia-covid --sim_mat australia-adj --window 20 --horizon 3 --ablation no_pprm --save_dir /home/olarinoyem/Project/MSAGAT-Net/save_all --cuda --gpu 0
2025-05-04 03:44:40,432 INFO: Trained: /home/olarinoyem/miniconda3/envs/tf/bin/python /home/olarinoyem/Project/MSAGAT-Net/src/train.py --dataset australia-covid --sim_mat australia-adj --window 20 --horizon 7 --ablation none --save_dir /home/olarinoyem/Project/MSAGAT-Net/save_all --cuda --gpu 0
2025-05-04 03:47:32,798 INFO: Trained: /home/olarinoyem/miniconda3/envs/tf/bin/python /home/olarinoyem/Project/MSAGAT-Net/src/train.py --dataset australia-covid --sim_mat australia-adj --window 20 --horizon 7 --ablation no_agam --save_dir /home/olarinoyem/Project/MSAGAT-Net/save_all --cuda --gpu 0
2025-05-04 03:47:59,903 INFO: Trained: /home/olarinoyem/miniconda3/envs/tf/bin/python /home/olarinoyem/Project/MSAGAT-Net/src/train.py --dataset australia-covid --sim_mat australia-adj --window 20 --horizon 7 --ablation no_mtfm --save_dir /home/olarinoyem/Project/MSAGAT-Net/save_all --cuda --gpu 0
2025-05-04 03:51:12,332 INFO: Trained: /home/olarinoyem/miniconda3/envs/tf/bin/python /home/olarinoyem/Project/MSAGAT-Net/src/train.py --dataset australia-covid --sim_mat australia-adj --window 20 --horizon 7 --ablation no_pprm --save_dir /home/olarinoyem/Project/MSAGAT-Net/save_all --cuda --gpu 0
2025-05-04 03:53:09,060 INFO: Trained: /home/olarinoyem/miniconda3/envs/tf/bin/python /home/olarinoyem/Project/MSAGAT-Net/src/train.py --dataset australia-covid --sim_mat australia-adj --window 20 --horizon 14 --ablation none --save_dir /home/olarinoyem/Project/MSAGAT-Net/save_all --cuda --gpu 0
2025-05-04 03:55:37,316 INFO: Trained: /home/olarinoyem/miniconda3/envs/tf/bin/python /home/olarinoyem/Project/MSAGAT-Net/src/train.py --dataset australia-covid --sim_mat australia-adj --window 20 --horizon 14 --ablation no_agam --save_dir /home/olarinoyem/Project/MSAGAT-Net/save_all --cuda --gpu 0
2025-05-04 03:55:59,756 INFO: Trained: /home/olarinoyem/miniconda3/envs/tf/bin/python /home/olarinoyem/Project/MSAGAT-Net/src/train.py --dataset australia-covid --sim_mat australia-adj --window 20 --horizon 14 --ablation no_mtfm --save_dir /home/olarinoyem/Project/MSAGAT-Net/save_all --cuda --gpu 0
2025-05-04 03:57:42,791 INFO: Trained: /home/olarinoyem/miniconda3/envs/tf/bin/python /home/olarinoyem/Project/MSAGAT-Net/src/train.py --dataset australia-covid --sim_mat australia-adj --window 20 --horizon 14 --ablation no_pprm --save_dir /home/olarinoyem/Project/MSAGAT-Net/save_all --cuda --gpu 0
2025-05-04 03:58:12,473 INFO: Trained: /home/olarinoyem/miniconda3/envs/tf/bin/python /home/olarinoyem/Project/MSAGAT-Net/src/train.py --dataset spain-covid --sim_mat spain-adj --window 20 --horizon 3 --ablation none --save_dir /home/olarinoyem/Project/MSAGAT-Net/save_all --cuda --gpu 0
2025-05-04 03:58:41,274 INFO: Trained: /home/olarinoyem/miniconda3/envs/tf/bin/python /home/olarinoyem/Project/MSAGAT-Net/src/train.py --dataset spain-covid --sim_mat spain-adj --window 20 --horizon 3 --ablation no_agam --save_dir /home/olarinoyem/Project/MSAGAT-Net/save_all --cuda --gpu 0
2025-05-04 03:59:06,015 INFO: Trained: /home/olarinoyem/miniconda3/envs/tf/bin/python /home/olarinoyem/Project/MSAGAT-Net/src/train.py --dataset spain-covid --sim_mat spain-adj --window 20 --horizon 3 --ablation no_mtfm --save_dir /home/olarinoyem/Project/MSAGAT-Net/save_all --cuda --gpu 0
2025-05-04 03:59:39,505 INFO: Trained: /home/olarinoyem/miniconda3/envs/tf/bin/python /home/olarinoyem/Project/MSAGAT-Net/src/train.py --dataset spain-covid --sim_mat spain-adj --window 20 --horizon 3 --ablation no_pprm --save_dir /home/olarinoyem/Project/MSAGAT-Net/save_all --cuda --gpu 0
2025-05-04 04:00:18,796 INFO: Trained: /home/olarinoyem/miniconda3/envs/tf/bin/python /home/olarinoyem/Project/MSAGAT-Net/src/train.py --dataset spain-covid --sim_mat spain-adj --window 20 --horizon 7 --ablation none --save_dir /home/olarinoyem/Project/MSAGAT-Net/save_all --cuda --gpu 0
2025-05-04 04:00:51,639 INFO: Trained: /home/olarinoyem/miniconda3/envs/tf/bin/python /home/olarinoyem/Project/MSAGAT-Net/src/train.py --dataset spain-covid --sim_mat spain-adj --window 20 --horizon 7 --ablation no_agam --save_dir /home/olarinoyem/Project/MSAGAT-Net/save_all --cuda --gpu 0
2025-05-04 04:01:09,526 INFO: Trained: /home/olarinoyem/miniconda3/envs/tf/bin/python /home/olarinoyem/Project/MSAGAT-Net/src/train.py --dataset spain-covid --sim_mat spain-adj --window 20 --horizon 7 --ablation no_mtfm --save_dir /home/olarinoyem/Project/MSAGAT-Net/save_all --cuda --gpu 0
2025-05-04 04:01:40,996 INFO: Trained: /home/olarinoyem/miniconda3/envs/tf/bin/python /home/olarinoyem/Project/MSAGAT-Net/src/train.py --dataset spain-covid --sim_mat spain-adj --window 20 --horizon 7 --ablation no_pprm --save_dir /home/olarinoyem/Project/MSAGAT-Net/save_all --cuda --gpu 0
2025-05-04 04:02:16,760 INFO: Trained: /home/olarinoyem/miniconda3/envs/tf/bin/python /home/olarinoyem/Project/MSAGAT-Net/src/train.py --dataset spain-covid --sim_mat spain-adj --window 20 --horizon 14 --ablation none --save_dir /home/olarinoyem/Project/MSAGAT-Net/save_all --cuda --gpu 0
2025-05-04 04:02:55,974 INFO: Trained: /home/olarinoyem/miniconda3/envs/tf/bin/python /home/olarinoyem/Project/MSAGAT-Net/src/train.py --dataset spain-covid --sim_mat spain-adj --window 20 --horizon 14 --ablation no_agam --save_dir /home/olarinoyem/Project/MSAGAT-Net/save_all --cuda --gpu 0
2025-05-04 04:03:16,866 INFO: Trained: /home/olarinoyem/miniconda3/envs/tf/bin/python /home/olarinoyem/Project/MSAGAT-Net/src/train.py --dataset spain-covid --sim_mat spain-adj --window 20 --horizon 14 --ablation no_mtfm --save_dir /home/olarinoyem/Project/MSAGAT-Net/save_all --cuda --gpu 0
2025-05-04 04:03:52,243 INFO: Trained: /home/olarinoyem/miniconda3/envs/tf/bin/python /home/olarinoyem/Project/MSAGAT-Net/src/train.py --dataset spain-covid --sim_mat spain-adj --window 20 --horizon 14 --ablation no_pprm --save_dir /home/olarinoyem/Project/MSAGAT-Net/save_all --cuda --gpu 0
2025-05-04 04:07:04,330 INFO: Trained: /home/olarinoyem/miniconda3/envs/tf/bin/python /home/olarinoyem/Project/MSAGAT-Net/src/train.py --dataset nhs_timeseries --sim_mat nhs-adj --window 20 --horizon 3 --ablation none --save_dir /home/olarinoyem/Project/MSAGAT-Net/save_all --cuda --gpu 0
2025-05-04 04:10:19,875 INFO: Trained: /home/olarinoyem/miniconda3/envs/tf/bin/python /home/olarinoyem/Project/MSAGAT-Net/src/train.py --dataset nhs_timeseries --sim_mat nhs-adj --window 20 --horizon 3 --ablation no_agam --save_dir /home/olarinoyem/Project/MSAGAT-Net/save_all --cuda --gpu 0
2025-05-04 04:10:48,876 INFO: Trained: /home/olarinoyem/miniconda3/envs/tf/bin/python /home/olarinoyem/Project/MSAGAT-Net/src/train.py --dataset nhs_timeseries --sim_mat nhs-adj --window 20 --horizon 3 --ablation no_mtfm --save_dir /home/olarinoyem/Project/MSAGAT-Net/save_all --cuda --gpu 0
2025-05-04 04:13:39,369 INFO: Trained: /home/olarinoyem/miniconda3/envs/tf/bin/python /home/olarinoyem/Project/MSAGAT-Net/src/train.py --dataset nhs_timeseries --sim_mat nhs-adj --window 20 --horizon 3 --ablation no_pprm --save_dir /home/olarinoyem/Project/MSAGAT-Net/save_all --cuda --gpu 0
2025-05-04 04:16:40,458 INFO: Trained: /home/olarinoyem/miniconda3/envs/tf/bin/python /home/olarinoyem/Project/MSAGAT-Net/src/train.py --dataset nhs_timeseries --sim_mat nhs-adj --window 20 --horizon 7 --ablation none --save_dir /home/olarinoyem/Project/MSAGAT-Net/save_all --cuda --gpu 0
2025-05-04 04:19:21,199 INFO: Trained: /home/olarinoyem/miniconda3/envs/tf/bin/python /home/olarinoyem/Project/MSAGAT-Net/src/train.py --dataset nhs_timeseries --sim_mat nhs-adj --window 20 --horizon 7 --ablation no_agam --save_dir /home/olarinoyem/Project/MSAGAT-Net/save_all --cuda --gpu 0
2025-05-04 04:19:54,781 INFO: Trained: /home/olarinoyem/miniconda3/envs/tf/bin/python /home/olarinoyem/Project/MSAGAT-Net/src/train.py --dataset nhs_timeseries --sim_mat nhs-adj --window 20 --horizon 7 --ablation no_mtfm --save_dir /home/olarinoyem/Project/MSAGAT-Net/save_all --cuda --gpu 0
2025-05-04 04:23:26,595 INFO: Trained: /home/olarinoyem/miniconda3/envs/tf/bin/python /home/olarinoyem/Project/MSAGAT-Net/src/train.py --dataset nhs_timeseries --sim_mat nhs-adj --window 20 --horizon 7 --ablation no_pprm --save_dir /home/olarinoyem/Project/MSAGAT-Net/save_all --cuda --gpu 0
2025-05-04 04:26:58,659 INFO: Trained: /home/olarinoyem/miniconda3/envs/tf/bin/python /home/olarinoyem/Project/MSAGAT-Net/src/train.py --dataset nhs_timeseries --sim_mat nhs-adj --window 20 --horizon 14 --ablation none --save_dir /home/olarinoyem/Project/MSAGAT-Net/save_all --cuda --gpu 0
2025-05-04 04:30:38,930 INFO: Trained: /home/olarinoyem/miniconda3/envs/tf/bin/python /home/olarinoyem/Project/MSAGAT-Net/src/train.py --dataset nhs_timeseries --sim_mat nhs-adj --window 20 --horizon 14 --ablation no_agam --save_dir /home/olarinoyem/Project/MSAGAT-Net/save_all --cuda --gpu 0
2025-05-04 04:31:10,942 INFO: Trained: /home/olarinoyem/miniconda3/envs/tf/bin/python /home/olarinoyem/Project/MSAGAT-Net/src/train.py --dataset nhs_timeseries --sim_mat nhs-adj --window 20 --horizon 14 --ablation no_mtfm --save_dir /home/olarinoyem/Project/MSAGAT-Net/save_all --cuda --gpu 0
2025-05-04 04:34:14,179 INFO: Trained: /home/olarinoyem/miniconda3/envs/tf/bin/python /home/olarinoyem/Project/MSAGAT-Net/src/train.py --dataset nhs_timeseries --sim_mat nhs-adj --window 20 --horizon 14 --ablation no_pprm --save_dir /home/olarinoyem/Project/MSAGAT-Net/save_all --cuda --gpu 0
2025-05-04 04:37:50,984 INFO: Trained: /home/olarinoyem/miniconda3/envs/tf/bin/python /home/olarinoyem/Project/MSAGAT-Net/src/train.py --dataset ltla_timeseries --sim_mat ltla-adj --window 20 --horizon 3 --ablation none --save_dir /home/olarinoyem/Project/MSAGAT-Net/save_all --cuda --gpu 0
2025-05-04 04:41:27,897 INFO: Trained: /home/olarinoyem/miniconda3/envs/tf/bin/python /home/olarinoyem/Project/MSAGAT-Net/src/train.py --dataset ltla_timeseries --sim_mat ltla-adj --window 20 --horizon 3 --ablation no_agam --save_dir /home/olarinoyem/Project/MSAGAT-Net/save_all --cuda --gpu 0
2025-05-04 04:42:54,203 INFO: Trained: /home/olarinoyem/miniconda3/envs/tf/bin/python /home/olarinoyem/Project/MSAGAT-Net/src/train.py --dataset ltla_timeseries --sim_mat ltla-adj --window 20 --horizon 3 --ablation no_mtfm --save_dir /home/olarinoyem/Project/MSAGAT-Net/save_all --cuda --gpu 0
2025-05-04 04:48:03,535 INFO: Trained: /home/olarinoyem/miniconda3/envs/tf/bin/python /home/olarinoyem/Project/MSAGAT-Net/src/train.py --dataset ltla_timeseries --sim_mat ltla-adj --window 20 --horizon 3 --ablation no_pprm --save_dir /home/olarinoyem/Project/MSAGAT-Net/save_all --cuda --gpu 0
2025-05-04 04:51:46,144 INFO: Trained: /home/olarinoyem/miniconda3/envs/tf/bin/python /home/olarinoyem/Project/MSAGAT-Net/src/train.py --dataset ltla_timeseries --sim_mat ltla-adj --window 20 --horizon 7 --ablation none --save_dir /home/olarinoyem/Project/MSAGAT-Net/save_all --cuda --gpu 0
2025-05-04 04:55:25,234 INFO: Trained: /home/olarinoyem/miniconda3/envs/tf/bin/python /home/olarinoyem/Project/MSAGAT-Net/src/train.py --dataset ltla_timeseries --sim_mat ltla-adj --window 20 --horizon 7 --ablation no_agam --save_dir /home/olarinoyem/Project/MSAGAT-Net/save_all --cuda --gpu 0
2025-05-04 04:56:43,095 INFO: Trained: /home/olarinoyem/miniconda3/envs/tf/bin/python /home/olarinoyem/Project/MSAGAT-Net/src/train.py --dataset ltla_timeseries --sim_mat ltla-adj --window 20 --horizon 7 --ablation no_mtfm --save_dir /home/olarinoyem/Project/MSAGAT-Net/save_all --cuda --gpu 0
2025-05-04 05:01:23,480 INFO: Trained: /home/olarinoyem/miniconda3/envs/tf/bin/python /home/olarinoyem/Project/MSAGAT-Net/src/train.py --dataset ltla_timeseries --sim_mat ltla-adj --window 20 --horizon 7 --ablation no_pprm --save_dir /home/olarinoyem/Project/MSAGAT-Net/save_all --cuda --gpu 0
2025-05-04 05:13:22,694 INFO: Trained: /home/olarinoyem/miniconda3/envs/tf/bin/python /home/olarinoyem/Project/MSAGAT-Net/src/train.py --dataset ltla_timeseries --sim_mat ltla-adj --window 20 --horizon 14 --ablation none --save_dir /home/olarinoyem/Project/MSAGAT-Net/save_all --cuda --gpu 0
2025-05-04 05:17:18,656 INFO: Trained: /home/olarinoyem/miniconda3/envs/tf/bin/python /home/olarinoyem/Project/MSAGAT-Net/src/train.py --dataset ltla_timeseries --sim_mat ltla-adj --window 20 --horizon 14 --ablation no_agam --save_dir /home/olarinoyem/Project/MSAGAT-Net/save_all --cuda --gpu 0
2025-05-04 05:19:07,034 INFO: Trained: /home/olarinoyem/miniconda3/envs/tf/bin/python /home/olarinoyem/Project/MSAGAT-Net/src/train.py --dataset ltla_timeseries --sim_mat ltla-adj --window 20 --horizon 14 --ablation no_mtfm --save_dir /home/olarinoyem/Project/MSAGAT-Net/save_all --cuda --gpu 0
2025-05-04 05:26:47,987 INFO: Trained: /home/olarinoyem/miniconda3/envs/tf/bin/python /home/olarinoyem/Project/MSAGAT-Net/src/train.py --dataset ltla_timeseries --sim_mat ltla-adj --window 20 --horizon 14 --ablation no_pprm --save_dir /home/olarinoyem/Project/MSAGAT-Net/save_all --cuda --gpu 0
2025-05-04 05:26:48,011 INFO: Saved summary CSV: /home/olarinoyem/Project/MSAGAT-Net/report/results/ablation_summary_japan.w-20.h-3.csv
2025-05-04 05:26:48,015 INFO: Saved report TXT: /home/olarinoyem/Project/MSAGAT-Net/report/results/ablation_report_japan.w-20.h-3.txt
2025-05-04 05:26:48,024 INFO: Saved summary CSV: /home/olarinoyem/Project/MSAGAT-Net/report/results/ablation_summary_japan.w-20.h-5.csv
2025-05-04 05:26:48,026 INFO: Saved report TXT: /home/olarinoyem/Project/MSAGAT-Net/report/results/ablation_report_japan.w-20.h-5.txt
2025-05-04 05:26:48,035 INFO: Saved summary CSV: /home/olarinoyem/Project/MSAGAT-Net/report/results/ablation_summary_japan.w-20.h-10.csv
2025-05-04 05:26:48,037 INFO: Saved report TXT: /home/olarinoyem/Project/MSAGAT-Net/report/results/ablation_report_japan.w-20.h-10.txt
2025-05-04 05:26:48,046 INFO: Saved summary CSV: /home/olarinoyem/Project/MSAGAT-Net/report/results/ablation_summary_japan.w-20.h-15.csv
2025-05-04 05:26:48,049 INFO: Saved report TXT: /home/olarinoyem/Project/MSAGAT-Net/report/results/ablation_report_japan.w-20.h-15.txt
2025-05-04 05:26:48,060 INFO: Saved summary CSV: /home/olarinoyem/Project/MSAGAT-Net/report/results/ablation_summary_region785.w-20.h-3.csv
2025-05-04 05:26:48,062 INFO: Saved report TXT: /home/olarinoyem/Project/MSAGAT-Net/report/results/ablation_report_region785.w-20.h-3.txt
2025-05-04 05:26:48,071 INFO: Saved summary CSV: /home/olarinoyem/Project/MSAGAT-Net/report/results/ablation_summary_region785.w-20.h-5.csv
2025-05-04 05:26:48,073 INFO: Saved report TXT: /home/olarinoyem/Project/MSAGAT-Net/report/results/ablation_report_region785.w-20.h-5.txt
2025-05-04 05:26:48,082 INFO: Saved summary CSV: /home/olarinoyem/Project/MSAGAT-Net/report/results/ablation_summary_region785.w-20.h-10.csv
2025-05-04 05:26:48,084 INFO: Saved report TXT: /home/olarinoyem/Project/MSAGAT-Net/report/results/ablation_report_region785.w-20.h-10.txt
2025-05-04 05:26:48,093 INFO: Saved summary CSV: /home/olarinoyem/Project/MSAGAT-Net/report/results/ablation_summary_region785.w-20.h-15.csv
2025-05-04 05:26:48,095 INFO: Saved report TXT: /home/olarinoyem/Project/MSAGAT-Net/report/results/ablation_report_region785.w-20.h-15.txt
2025-05-04 05:26:48,104 INFO: Saved summary CSV: /home/olarinoyem/Project/MSAGAT-Net/report/results/ablation_summary_state360.w-20.h-3.csv
2025-05-04 05:26:48,106 INFO: Saved report TXT: /home/olarinoyem/Project/MSAGAT-Net/report/results/ablation_report_state360.w-20.h-3.txt
2025-05-04 05:26:48,115 INFO: Saved summary CSV: /home/olarinoyem/Project/MSAGAT-Net/report/results/ablation_summary_state360.w-20.h-5.csv
2025-05-04 05:26:48,117 INFO: Saved report TXT: /home/olarinoyem/Project/MSAGAT-Net/report/results/ablation_report_state360.w-20.h-5.txt
2025-05-04 05:26:48,126 INFO: Saved summary CSV: /home/olarinoyem/Project/MSAGAT-Net/report/results/ablation_summary_state360.w-20.h-10.csv
2025-05-04 05:26:48,128 INFO: Saved report TXT: /home/olarinoyem/Project/MSAGAT-Net/report/results/ablation_report_state360.w-20.h-10.txt
2025-05-04 05:26:48,136 INFO: Saved summary CSV: /home/olarinoyem/Project/MSAGAT-Net/report/results/ablation_summary_state360.w-20.h-15.csv
2025-05-04 05:26:48,139 INFO: Saved report TXT: /home/olarinoyem/Project/MSAGAT-Net/report/results/ablation_report_state360.w-20.h-15.txt
2025-05-04 05:26:48,147 INFO: Saved summary CSV: /home/olarinoyem/Project/MSAGAT-Net/report/results/ablation_summary_australia-covid.w-20.h-3.csv
2025-05-04 05:26:48,149 INFO: Saved report TXT: /home/olarinoyem/Project/MSAGAT-Net/report/results/ablation_report_australia-covid.w-20.h-3.txt
2025-05-04 05:26:48,158 INFO: Saved summary CSV: /home/olarinoyem/Project/MSAGAT-Net/report/results/ablation_summary_australia-covid.w-20.h-7.csv
2025-05-04 05:26:48,160 INFO: Saved report TXT: /home/olarinoyem/Project/MSAGAT-Net/report/results/ablation_report_australia-covid.w-20.h-7.txt
2025-05-04 05:26:48,169 INFO: Saved summary CSV: /home/olarinoyem/Project/MSAGAT-Net/report/results/ablation_summary_australia-covid.w-20.h-14.csv
2025-05-04 05:26:48,171 INFO: Saved report TXT: /home/olarinoyem/Project/MSAGAT-Net/report/results/ablation_report_australia-covid.w-20.h-14.txt
2025-05-04 05:26:48,180 INFO: Saved summary CSV: /home/olarinoyem/Project/MSAGAT-Net/report/results/ablation_summary_spain-covid.w-20.h-3.csv
2025-05-04 05:26:48,182 INFO: Saved report TXT: /home/olarinoyem/Project/MSAGAT-Net/report/results/ablation_report_spain-covid.w-20.h-3.txt
2025-05-04 05:26:48,191 INFO: Saved summary CSV: /home/olarinoyem/Project/MSAGAT-Net/report/results/ablation_summary_spain-covid.w-20.h-7.csv
2025-05-04 05:26:48,193 INFO: Saved report TXT: /home/olarinoyem/Project/MSAGAT-Net/report/results/ablation_report_spain-covid.w-20.h-7.txt
2025-05-04 05:26:48,202 INFO: Saved summary CSV: /home/olarinoyem/Project/MSAGAT-Net/report/results/ablation_summary_spain-covid.w-20.h-14.csv
2025-05-04 05:26:48,204 INFO: Saved report TXT: /home/olarinoyem/Project/MSAGAT-Net/report/results/ablation_report_spain-covid.w-20.h-14.txt
2025-05-04 05:26:48,213 INFO: Saved summary CSV: /home/olarinoyem/Project/MSAGAT-Net/report/results/ablation_summary_nhs_timeseries.w-20.h-3.csv
2025-05-04 05:26:48,215 INFO: Saved report TXT: /home/olarinoyem/Project/MSAGAT-Net/report/results/ablation_report_nhs_timeseries.w-20.h-3.txt
2025-05-04 05:26:48,223 INFO: Saved summary CSV: /home/olarinoyem/Project/MSAGAT-Net/report/results/ablation_summary_nhs_timeseries.w-20.h-7.csv
2025-05-04 05:26:48,225 INFO: Saved report TXT: /home/olarinoyem/Project/MSAGAT-Net/report/results/ablation_report_nhs_timeseries.w-20.h-7.txt
2025-05-04 05:26:48,234 INFO: Saved summary CSV: /home/olarinoyem/Project/MSAGAT-Net/report/results/ablation_summary_nhs_timeseries.w-20.h-14.csv
2025-05-04 05:26:48,236 INFO: Saved report TXT: /home/olarinoyem/Project/MSAGAT-Net/report/results/ablation_report_nhs_timeseries.w-20.h-14.txt
2025-05-04 05:26:48,245 INFO: Saved summary CSV: /home/olarinoyem/Project/MSAGAT-Net/report/results/ablation_summary_ltla_timeseries.w-20.h-3.csv
2025-05-04 05:26:48,247 INFO: Saved report TXT: /home/olarinoyem/Project/MSAGAT-Net/report/results/ablation_report_ltla_timeseries.w-20.h-3.txt
2025-05-04 05:26:48,256 INFO: Saved summary CSV: /home/olarinoyem/Project/MSAGAT-Net/report/results/ablation_summary_ltla_timeseries.w-20.h-7.csv
2025-05-04 05:26:48,258 INFO: Saved report TXT: /home/olarinoyem/Project/MSAGAT-Net/report/results/ablation_report_ltla_timeseries.w-20.h-7.txt
2025-05-04 05:26:48,267 INFO: Saved summary CSV: /home/olarinoyem/Project/MSAGAT-Net/report/results/ablation_summary_ltla_timeseries.w-20.h-14.csv
2025-05-04 05:26:48,269 INFO: Saved report TXT: /home/olarinoyem/Project/MSAGAT-Net/report/results/ablation_report_ltla_timeseries.w-20.h-14.txt
2025-05-04 05:26:48,269 INFO: All experiments complete.
