2025-05-05 13:39:21,221 INFO: Logging to /home/olarinoyem/Project/MSAGAT-Net/logs/run_experiments_20250505_133921.log
2025-05-05 13:41:25,594 INFO: Trained: /home/olarinoyem/miniconda3/envs/tf/bin/python /home/olarinoyem/Project/MSAGAT-Net/src/train.py --dataset japan --sim_mat japan-adj --window 20 --horizon 3 --ablation none --save_dir /home/olarinoyem/Project/MSAGAT-Net/save_all --cuda --gpu 0
2025-05-05 13:43:22,931 INFO: Trained: /home/olarinoyem/miniconda3/envs/tf/bin/python /home/olarinoyem/Project/MSAGAT-Net/src/train.py --dataset japan --sim_mat japan-adj --window 20 --horizon 3 --ablation no_agam --save_dir /home/olarinoyem/Project/MSAGAT-Net/save_all --cuda --gpu 0
2025-05-05 13:44:05,739 INFO: Trained: /home/olarinoyem/miniconda3/envs/tf/bin/python /home/olarinoyem/Project/MSAGAT-Net/src/train.py --dataset japan --sim_mat japan-adj --window 20 --horizon 3 --ablation no_mtfm --save_dir /home/olarinoyem/Project/MSAGAT-Net/save_all --cuda --gpu 0
2025-05-05 13:46:40,325 INFO: Trained: /home/olarinoyem/miniconda3/envs/tf/bin/python /home/olarinoyem/Project/MSAGAT-Net/src/train.py --dataset japan --sim_mat japan-adj --window 20 --horizon 3 --ablation no_pprm --save_dir /home/olarinoyem/Project/MSAGAT-Net/save_all --cuda --gpu 0
2025-05-05 13:50:51,000 INFO: Trained: /home/olarinoyem/miniconda3/envs/tf/bin/python /home/olarinoyem/Project/MSAGAT-Net/src/train.py --dataset japan --sim_mat japan-adj --window 20 --horizon 5 --ablation none --save_dir /home/olarinoyem/Project/MSAGAT-Net/save_all --cuda --gpu 0
2025-05-05 13:54:05,796 INFO: Trained: /home/olarinoyem/miniconda3/envs/tf/bin/python /home/olarinoyem/Project/MSAGAT-Net/src/train.py --dataset japan --sim_mat japan-adj --window 20 --horizon 5 --ablation no_agam --save_dir /home/olarinoyem/Project/MSAGAT-Net/save_all --cuda --gpu 0
2025-05-05 13:54:58,520 INFO: Trained: /home/olarinoyem/miniconda3/envs/tf/bin/python /home/olarinoyem/Project/MSAGAT-Net/src/train.py --dataset japan --sim_mat japan-adj --window 20 --horizon 5 --ablation no_mtfm --save_dir /home/olarinoyem/Project/MSAGAT-Net/save_all --cuda --gpu 0
2025-05-05 13:58:57,966 INFO: Trained: /home/olarinoyem/miniconda3/envs/tf/bin/python /home/olarinoyem/Project/MSAGAT-Net/src/train.py --dataset japan --sim_mat japan-adj --window 20 --horizon 5 --ablation no_pprm --save_dir /home/olarinoyem/Project/MSAGAT-Net/save_all --cuda --gpu 0
2025-05-05 14:01:37,750 INFO: Trained: /home/olarinoyem/miniconda3/envs/tf/bin/python /home/olarinoyem/Project/MSAGAT-Net/src/train.py --dataset japan --sim_mat japan-adj --window 20 --horizon 10 --ablation none --save_dir /home/olarinoyem/Project/MSAGAT-Net/save_all --cuda --gpu 0
2025-05-05 14:03:10,944 INFO: Trained: /home/olarinoyem/miniconda3/envs/tf/bin/python /home/olarinoyem/Project/MSAGAT-Net/src/train.py --dataset japan --sim_mat japan-adj --window 20 --horizon 10 --ablation no_agam --save_dir /home/olarinoyem/Project/MSAGAT-Net/save_all --cuda --gpu 0
2025-05-05 14:03:46,827 INFO: Trained: /home/olarinoyem/miniconda3/envs/tf/bin/python /home/olarinoyem/Project/MSAGAT-Net/src/train.py --dataset japan --sim_mat japan-adj --window 20 --horizon 10 --ablation no_mtfm --save_dir /home/olarinoyem/Project/MSAGAT-Net/save_all --cuda --gpu 0
2025-05-05 14:06:59,734 INFO: Trained: /home/olarinoyem/miniconda3/envs/tf/bin/python /home/olarinoyem/Project/MSAGAT-Net/src/train.py --dataset japan --sim_mat japan-adj --window 20 --horizon 10 --ablation no_pprm --save_dir /home/olarinoyem/Project/MSAGAT-Net/save_all --cuda --gpu 0
2025-05-05 14:09:32,821 INFO: Trained: /home/olarinoyem/miniconda3/envs/tf/bin/python /home/olarinoyem/Project/MSAGAT-Net/src/train.py --dataset japan --sim_mat japan-adj --window 20 --horizon 15 --ablation none --save_dir /home/olarinoyem/Project/MSAGAT-Net/save_all --cuda --gpu 0
2025-05-05 14:11:56,058 INFO: Trained: /home/olarinoyem/miniconda3/envs/tf/bin/python /home/olarinoyem/Project/MSAGAT-Net/src/train.py --dataset japan --sim_mat japan-adj --window 20 --horizon 15 --ablation no_agam --save_dir /home/olarinoyem/Project/MSAGAT-Net/save_all --cuda --gpu 0
2025-05-05 14:12:44,235 INFO: Trained: /home/olarinoyem/miniconda3/envs/tf/bin/python /home/olarinoyem/Project/MSAGAT-Net/src/train.py --dataset japan --sim_mat japan-adj --window 20 --horizon 15 --ablation no_mtfm --save_dir /home/olarinoyem/Project/MSAGAT-Net/save_all --cuda --gpu 0
2025-05-05 14:15:01,086 INFO: Trained: /home/olarinoyem/miniconda3/envs/tf/bin/python /home/olarinoyem/Project/MSAGAT-Net/src/train.py --dataset japan --sim_mat japan-adj --window 20 --horizon 15 --ablation no_pprm --save_dir /home/olarinoyem/Project/MSAGAT-Net/save_all --cuda --gpu 0
2025-05-05 14:17:10,003 INFO: Trained: /home/olarinoyem/miniconda3/envs/tf/bin/python /home/olarinoyem/Project/MSAGAT-Net/src/train.py --dataset region785 --sim_mat region-adj --window 20 --horizon 3 --ablation none --save_dir /home/olarinoyem/Project/MSAGAT-Net/save_all --cuda --gpu 0
2025-05-05 14:20:25,812 INFO: Trained: /home/olarinoyem/miniconda3/envs/tf/bin/python /home/olarinoyem/Project/MSAGAT-Net/src/train.py --dataset region785 --sim_mat region-adj --window 20 --horizon 3 --ablation no_agam --save_dir /home/olarinoyem/Project/MSAGAT-Net/save_all --cuda --gpu 0
2025-05-05 14:20:57,967 INFO: Trained: /home/olarinoyem/miniconda3/envs/tf/bin/python /home/olarinoyem/Project/MSAGAT-Net/src/train.py --dataset region785 --sim_mat region-adj --window 20 --horizon 3 --ablation no_mtfm --save_dir /home/olarinoyem/Project/MSAGAT-Net/save_all --cuda --gpu 0
2025-05-05 14:26:27,382 INFO: Trained: /home/olarinoyem/miniconda3/envs/tf/bin/python /home/olarinoyem/Project/MSAGAT-Net/src/train.py --dataset region785 --sim_mat region-adj --window 20 --horizon 3 --ablation no_pprm --save_dir /home/olarinoyem/Project/MSAGAT-Net/save_all --cuda --gpu 0
2025-05-05 14:30:20,283 INFO: Trained: /home/olarinoyem/miniconda3/envs/tf/bin/python /home/olarinoyem/Project/MSAGAT-Net/src/train.py --dataset region785 --sim_mat region-adj --window 20 --horizon 5 --ablation none --save_dir /home/olarinoyem/Project/MSAGAT-Net/save_all --cuda --gpu 0
2025-05-05 14:34:15,580 INFO: Trained: /home/olarinoyem/miniconda3/envs/tf/bin/python /home/olarinoyem/Project/MSAGAT-Net/src/train.py --dataset region785 --sim_mat region-adj --window 20 --horizon 5 --ablation no_agam --save_dir /home/olarinoyem/Project/MSAGAT-Net/save_all --cuda --gpu 0
2025-05-05 14:34:44,971 INFO: Trained: /home/olarinoyem/miniconda3/envs/tf/bin/python /home/olarinoyem/Project/MSAGAT-Net/src/train.py --dataset region785 --sim_mat region-adj --window 20 --horizon 5 --ablation no_mtfm --save_dir /home/olarinoyem/Project/MSAGAT-Net/save_all --cuda --gpu 0
2025-05-05 14:37:04,022 INFO: Trained: /home/olarinoyem/miniconda3/envs/tf/bin/python /home/olarinoyem/Project/MSAGAT-Net/src/train.py --dataset region785 --sim_mat region-adj --window 20 --horizon 5 --ablation no_pprm --save_dir /home/olarinoyem/Project/MSAGAT-Net/save_all --cuda --gpu 0
2025-05-05 14:40:03,618 INFO: Trained: /home/olarinoyem/miniconda3/envs/tf/bin/python /home/olarinoyem/Project/MSAGAT-Net/src/train.py --dataset region785 --sim_mat region-adj --window 20 --horizon 10 --ablation none --save_dir /home/olarinoyem/Project/MSAGAT-Net/save_all --cuda --gpu 0
2025-05-05 14:43:00,021 INFO: Trained: /home/olarinoyem/miniconda3/envs/tf/bin/python /home/olarinoyem/Project/MSAGAT-Net/src/train.py --dataset region785 --sim_mat region-adj --window 20 --horizon 10 --ablation no_agam --save_dir /home/olarinoyem/Project/MSAGAT-Net/save_all --cuda --gpu 0
2025-05-05 14:43:33,782 INFO: Trained: /home/olarinoyem/miniconda3/envs/tf/bin/python /home/olarinoyem/Project/MSAGAT-Net/src/train.py --dataset region785 --sim_mat region-adj --window 20 --horizon 10 --ablation no_mtfm --save_dir /home/olarinoyem/Project/MSAGAT-Net/save_all --cuda --gpu 0
2025-05-05 14:46:50,476 INFO: Trained: /home/olarinoyem/miniconda3/envs/tf/bin/python /home/olarinoyem/Project/MSAGAT-Net/src/train.py --dataset region785 --sim_mat region-adj --window 20 --horizon 10 --ablation no_pprm --save_dir /home/olarinoyem/Project/MSAGAT-Net/save_all --cuda --gpu 0
2025-05-05 14:49:38,647 INFO: Trained: /home/olarinoyem/miniconda3/envs/tf/bin/python /home/olarinoyem/Project/MSAGAT-Net/src/train.py --dataset region785 --sim_mat region-adj --window 20 --horizon 15 --ablation none --save_dir /home/olarinoyem/Project/MSAGAT-Net/save_all --cuda --gpu 0
2025-05-05 14:52:40,648 INFO: Trained: /home/olarinoyem/miniconda3/envs/tf/bin/python /home/olarinoyem/Project/MSAGAT-Net/src/train.py --dataset region785 --sim_mat region-adj --window 20 --horizon 15 --ablation no_agam --save_dir /home/olarinoyem/Project/MSAGAT-Net/save_all --cuda --gpu 0
2025-05-05 14:53:12,926 INFO: Trained: /home/olarinoyem/miniconda3/envs/tf/bin/python /home/olarinoyem/Project/MSAGAT-Net/src/train.py --dataset region785 --sim_mat region-adj --window 20 --horizon 15 --ablation no_mtfm --save_dir /home/olarinoyem/Project/MSAGAT-Net/save_all --cuda --gpu 0
2025-05-05 14:57:13,899 INFO: Trained: /home/olarinoyem/miniconda3/envs/tf/bin/python /home/olarinoyem/Project/MSAGAT-Net/src/train.py --dataset region785 --sim_mat region-adj --window 20 --horizon 15 --ablation no_pprm --save_dir /home/olarinoyem/Project/MSAGAT-Net/save_all --cuda --gpu 0
2025-05-05 14:59:35,796 INFO: Trained: /home/olarinoyem/miniconda3/envs/tf/bin/python /home/olarinoyem/Project/MSAGAT-Net/src/train.py --dataset state360 --sim_mat state-adj-49 --window 20 --horizon 3 --ablation none --save_dir /home/olarinoyem/Project/MSAGAT-Net/save_all --cuda --gpu 0
2025-05-05 15:02:54,352 INFO: Trained: /home/olarinoyem/miniconda3/envs/tf/bin/python /home/olarinoyem/Project/MSAGAT-Net/src/train.py --dataset state360 --sim_mat state-adj-49 --window 20 --horizon 3 --ablation no_agam --save_dir /home/olarinoyem/Project/MSAGAT-Net/save_all --cuda --gpu 0
2025-05-05 15:04:30,221 INFO: Trained: /home/olarinoyem/miniconda3/envs/tf/bin/python /home/olarinoyem/Project/MSAGAT-Net/src/train.py --dataset state360 --sim_mat state-adj-49 --window 20 --horizon 3 --ablation no_mtfm --save_dir /home/olarinoyem/Project/MSAGAT-Net/save_all --cuda --gpu 0
2025-05-05 15:08:39,022 INFO: Trained: /home/olarinoyem/miniconda3/envs/tf/bin/python /home/olarinoyem/Project/MSAGAT-Net/src/train.py --dataset state360 --sim_mat state-adj-49 --window 20 --horizon 3 --ablation no_pprm --save_dir /home/olarinoyem/Project/MSAGAT-Net/save_all --cuda --gpu 0
2025-05-05 15:12:32,123 INFO: Trained: /home/olarinoyem/miniconda3/envs/tf/bin/python /home/olarinoyem/Project/MSAGAT-Net/src/train.py --dataset state360 --sim_mat state-adj-49 --window 20 --horizon 5 --ablation none --save_dir /home/olarinoyem/Project/MSAGAT-Net/save_all --cuda --gpu 0
2025-05-05 15:17:13,398 INFO: Trained: /home/olarinoyem/miniconda3/envs/tf/bin/python /home/olarinoyem/Project/MSAGAT-Net/src/train.py --dataset state360 --sim_mat state-adj-49 --window 20 --horizon 5 --ablation no_agam --save_dir /home/olarinoyem/Project/MSAGAT-Net/save_all --cuda --gpu 0
2025-05-05 15:17:59,139 INFO: Trained: /home/olarinoyem/miniconda3/envs/tf/bin/python /home/olarinoyem/Project/MSAGAT-Net/src/train.py --dataset state360 --sim_mat state-adj-49 --window 20 --horizon 5 --ablation no_mtfm --save_dir /home/olarinoyem/Project/MSAGAT-Net/save_all --cuda --gpu 0
2025-05-05 15:20:40,738 INFO: Trained: /home/olarinoyem/miniconda3/envs/tf/bin/python /home/olarinoyem/Project/MSAGAT-Net/src/train.py --dataset state360 --sim_mat state-adj-49 --window 20 --horizon 5 --ablation no_pprm --save_dir /home/olarinoyem/Project/MSAGAT-Net/save_all --cuda --gpu 0
2025-05-05 15:25:40,435 INFO: Trained: /home/olarinoyem/miniconda3/envs/tf/bin/python /home/olarinoyem/Project/MSAGAT-Net/src/train.py --dataset state360 --sim_mat state-adj-49 --window 20 --horizon 10 --ablation none --save_dir /home/olarinoyem/Project/MSAGAT-Net/save_all --cuda --gpu 0
2025-05-05 15:27:29,828 INFO: Trained: /home/olarinoyem/miniconda3/envs/tf/bin/python /home/olarinoyem/Project/MSAGAT-Net/src/train.py --dataset state360 --sim_mat state-adj-49 --window 20 --horizon 10 --ablation no_agam --save_dir /home/olarinoyem/Project/MSAGAT-Net/save_all --cuda --gpu 0
2025-05-05 15:28:22,537 INFO: Trained: /home/olarinoyem/miniconda3/envs/tf/bin/python /home/olarinoyem/Project/MSAGAT-Net/src/train.py --dataset state360 --sim_mat state-adj-49 --window 20 --horizon 10 --ablation no_mtfm --save_dir /home/olarinoyem/Project/MSAGAT-Net/save_all --cuda --gpu 0
2025-05-05 15:32:55,236 INFO: Trained: /home/olarinoyem/miniconda3/envs/tf/bin/python /home/olarinoyem/Project/MSAGAT-Net/src/train.py --dataset state360 --sim_mat state-adj-49 --window 20 --horizon 10 --ablation no_pprm --save_dir /home/olarinoyem/Project/MSAGAT-Net/save_all --cuda --gpu 0
2025-05-05 15:37:28,033 INFO: Trained: /home/olarinoyem/miniconda3/envs/tf/bin/python /home/olarinoyem/Project/MSAGAT-Net/src/train.py --dataset state360 --sim_mat state-adj-49 --window 20 --horizon 15 --ablation none --save_dir /home/olarinoyem/Project/MSAGAT-Net/save_all --cuda --gpu 0
2025-05-05 15:40:25,258 INFO: Trained: /home/olarinoyem/miniconda3/envs/tf/bin/python /home/olarinoyem/Project/MSAGAT-Net/src/train.py --dataset state360 --sim_mat state-adj-49 --window 20 --horizon 15 --ablation no_agam --save_dir /home/olarinoyem/Project/MSAGAT-Net/save_all --cuda --gpu 0
2025-05-05 15:41:55,253 INFO: Trained: /home/olarinoyem/miniconda3/envs/tf/bin/python /home/olarinoyem/Project/MSAGAT-Net/src/train.py --dataset state360 --sim_mat state-adj-49 --window 20 --horizon 15 --ablation no_mtfm --save_dir /home/olarinoyem/Project/MSAGAT-Net/save_all --cuda --gpu 0
2025-05-05 15:45:47,915 INFO: Trained: /home/olarinoyem/miniconda3/envs/tf/bin/python /home/olarinoyem/Project/MSAGAT-Net/src/train.py --dataset state360 --sim_mat state-adj-49 --window 20 --horizon 15 --ablation no_pprm --save_dir /home/olarinoyem/Project/MSAGAT-Net/save_all --cuda --gpu 0
2025-05-05 15:50:11,585 INFO: Trained: /home/olarinoyem/miniconda3/envs/tf/bin/python /home/olarinoyem/Project/MSAGAT-Net/src/train.py --dataset australia-covid --sim_mat australia-adj --window 20 --horizon 3 --ablation none --save_dir /home/olarinoyem/Project/MSAGAT-Net/save_all --cuda --gpu 0
2025-05-05 15:58:42,946 INFO: Trained: /home/olarinoyem/miniconda3/envs/tf/bin/python /home/olarinoyem/Project/MSAGAT-Net/src/train.py --dataset australia-covid --sim_mat australia-adj --window 20 --horizon 3 --ablation no_agam --save_dir /home/olarinoyem/Project/MSAGAT-Net/save_all --cuda --gpu 0
2025-05-05 15:59:12,359 INFO: Trained: /home/olarinoyem/miniconda3/envs/tf/bin/python /home/olarinoyem/Project/MSAGAT-Net/src/train.py --dataset australia-covid --sim_mat australia-adj --window 20 --horizon 3 --ablation no_mtfm --save_dir /home/olarinoyem/Project/MSAGAT-Net/save_all --cuda --gpu 0
2025-05-05 16:03:15,076 INFO: Trained: /home/olarinoyem/miniconda3/envs/tf/bin/python /home/olarinoyem/Project/MSAGAT-Net/src/train.py --dataset australia-covid --sim_mat australia-adj --window 20 --horizon 3 --ablation no_pprm --save_dir /home/olarinoyem/Project/MSAGAT-Net/save_all --cuda --gpu 0
2025-05-05 16:07:16,347 INFO: Trained: /home/olarinoyem/miniconda3/envs/tf/bin/python /home/olarinoyem/Project/MSAGAT-Net/src/train.py --dataset australia-covid --sim_mat australia-adj --window 20 --horizon 7 --ablation none --save_dir /home/olarinoyem/Project/MSAGAT-Net/save_all --cuda --gpu 0
2025-05-05 16:10:39,671 INFO: Trained: /home/olarinoyem/miniconda3/envs/tf/bin/python /home/olarinoyem/Project/MSAGAT-Net/src/train.py --dataset australia-covid --sim_mat australia-adj --window 20 --horizon 7 --ablation no_agam --save_dir /home/olarinoyem/Project/MSAGAT-Net/save_all --cuda --gpu 0
2025-05-05 16:11:06,315 INFO: Trained: /home/olarinoyem/miniconda3/envs/tf/bin/python /home/olarinoyem/Project/MSAGAT-Net/src/train.py --dataset australia-covid --sim_mat australia-adj --window 20 --horizon 7 --ablation no_mtfm --save_dir /home/olarinoyem/Project/MSAGAT-Net/save_all --cuda --gpu 0
2025-05-05 16:13:02,569 INFO: Trained: /home/olarinoyem/miniconda3/envs/tf/bin/python /home/olarinoyem/Project/MSAGAT-Net/src/train.py --dataset australia-covid --sim_mat australia-adj --window 20 --horizon 7 --ablation no_pprm --save_dir /home/olarinoyem/Project/MSAGAT-Net/save_all --cuda --gpu 0
2025-05-05 16:17:58,885 INFO: Trained: /home/olarinoyem/miniconda3/envs/tf/bin/python /home/olarinoyem/Project/MSAGAT-Net/src/train.py --dataset australia-covid --sim_mat australia-adj --window 20 --horizon 14 --ablation none --save_dir /home/olarinoyem/Project/MSAGAT-Net/save_all --cuda --gpu 0
2025-05-05 16:23:22,755 INFO: Trained: /home/olarinoyem/miniconda3/envs/tf/bin/python /home/olarinoyem/Project/MSAGAT-Net/src/train.py --dataset australia-covid --sim_mat australia-adj --window 20 --horizon 14 --ablation no_agam --save_dir /home/olarinoyem/Project/MSAGAT-Net/save_all --cuda --gpu 0
2025-05-05 16:23:44,154 INFO: Trained: /home/olarinoyem/miniconda3/envs/tf/bin/python /home/olarinoyem/Project/MSAGAT-Net/src/train.py --dataset australia-covid --sim_mat australia-adj --window 20 --horizon 14 --ablation no_mtfm --save_dir /home/olarinoyem/Project/MSAGAT-Net/save_all --cuda --gpu 0
2025-05-05 16:25:31,451 INFO: Trained: /home/olarinoyem/miniconda3/envs/tf/bin/python /home/olarinoyem/Project/MSAGAT-Net/src/train.py --dataset australia-covid --sim_mat australia-adj --window 20 --horizon 14 --ablation no_pprm --save_dir /home/olarinoyem/Project/MSAGAT-Net/save_all --cuda --gpu 0
2025-05-05 16:26:10,238 INFO: Trained: /home/olarinoyem/miniconda3/envs/tf/bin/python /home/olarinoyem/Project/MSAGAT-Net/src/train.py --dataset spain-covid --sim_mat spain-adj --window 20 --horizon 3 --ablation none --save_dir /home/olarinoyem/Project/MSAGAT-Net/save_all --cuda --gpu 0
2025-05-05 16:26:46,694 INFO: Trained: /home/olarinoyem/miniconda3/envs/tf/bin/python /home/olarinoyem/Project/MSAGAT-Net/src/train.py --dataset spain-covid --sim_mat spain-adj --window 20 --horizon 3 --ablation no_agam --save_dir /home/olarinoyem/Project/MSAGAT-Net/save_all --cuda --gpu 0
2025-05-05 16:27:19,686 INFO: Trained: /home/olarinoyem/miniconda3/envs/tf/bin/python /home/olarinoyem/Project/MSAGAT-Net/src/train.py --dataset spain-covid --sim_mat spain-adj --window 20 --horizon 3 --ablation no_mtfm --save_dir /home/olarinoyem/Project/MSAGAT-Net/save_all --cuda --gpu 0
2025-05-05 16:28:03,561 INFO: Trained: /home/olarinoyem/miniconda3/envs/tf/bin/python /home/olarinoyem/Project/MSAGAT-Net/src/train.py --dataset spain-covid --sim_mat spain-adj --window 20 --horizon 3 --ablation no_pprm --save_dir /home/olarinoyem/Project/MSAGAT-Net/save_all --cuda --gpu 0
2025-05-05 16:29:07,788 INFO: Trained: /home/olarinoyem/miniconda3/envs/tf/bin/python /home/olarinoyem/Project/MSAGAT-Net/src/train.py --dataset spain-covid --sim_mat spain-adj --window 20 --horizon 7 --ablation none --save_dir /home/olarinoyem/Project/MSAGAT-Net/save_all --cuda --gpu 0
2025-05-05 16:29:54,022 INFO: Trained: /home/olarinoyem/miniconda3/envs/tf/bin/python /home/olarinoyem/Project/MSAGAT-Net/src/train.py --dataset spain-covid --sim_mat spain-adj --window 20 --horizon 7 --ablation no_agam --save_dir /home/olarinoyem/Project/MSAGAT-Net/save_all --cuda --gpu 0
2025-05-05 16:30:19,450 INFO: Trained: /home/olarinoyem/miniconda3/envs/tf/bin/python /home/olarinoyem/Project/MSAGAT-Net/src/train.py --dataset spain-covid --sim_mat spain-adj --window 20 --horizon 7 --ablation no_mtfm --save_dir /home/olarinoyem/Project/MSAGAT-Net/save_all --cuda --gpu 0
2025-05-05 16:30:55,895 INFO: Trained: /home/olarinoyem/miniconda3/envs/tf/bin/python /home/olarinoyem/Project/MSAGAT-Net/src/train.py --dataset spain-covid --sim_mat spain-adj --window 20 --horizon 7 --ablation no_pprm --save_dir /home/olarinoyem/Project/MSAGAT-Net/save_all --cuda --gpu 0
2025-05-05 16:32:03,643 INFO: Trained: /home/olarinoyem/miniconda3/envs/tf/bin/python /home/olarinoyem/Project/MSAGAT-Net/src/train.py --dataset spain-covid --sim_mat spain-adj --window 20 --horizon 14 --ablation none --save_dir /home/olarinoyem/Project/MSAGAT-Net/save_all --cuda --gpu 0
2025-05-05 16:33:08,323 INFO: Trained: /home/olarinoyem/miniconda3/envs/tf/bin/python /home/olarinoyem/Project/MSAGAT-Net/src/train.py --dataset spain-covid --sim_mat spain-adj --window 20 --horizon 14 --ablation no_agam --save_dir /home/olarinoyem/Project/MSAGAT-Net/save_all --cuda --gpu 0
2025-05-05 16:33:32,248 INFO: Trained: /home/olarinoyem/miniconda3/envs/tf/bin/python /home/olarinoyem/Project/MSAGAT-Net/src/train.py --dataset spain-covid --sim_mat spain-adj --window 20 --horizon 14 --ablation no_mtfm --save_dir /home/olarinoyem/Project/MSAGAT-Net/save_all --cuda --gpu 0
2025-05-05 16:34:18,474 INFO: Trained: /home/olarinoyem/miniconda3/envs/tf/bin/python /home/olarinoyem/Project/MSAGAT-Net/src/train.py --dataset spain-covid --sim_mat spain-adj --window 20 --horizon 14 --ablation no_pprm --save_dir /home/olarinoyem/Project/MSAGAT-Net/save_all --cuda --gpu 0
2025-05-05 16:41:34,391 INFO: Trained: /home/olarinoyem/miniconda3/envs/tf/bin/python /home/olarinoyem/Project/MSAGAT-Net/src/train.py --dataset nhs_timeseries --sim_mat nhs-adj --window 20 --horizon 3 --ablation none --save_dir /home/olarinoyem/Project/MSAGAT-Net/save_all --cuda --gpu 0
2025-05-05 16:45:27,285 INFO: Trained: /home/olarinoyem/miniconda3/envs/tf/bin/python /home/olarinoyem/Project/MSAGAT-Net/src/train.py --dataset nhs_timeseries --sim_mat nhs-adj --window 20 --horizon 3 --ablation no_agam --save_dir /home/olarinoyem/Project/MSAGAT-Net/save_all --cuda --gpu 0
2025-05-05 16:46:22,019 INFO: Trained: /home/olarinoyem/miniconda3/envs/tf/bin/python /home/olarinoyem/Project/MSAGAT-Net/src/train.py --dataset nhs_timeseries --sim_mat nhs-adj --window 20 --horizon 3 --ablation no_mtfm --save_dir /home/olarinoyem/Project/MSAGAT-Net/save_all --cuda --gpu 0
2025-05-05 16:53:15,321 INFO: Trained: /home/olarinoyem/miniconda3/envs/tf/bin/python /home/olarinoyem/Project/MSAGAT-Net/src/train.py --dataset nhs_timeseries --sim_mat nhs-adj --window 20 --horizon 3 --ablation no_pprm --save_dir /home/olarinoyem/Project/MSAGAT-Net/save_all --cuda --gpu 0
2025-05-05 16:58:07,165 INFO: Trained: /home/olarinoyem/miniconda3/envs/tf/bin/python /home/olarinoyem/Project/MSAGAT-Net/src/train.py --dataset nhs_timeseries --sim_mat nhs-adj --window 20 --horizon 7 --ablation none --save_dir /home/olarinoyem/Project/MSAGAT-Net/save_all --cuda --gpu 0
2025-05-05 17:02:15,061 INFO: Trained: /home/olarinoyem/miniconda3/envs/tf/bin/python /home/olarinoyem/Project/MSAGAT-Net/src/train.py --dataset nhs_timeseries --sim_mat nhs-adj --window 20 --horizon 7 --ablation no_agam --save_dir /home/olarinoyem/Project/MSAGAT-Net/save_all --cuda --gpu 0
2025-05-05 17:02:49,951 INFO: Trained: /home/olarinoyem/miniconda3/envs/tf/bin/python /home/olarinoyem/Project/MSAGAT-Net/src/train.py --dataset nhs_timeseries --sim_mat nhs-adj --window 20 --horizon 7 --ablation no_mtfm --save_dir /home/olarinoyem/Project/MSAGAT-Net/save_all --cuda --gpu 0
2025-05-05 17:09:00,788 INFO: Trained: /home/olarinoyem/miniconda3/envs/tf/bin/python /home/olarinoyem/Project/MSAGAT-Net/src/train.py --dataset nhs_timeseries --sim_mat nhs-adj --window 20 --horizon 7 --ablation no_pprm --save_dir /home/olarinoyem/Project/MSAGAT-Net/save_all --cuda --gpu 0
2025-05-05 17:13:31,590 INFO: Trained: /home/olarinoyem/miniconda3/envs/tf/bin/python /home/olarinoyem/Project/MSAGAT-Net/src/train.py --dataset nhs_timeseries --sim_mat nhs-adj --window 20 --horizon 14 --ablation none --save_dir /home/olarinoyem/Project/MSAGAT-Net/save_all --cuda --gpu 0
2025-05-05 17:19:44,082 INFO: Trained: /home/olarinoyem/miniconda3/envs/tf/bin/python /home/olarinoyem/Project/MSAGAT-Net/src/train.py --dataset nhs_timeseries --sim_mat nhs-adj --window 20 --horizon 14 --ablation no_agam --save_dir /home/olarinoyem/Project/MSAGAT-Net/save_all --cuda --gpu 0
2025-05-05 17:20:33,801 INFO: Trained: /home/olarinoyem/miniconda3/envs/tf/bin/python /home/olarinoyem/Project/MSAGAT-Net/src/train.py --dataset nhs_timeseries --sim_mat nhs-adj --window 20 --horizon 14 --ablation no_mtfm --save_dir /home/olarinoyem/Project/MSAGAT-Net/save_all --cuda --gpu 0
2025-05-05 17:27:04,914 INFO: Trained: /home/olarinoyem/miniconda3/envs/tf/bin/python /home/olarinoyem/Project/MSAGAT-Net/src/train.py --dataset nhs_timeseries --sim_mat nhs-adj --window 20 --horizon 14 --ablation no_pprm --save_dir /home/olarinoyem/Project/MSAGAT-Net/save_all --cuda --gpu 0
2025-05-05 17:35:09,050 INFO: Trained: /home/olarinoyem/miniconda3/envs/tf/bin/python /home/olarinoyem/Project/MSAGAT-Net/src/train.py --dataset ltla_timeseries --sim_mat ltla-adj --window 20 --horizon 3 --ablation none --save_dir /home/olarinoyem/Project/MSAGAT-Net/save_all --cuda --gpu 0
2025-05-05 17:41:31,959 INFO: Trained: /home/olarinoyem/miniconda3/envs/tf/bin/python /home/olarinoyem/Project/MSAGAT-Net/src/train.py --dataset ltla_timeseries --sim_mat ltla-adj --window 20 --horizon 3 --ablation no_agam --save_dir /home/olarinoyem/Project/MSAGAT-Net/save_all --cuda --gpu 0
2025-05-05 17:44:26,712 INFO: Trained: /home/olarinoyem/miniconda3/envs/tf/bin/python /home/olarinoyem/Project/MSAGAT-Net/src/train.py --dataset ltla_timeseries --sim_mat ltla-adj --window 20 --horizon 3 --ablation no_mtfm --save_dir /home/olarinoyem/Project/MSAGAT-Net/save_all --cuda --gpu 0
2025-05-05 17:51:13,989 INFO: Trained: /home/olarinoyem/miniconda3/envs/tf/bin/python /home/olarinoyem/Project/MSAGAT-Net/src/train.py --dataset ltla_timeseries --sim_mat ltla-adj --window 20 --horizon 3 --ablation no_pprm --save_dir /home/olarinoyem/Project/MSAGAT-Net/save_all --cuda --gpu 0
2025-05-05 17:59:52,618 INFO: Trained: /home/olarinoyem/miniconda3/envs/tf/bin/python /home/olarinoyem/Project/MSAGAT-Net/src/train.py --dataset ltla_timeseries --sim_mat ltla-adj --window 20 --horizon 7 --ablation none --save_dir /home/olarinoyem/Project/MSAGAT-Net/save_all --cuda --gpu 0
2025-05-05 18:04:35,892 INFO: Trained: /home/olarinoyem/miniconda3/envs/tf/bin/python /home/olarinoyem/Project/MSAGAT-Net/src/train.py --dataset ltla_timeseries --sim_mat ltla-adj --window 20 --horizon 7 --ablation no_agam --save_dir /home/olarinoyem/Project/MSAGAT-Net/save_all --cuda --gpu 0
2025-05-05 18:06:48,596 INFO: Trained: /home/olarinoyem/miniconda3/envs/tf/bin/python /home/olarinoyem/Project/MSAGAT-Net/src/train.py --dataset ltla_timeseries --sim_mat ltla-adj --window 20 --horizon 7 --ablation no_mtfm --save_dir /home/olarinoyem/Project/MSAGAT-Net/save_all --cuda --gpu 0
2025-05-05 18:14:53,253 INFO: Trained: /home/olarinoyem/miniconda3/envs/tf/bin/python /home/olarinoyem/Project/MSAGAT-Net/src/train.py --dataset ltla_timeseries --sim_mat ltla-adj --window 20 --horizon 7 --ablation no_pprm --save_dir /home/olarinoyem/Project/MSAGAT-Net/save_all --cuda --gpu 0
2025-05-05 18:21:40,739 INFO: Trained: /home/olarinoyem/miniconda3/envs/tf/bin/python /home/olarinoyem/Project/MSAGAT-Net/src/train.py --dataset ltla_timeseries --sim_mat ltla-adj --window 20 --horizon 14 --ablation none --save_dir /home/olarinoyem/Project/MSAGAT-Net/save_all --cuda --gpu 0
2025-05-05 18:26:28,771 INFO: Trained: /home/olarinoyem/miniconda3/envs/tf/bin/python /home/olarinoyem/Project/MSAGAT-Net/src/train.py --dataset ltla_timeseries --sim_mat ltla-adj --window 20 --horizon 14 --ablation no_agam --save_dir /home/olarinoyem/Project/MSAGAT-Net/save_all --cuda --gpu 0
2025-05-05 18:28:44,749 INFO: Trained: /home/olarinoyem/miniconda3/envs/tf/bin/python /home/olarinoyem/Project/MSAGAT-Net/src/train.py --dataset ltla_timeseries --sim_mat ltla-adj --window 20 --horizon 14 --ablation no_mtfm --save_dir /home/olarinoyem/Project/MSAGAT-Net/save_all --cuda --gpu 0
2025-05-05 18:33:34,638 INFO: Trained: /home/olarinoyem/miniconda3/envs/tf/bin/python /home/olarinoyem/Project/MSAGAT-Net/src/train.py --dataset ltla_timeseries --sim_mat ltla-adj --window 20 --horizon 14 --ablation no_pprm --save_dir /home/olarinoyem/Project/MSAGAT-Net/save_all --cuda --gpu 0
2025-05-05 18:33:34,743 INFO: Saved summary CSV: /home/olarinoyem/Project/MSAGAT-Net/report/results/ablation_summary_japan.w-20.h-3.csv
2025-05-05 18:33:34,753 INFO: Saved report TXT: /home/olarinoyem/Project/MSAGAT-Net/report/results/ablation_report_japan.w-20.h-3.txt
2025-05-05 18:33:34,766 INFO: Saved summary CSV: /home/olarinoyem/Project/MSAGAT-Net/report/results/ablation_summary_japan.w-20.h-5.csv
2025-05-05 18:33:34,769 INFO: Saved report TXT: /home/olarinoyem/Project/MSAGAT-Net/report/results/ablation_report_japan.w-20.h-5.txt
2025-05-05 18:33:34,778 INFO: Saved summary CSV: /home/olarinoyem/Project/MSAGAT-Net/report/results/ablation_summary_japan.w-20.h-10.csv
2025-05-05 18:33:34,781 INFO: Saved report TXT: /home/olarinoyem/Project/MSAGAT-Net/report/results/ablation_report_japan.w-20.h-10.txt
2025-05-05 18:33:34,789 INFO: Saved summary CSV: /home/olarinoyem/Project/MSAGAT-Net/report/results/ablation_summary_japan.w-20.h-15.csv
2025-05-05 18:33:34,791 INFO: Saved report TXT: /home/olarinoyem/Project/MSAGAT-Net/report/results/ablation_report_japan.w-20.h-15.txt
2025-05-05 18:33:34,800 INFO: Saved summary CSV: /home/olarinoyem/Project/MSAGAT-Net/report/results/ablation_summary_region785.w-20.h-3.csv
2025-05-05 18:33:34,802 INFO: Saved report TXT: /home/olarinoyem/Project/MSAGAT-Net/report/results/ablation_report_region785.w-20.h-3.txt
2025-05-05 18:33:34,811 INFO: Saved summary CSV: /home/olarinoyem/Project/MSAGAT-Net/report/results/ablation_summary_region785.w-20.h-5.csv
2025-05-05 18:33:34,813 INFO: Saved report TXT: /home/olarinoyem/Project/MSAGAT-Net/report/results/ablation_report_region785.w-20.h-5.txt
2025-05-05 18:33:34,824 INFO: Saved summary CSV: /home/olarinoyem/Project/MSAGAT-Net/report/results/ablation_summary_region785.w-20.h-10.csv
2025-05-05 18:33:34,827 INFO: Saved report TXT: /home/olarinoyem/Project/MSAGAT-Net/report/results/ablation_report_region785.w-20.h-10.txt
2025-05-05 18:33:34,835 INFO: Saved summary CSV: /home/olarinoyem/Project/MSAGAT-Net/report/results/ablation_summary_region785.w-20.h-15.csv
2025-05-05 18:33:34,837 INFO: Saved report TXT: /home/olarinoyem/Project/MSAGAT-Net/report/results/ablation_report_region785.w-20.h-15.txt
2025-05-05 18:33:34,846 INFO: Saved summary CSV: /home/olarinoyem/Project/MSAGAT-Net/report/results/ablation_summary_state360.w-20.h-3.csv
2025-05-05 18:33:34,848 INFO: Saved report TXT: /home/olarinoyem/Project/MSAGAT-Net/report/results/ablation_report_state360.w-20.h-3.txt
2025-05-05 18:33:34,857 INFO: Saved summary CSV: /home/olarinoyem/Project/MSAGAT-Net/report/results/ablation_summary_state360.w-20.h-5.csv
2025-05-05 18:33:34,859 INFO: Saved report TXT: /home/olarinoyem/Project/MSAGAT-Net/report/results/ablation_report_state360.w-20.h-5.txt
2025-05-05 18:33:34,868 INFO: Saved summary CSV: /home/olarinoyem/Project/MSAGAT-Net/report/results/ablation_summary_state360.w-20.h-10.csv
2025-05-05 18:33:34,870 INFO: Saved report TXT: /home/olarinoyem/Project/MSAGAT-Net/report/results/ablation_report_state360.w-20.h-10.txt
2025-05-05 18:33:34,879 INFO: Saved summary CSV: /home/olarinoyem/Project/MSAGAT-Net/report/results/ablation_summary_state360.w-20.h-15.csv
2025-05-05 18:33:34,881 INFO: Saved report TXT: /home/olarinoyem/Project/MSAGAT-Net/report/results/ablation_report_state360.w-20.h-15.txt
2025-05-05 18:33:34,889 INFO: Saved summary CSV: /home/olarinoyem/Project/MSAGAT-Net/report/results/ablation_summary_australia-covid.w-20.h-3.csv
2025-05-05 18:33:34,892 INFO: Saved report TXT: /home/olarinoyem/Project/MSAGAT-Net/report/results/ablation_report_australia-covid.w-20.h-3.txt
2025-05-05 18:33:34,900 INFO: Saved summary CSV: /home/olarinoyem/Project/MSAGAT-Net/report/results/ablation_summary_australia-covid.w-20.h-7.csv
2025-05-05 18:33:34,902 INFO: Saved report TXT: /home/olarinoyem/Project/MSAGAT-Net/report/results/ablation_report_australia-covid.w-20.h-7.txt
2025-05-05 18:33:34,911 INFO: Saved summary CSV: /home/olarinoyem/Project/MSAGAT-Net/report/results/ablation_summary_australia-covid.w-20.h-14.csv
2025-05-05 18:33:34,913 INFO: Saved report TXT: /home/olarinoyem/Project/MSAGAT-Net/report/results/ablation_report_australia-covid.w-20.h-14.txt
2025-05-05 18:33:34,921 INFO: Saved summary CSV: /home/olarinoyem/Project/MSAGAT-Net/report/results/ablation_summary_spain-covid.w-20.h-3.csv
2025-05-05 18:33:34,924 INFO: Saved report TXT: /home/olarinoyem/Project/MSAGAT-Net/report/results/ablation_report_spain-covid.w-20.h-3.txt
2025-05-05 18:33:34,932 INFO: Saved summary CSV: /home/olarinoyem/Project/MSAGAT-Net/report/results/ablation_summary_spain-covid.w-20.h-7.csv
2025-05-05 18:33:34,934 INFO: Saved report TXT: /home/olarinoyem/Project/MSAGAT-Net/report/results/ablation_report_spain-covid.w-20.h-7.txt
2025-05-05 18:33:34,943 INFO: Saved summary CSV: /home/olarinoyem/Project/MSAGAT-Net/report/results/ablation_summary_spain-covid.w-20.h-14.csv
2025-05-05 18:33:34,945 INFO: Saved report TXT: /home/olarinoyem/Project/MSAGAT-Net/report/results/ablation_report_spain-covid.w-20.h-14.txt
2025-05-05 18:33:34,954 INFO: Saved summary CSV: /home/olarinoyem/Project/MSAGAT-Net/report/results/ablation_summary_nhs_timeseries.w-20.h-3.csv
2025-05-05 18:33:34,956 INFO: Saved report TXT: /home/olarinoyem/Project/MSAGAT-Net/report/results/ablation_report_nhs_timeseries.w-20.h-3.txt
2025-05-05 18:33:34,965 INFO: Saved summary CSV: /home/olarinoyem/Project/MSAGAT-Net/report/results/ablation_summary_nhs_timeseries.w-20.h-7.csv
2025-05-05 18:33:34,967 INFO: Saved report TXT: /home/olarinoyem/Project/MSAGAT-Net/report/results/ablation_report_nhs_timeseries.w-20.h-7.txt
2025-05-05 18:33:34,976 INFO: Saved summary CSV: /home/olarinoyem/Project/MSAGAT-Net/report/results/ablation_summary_nhs_timeseries.w-20.h-14.csv
2025-05-05 18:33:34,978 INFO: Saved report TXT: /home/olarinoyem/Project/MSAGAT-Net/report/results/ablation_report_nhs_timeseries.w-20.h-14.txt
2025-05-05 18:33:34,986 INFO: Saved summary CSV: /home/olarinoyem/Project/MSAGAT-Net/report/results/ablation_summary_ltla_timeseries.w-20.h-3.csv
2025-05-05 18:33:34,989 INFO: Saved report TXT: /home/olarinoyem/Project/MSAGAT-Net/report/results/ablation_report_ltla_timeseries.w-20.h-3.txt
2025-05-05 18:33:34,997 INFO: Saved summary CSV: /home/olarinoyem/Project/MSAGAT-Net/report/results/ablation_summary_ltla_timeseries.w-20.h-7.csv
2025-05-05 18:33:34,999 INFO: Saved report TXT: /home/olarinoyem/Project/MSAGAT-Net/report/results/ablation_report_ltla_timeseries.w-20.h-7.txt
2025-05-05 18:33:35,008 INFO: Saved summary CSV: /home/olarinoyem/Project/MSAGAT-Net/report/results/ablation_summary_ltla_timeseries.w-20.h-14.csv
2025-05-05 18:33:35,010 INFO: Saved report TXT: /home/olarinoyem/Project/MSAGAT-Net/report/results/ablation_report_ltla_timeseries.w-20.h-14.txt
2025-05-05 18:33:35,010 INFO: All experiments complete.
